-- The C compiler identification is GNU 9.4.0
-- The CXX compiler identification is GNU 9.4.0
-- Check for working C compiler: /usr/bin/cc
-- Check for working C compiler: /usr/bin/cc -- works
-- Detecting C compiler ABI info
-- Detecting C compiler ABI info - done
-- Detecting C compile features
-- Detecting C compile features - done
-- Check for working CXX compiler: /usr/bin/c++
-- Check for working CXX compiler: /usr/bin/c++ -- works
-- Detecting CXX compiler ABI info
-- Detecting CXX compiler ABI info - done
-- Detecting CXX compile features
-- Detecting CXX compile features - done
-- Found ament_cmake: 1.1.6 (/opt/ros/galactic/share/ament_cmake/cmake)
-- Found PythonInterp: /usr/bin/python3 (found suitable version "3.8.10", minimum required is "3") 
-- Using PYTHON_EXECUTABLE: /usr/bin/python3
-- Override CMake install command with custom implementation using symlinks instead of copying resources
-- Found ament_lint_auto: 0.10.7 (/opt/ros/galactic/share/ament_lint_auto/cmake)
-- Found rosidl_default_generators: 1.1.1 (/opt/ros/galactic/share/rosidl_default_generators/cmake)
-- Using all available rosidl_typesupport_c: rosidl_typesupport_fastrtps_c;rosidl_typesupport_introspection_c
-- Found rosidl_adapter: 2.2.3 (/opt/ros/galactic/share/rosidl_adapter/cmake)
-- Found OpenSSL: /usr/lib/x86_64-linux-gnu/libcrypto.so (found version "1.1.1f")  
-- Found FastRTPS: /opt/ros/galactic/include  
-- Using all available rosidl_typesupport_cpp: rosidl_typesupport_fastrtps_cpp;rosidl_typesupport_introspection_cpp
-- Found PythonInterp: /usr/bin/python3 (found version "3.8.10") 
-- Found ament_cmake_ros: 0.9.2 (/opt/ros/galactic/share/ament_cmake_ros/cmake)
-- Using all available rosidl_typesupport_c: rosidl_typesupport_fastrtps_c;rosidl_typesupport_introspection_c
-- Using all available rosidl_typesupport_cpp: rosidl_typesupport_fastrtps_cpp;rosidl_typesupport_introspection_cpp
-- Found PythonInterp: /usr/bin/python3 (found suitable version "3.8.10", minimum required is "3.5") 
-- Found python_cmake_module: 0.8.1 (/opt/ros/galactic/share/python_cmake_module/cmake)
-- Found PythonLibs: /usr/lib/x86_64-linux-gnu/libpython3.8.so (found suitable version "3.8.10", minimum required is "3.5") 
-- Using PYTHON_EXECUTABLE: /usr/bin/python3
-- Using PYTHON_INCLUDE_DIRS: /usr/include/python3.8
-- Using PYTHON_LIBRARIES: /usr/lib/x86_64-linux-gnu/libpython3.8.so
-- Found PythonExtra: .so  
-- Added test 'copyright' to check source files copyright and LICENSE
-- Added test 'lint_cmake' to check CMake code style
-- Added test 'xmllint' to check XML markup files
-- Configuring done
-- Generating done
-- Build files have been written to: /home/will/Crazyflie_WeBots_SLAM/build/crazyflie_ros2_interfaces
[  3%] [34m[1mGenerating C code for ROS interfaces[0m
[35m[1mScanning dependencies of target crazyflie_ros2_interfaces__cpp[0m
[  6%] [34m[1mGenerating C++ code for ROS interfaces[0m
[  6%] Built target crazyflie_ros2_interfaces__cpp
[ 16%] [34m[1mGenerating C++ type support dispatch for ROS interfaces[0m
[ 16%] [34m[1mGenerating C++ type support for eProsima Fast-RTPS[0m
[ 16%] [34m[1mGenerating C++ introspection for ROS interfaces[0m
[35m[1mScanning dependencies of target crazyflie_ros2_interfaces__rosidl_generator_c[0m
[ 19%] [32mBuilding C object CMakeFiles/crazyflie_ros2_interfaces__rosidl_generator_c.dir/rosidl_generator_c/crazyflie_ros2_interfaces/action/detail/multi_ranger_scan__functions.c.o[0m
[ 22%] [32m[1mLinking C shared library libcrazyflie_ros2_interfaces__rosidl_generator_c.so[0m
[ 22%] Built target crazyflie_ros2_interfaces__rosidl_generator_c
[ 29%] [34m[1mGenerating C type support dispatch for ROS interfaces[0m
[ 29%] [34m[1mGenerating C introspection for ROS interfaces[0m
[35m[1mScanning dependencies of target crazyflie_ros2_interfaces__rosidl_typesupport_cpp[0m
[ 32%] [32mBuilding CXX object CMakeFiles/crazyflie_ros2_interfaces__rosidl_typesupport_cpp.dir/rosidl_typesupport_cpp/crazyflie_ros2_interfaces/action/multi_ranger_scan__type_support.cpp.o[0m
[35m[1mScanning dependencies of target crazyflie_ros2_interfaces__rosidl_typesupport_introspection_cpp[0m
[ 35%] [32mBuilding CXX object CMakeFiles/crazyflie_ros2_interfaces__rosidl_typesupport_introspection_cpp.dir/rosidl_typesupport_introspection_cpp/crazyflie_ros2_interfaces/action/detail/multi_ranger_scan__type_support.cpp.o[0m
[35m[1mScanning dependencies of target crazyflie_ros2_interfaces__rosidl_typesupport_fastrtps_cpp[0m
[ 38%] [32mBuilding CXX object CMakeFiles/crazyflie_ros2_interfaces__rosidl_typesupport_fastrtps_cpp.dir/rosidl_typesupport_fastrtps_cpp/crazyflie_ros2_interfaces/action/detail/dds_fastrtps/multi_ranger_scan__type_support.cpp.o[0m
[35m[1mScanning dependencies of target crazyflie_ros2_interfaces__rosidl_typesupport_c[0m
[ 41%] [32mBuilding CXX object CMakeFiles/crazyflie_ros2_interfaces__rosidl_typesupport_c.dir/rosidl_typesupport_c/crazyflie_ros2_interfaces/action/multi_ranger_scan__type_support.cpp.o[0m
[ 45%] [32m[1mLinking CXX shared library libcrazyflie_ros2_interfaces__rosidl_typesupport_c.so[0m
[35m[1mScanning dependencies of target crazyflie_ros2_interfaces__rosidl_typesupport_introspection_c[0m
[ 48%] [32mBuilding C object CMakeFiles/crazyflie_ros2_interfaces__rosidl_typesupport_introspection_c.dir/rosidl_typesupport_introspection_c/crazyflie_ros2_interfaces/action/detail/multi_ranger_scan__type_support.c.o[0m
[ 48%] Built target crazyflie_ros2_interfaces__rosidl_typesupport_c
[ 51%] [32m[1mLinking C shared library libcrazyflie_ros2_interfaces__rosidl_typesupport_introspection_c.so[0m
[ 51%] Built target crazyflie_ros2_interfaces__rosidl_typesupport_introspection_c
[ 54%] [32m[1mLinking CXX shared library libcrazyflie_ros2_interfaces__rosidl_typesupport_cpp.so[0m
[ 54%] Built target crazyflie_ros2_interfaces__rosidl_typesupport_cpp
[ 58%] [32m[1mLinking CXX shared library libcrazyflie_ros2_interfaces__rosidl_typesupport_introspection_cpp.so[0m
[ 58%] Built target crazyflie_ros2_interfaces__rosidl_typesupport_introspection_cpp
[ 61%] [32m[1mLinking CXX shared library libcrazyflie_ros2_interfaces__rosidl_typesupport_fastrtps_cpp.so[0m
[ 61%] Built target crazyflie_ros2_interfaces__rosidl_typesupport_fastrtps_cpp
[ 64%] [34m[1mGenerating C type support for eProsima Fast-RTPS[0m
[35m[1mScanning dependencies of target crazyflie_ros2_interfaces__rosidl_typesupport_fastrtps_c[0m
[ 67%] [32mBuilding CXX object CMakeFiles/crazyflie_ros2_interfaces__rosidl_typesupport_fastrtps_c.dir/rosidl_typesupport_fastrtps_c/crazyflie_ros2_interfaces/action/detail/multi_ranger_scan__type_support_c.cpp.o[0m
[ 70%] [32m[1mLinking CXX shared library libcrazyflie_ros2_interfaces__rosidl_typesupport_fastrtps_c.so[0m
[ 70%] Built target crazyflie_ros2_interfaces__rosidl_typesupport_fastrtps_c
[35m[1mScanning dependencies of target crazyflie_ros2_interfaces[0m
[ 70%] Built target crazyflie_ros2_interfaces
[35m[1mScanning dependencies of target crazyflie_ros2_interfaces__py[0m
[ 74%] [34m[1mGenerating Python code for ROS interfaces[0m
[ 74%] Built target crazyflie_ros2_interfaces__py
[35m[1mScanning dependencies of target crazyflie_ros2_interfaces__python[0m
[ 77%] [32mBuilding C object CMakeFiles/crazyflie_ros2_interfaces__python.dir/rosidl_generator_py/crazyflie_ros2_interfaces/action/_multi_ranger_scan_s.c.o[0m
[ 80%] [32m[1mLinking C shared library rosidl_generator_py/crazyflie_ros2_interfaces/libcrazyflie_ros2_interfaces__python.so[0m
[ 80%] Built target crazyflie_ros2_interfaces__python
[35m[1mScanning dependencies of target crazyflie_ros2_interfaces__rosidl_typesupport_c__pyext[0m
[35m[1mScanning dependencies of target crazyflie_ros2_interfaces__rosidl_typesupport_introspection_c__pyext[0m
[35m[1mScanning dependencies of target crazyflie_ros2_interfaces__rosidl_typesupport_fastrtps_c__pyext[0m
[ 83%] [32mBuilding C object CMakeFiles/crazyflie_ros2_interfaces__rosidl_typesupport_c__pyext.dir/rosidl_generator_py/crazyflie_ros2_interfaces/_crazyflie_ros2_interfaces_s.ep.rosidl_typesupport_c.c.o[0m
[ 87%] [32mBuilding C object CMakeFiles/crazyflie_ros2_interfaces__rosidl_typesupport_introspection_c__pyext.dir/rosidl_generator_py/crazyflie_ros2_interfaces/_crazyflie_ros2_interfaces_s.ep.rosidl_typesupport_introspection_c.c.o[0m
[ 90%] [32mBuilding C object CMakeFiles/crazyflie_ros2_interfaces__rosidl_typesupport_fastrtps_c__pyext.dir/rosidl_generator_py/crazyflie_ros2_interfaces/_crazyflie_ros2_interfaces_s.ep.rosidl_typesupport_fastrtps_c.c.o[0m
[ 96%] [32m[1mLinking C shared library rosidl_generator_py/crazyflie_ros2_interfaces/crazyflie_ros2_interfaces_s__rosidl_typesupport_introspection_c.cpython-38-x86_64-linux-gnu.so[0m
[ 96%] [32m[1mLinking C shared library rosidl_generator_py/crazyflie_ros2_interfaces/crazyflie_ros2_interfaces_s__rosidl_typesupport_c.cpython-38-x86_64-linux-gnu.so[0m
[100%] [32m[1mLinking CXX shared library rosidl_generator_py/crazyflie_ros2_interfaces/crazyflie_ros2_interfaces_s__rosidl_typesupport_fastrtps_c.cpython-38-x86_64-linux-gnu.so[0m
[100%] Built target crazyflie_ros2_interfaces__rosidl_typesupport_c__pyext
[100%] Built target crazyflie_ros2_interfaces__rosidl_typesupport_introspection_c__pyext
[100%] Built target crazyflie_ros2_interfaces__rosidl_typesupport_fastrtps_c__pyext
-- Install configuration: ""
-- Execute custom install script
-- Symlinking: /home/will/Crazyflie_WeBots_SLAM/install/crazyflie_ros2_interfaces/share/ament_index/resource_index/rosidl_interfaces/crazyflie_ros2_interfaces
-- Symlinking: /home/will/Crazyflie_WeBots_SLAM/install/crazyflie_ros2_interfaces/include/crazyflie_ros2_interfaces/action/detail/multi_ranger_scan__functions.h
-- Symlinking: /home/will/Crazyflie_WeBots_SLAM/install/crazyflie_ros2_interfaces/include/crazyflie_ros2_interfaces/action/detail/multi_ranger_scan__struct.h
-- Symlinking: /home/will/Crazyflie_WeBots_SLAM/install/crazyflie_ros2_interfaces/include/crazyflie_ros2_interfaces/action/detail/multi_ranger_scan__type_support.h
-- Symlinking: /home/will/Crazyflie_WeBots_SLAM/install/crazyflie_ros2_interfaces/include/crazyflie_ros2_interfaces/action/multi_ranger_scan.h
-- Symlinking: /home/will/Crazyflie_WeBots_SLAM/install/crazyflie_ros2_interfaces/include/crazyflie_ros2_interfaces/msg/rosidl_generator_c__visibility_control.h
-- Symlinking: /home/will/Crazyflie_WeBots_SLAM/install/crazyflie_ros2_interfaces/share/crazyflie_ros2_interfaces/environment/library_path.sh
-- Symlinking: /home/will/Crazyflie_WeBots_SLAM/install/crazyflie_ros2_interfaces/share/crazyflie_ros2_interfaces/environment/library_path.dsv
-- Symlinking: /home/will/Crazyflie_WeBots_SLAM/install/crazyflie_ros2_interfaces/include/crazyflie_ros2_interfaces/action/detail/multi_ranger_scan__rosidl_typesupport_fastrtps_c.h
-- Symlinking: /home/will/Crazyflie_WeBots_SLAM/install/crazyflie_ros2_interfaces/include/crazyflie_ros2_interfaces/msg/rosidl_typesupport_fastrtps_c__visibility_control.h
-- Symlinking: /home/will/Crazyflie_WeBots_SLAM/install/crazyflie_ros2_interfaces/lib/libcrazyflie_ros2_interfaces__rosidl_typesupport_fastrtps_c.so
-- Symlinking: /home/will/Crazyflie_WeBots_SLAM/install/crazyflie_ros2_interfaces/include/crazyflie_ros2_interfaces/action/detail/multi_ranger_scan__rosidl_typesupport_fastrtps_cpp.hpp
-- Symlinking: /home/will/Crazyflie_WeBots_SLAM/install/crazyflie_ros2_interfaces/include/crazyflie_ros2_interfaces/msg/rosidl_typesupport_fastrtps_cpp__visibility_control.h
-- Symlinking: /home/will/Crazyflie_WeBots_SLAM/install/crazyflie_ros2_interfaces/lib/libcrazyflie_ros2_interfaces__rosidl_typesupport_fastrtps_cpp.so
-- Symlinking: /home/will/Crazyflie_WeBots_SLAM/install/crazyflie_ros2_interfaces/include/crazyflie_ros2_interfaces/action/detail/multi_ranger_scan__rosidl_typesupport_introspection_c.h
-- Symlinking: /home/will/Crazyflie_WeBots_SLAM/install/crazyflie_ros2_interfaces/include/crazyflie_ros2_interfaces/msg/rosidl_typesupport_introspection_c__visibility_control.h
-- Symlinking: /home/will/Crazyflie_WeBots_SLAM/install/crazyflie_ros2_interfaces/include/crazyflie_ros2_interfaces/action/detail/multi_ranger_scan__builder.hpp
-- Symlinking: /home/will/Crazyflie_WeBots_SLAM/install/crazyflie_ros2_interfaces/include/crazyflie_ros2_interfaces/action/detail/multi_ranger_scan__struct.hpp
-- Symlinking: /home/will/Crazyflie_WeBots_SLAM/install/crazyflie_ros2_interfaces/include/crazyflie_ros2_interfaces/action/detail/multi_ranger_scan__traits.hpp
-- Symlinking: /home/will/Crazyflie_WeBots_SLAM/install/crazyflie_ros2_interfaces/include/crazyflie_ros2_interfaces/action/multi_ranger_scan.hpp
-- Symlinking: /home/will/Crazyflie_WeBots_SLAM/install/crazyflie_ros2_interfaces/include/crazyflie_ros2_interfaces/action/detail/multi_ranger_scan__rosidl_typesupport_introspection_cpp.hpp
-- Symlinking: /home/will/Crazyflie_WeBots_SLAM/install/crazyflie_ros2_interfaces/share/crazyflie_ros2_interfaces/environment/pythonpath.sh
-- Symlinking: /home/will/Crazyflie_WeBots_SLAM/install/crazyflie_ros2_interfaces/share/crazyflie_ros2_interfaces/environment/pythonpath.dsv
-- Symlinking: /home/will/Crazyflie_WeBots_SLAM/install/crazyflie_ros2_interfaces/lib/python3.8/site-packages/crazyflie_ros2_interfaces/__init__.py
-- Symlinking: /home/will/Crazyflie_WeBots_SLAM/install/crazyflie_ros2_interfaces/lib/python3.8/site-packages/crazyflie_ros2_interfaces/action/__init__.py
-- Symlinking: /home/will/Crazyflie_WeBots_SLAM/install/crazyflie_ros2_interfaces/lib/python3.8/site-packages/crazyflie_ros2_interfaces/action/_multi_ranger_scan.py
-- Symlinking: /home/will/Crazyflie_WeBots_SLAM/install/crazyflie_ros2_interfaces/lib/python3.8/site-packages/crazyflie_ros2_interfaces/crazyflie_ros2_interfaces_s__rosidl_typesupport_fastrtps_c.cpython-38-x86_64-linux-gnu.so
-- Symlinking: /home/will/Crazyflie_WeBots_SLAM/install/crazyflie_ros2_interfaces/lib/python3.8/site-packages/crazyflie_ros2_interfaces/crazyflie_ros2_interfaces_s__rosidl_typesupport_introspection_c.cpython-38-x86_64-linux-gnu.so
-- Symlinking: /home/will/Crazyflie_WeBots_SLAM/install/crazyflie_ros2_interfaces/lib/python3.8/site-packages/crazyflie_ros2_interfaces/crazyflie_ros2_interfaces_s__rosidl_typesupport_c.cpython-38-x86_64-linux-gnu.so
-- Symlinking: /home/will/Crazyflie_WeBots_SLAM/install/crazyflie_ros2_interfaces/lib/libcrazyflie_ros2_interfaces__python.so
-- Symlinking: /home/will/Crazyflie_WeBots_SLAM/install/crazyflie_ros2_interfaces/share/crazyflie_ros2_interfaces/action/MultiRangerScan.idl
-- Symlinking: /home/will/Crazyflie_WeBots_SLAM/install/crazyflie_ros2_interfaces/share/crazyflie_ros2_interfaces/action/MultiRangerScan.action
-- Symlinking: /home/will/Crazyflie_WeBots_SLAM/install/crazyflie_ros2_interfaces/share/ament_index/resource_index/package_run_dependencies/crazyflie_ros2_interfaces
-- Symlinking: /home/will/Crazyflie_WeBots_SLAM/install/crazyflie_ros2_interfaces/share/ament_index/resource_index/parent_prefix_path/crazyflie_ros2_interfaces
-- Symlinking: /home/will/Crazyflie_WeBots_SLAM/install/crazyflie_ros2_interfaces/share/crazyflie_ros2_interfaces/environment/ament_prefix_path.sh
-- Symlinking: /home/will/Crazyflie_WeBots_SLAM/install/crazyflie_ros2_interfaces/share/crazyflie_ros2_interfaces/environment/ament_prefix_path.dsv
-- Symlinking: /home/will/Crazyflie_WeBots_SLAM/install/crazyflie_ros2_interfaces/share/crazyflie_ros2_interfaces/environment/path.sh
-- Symlinking: /home/will/Crazyflie_WeBots_SLAM/install/crazyflie_ros2_interfaces/share/crazyflie_ros2_interfaces/environment/path.dsv
-- Symlinking: /home/will/Crazyflie_WeBots_SLAM/install/crazyflie_ros2_interfaces/share/crazyflie_ros2_interfaces/local_setup.bash
-- Symlinking: /home/will/Crazyflie_WeBots_SLAM/install/crazyflie_ros2_interfaces/share/crazyflie_ros2_interfaces/local_setup.sh
-- Symlinking: /home/will/Crazyflie_WeBots_SLAM/install/crazyflie_ros2_interfaces/share/crazyflie_ros2_interfaces/local_setup.zsh
-- Symlinking: /home/will/Crazyflie_WeBots_SLAM/install/crazyflie_ros2_interfaces/share/crazyflie_ros2_interfaces/local_setup.dsv
-- Symlinking: /home/will/Crazyflie_WeBots_SLAM/install/crazyflie_ros2_interfaces/share/crazyflie_ros2_interfaces/package.dsv
-- Symlinking: /home/will/Crazyflie_WeBots_SLAM/install/crazyflie_ros2_interfaces/share/ament_index/resource_index/packages/crazyflie_ros2_interfaces
-- Symlinking: /home/will/Crazyflie_WeBots_SLAM/install/crazyflie_ros2_interfaces/share/crazyflie_ros2_interfaces/cmake/rosidl_cmake-extras.cmake
-- Symlinking: /home/will/Crazyflie_WeBots_SLAM/install/crazyflie_ros2_interfaces/share/crazyflie_ros2_interfaces/cmake/ament_cmake_export_dependencies-extras.cmake
-- Symlinking: /home/will/Crazyflie_WeBots_SLAM/install/crazyflie_ros2_interfaces/share/crazyflie_ros2_interfaces/cmake/ament_cmake_export_libraries-extras.cmake
-- Symlinking: /home/will/Crazyflie_WeBots_SLAM/install/crazyflie_ros2_interfaces/share/crazyflie_ros2_interfaces/cmake/ament_cmake_export_targets-extras.cmake
-- Symlinking: /home/will/Crazyflie_WeBots_SLAM/install/crazyflie_ros2_interfaces/share/crazyflie_ros2_interfaces/cmake/ament_cmake_export_include_directories-extras.cmake
-- Symlinking: /home/will/Crazyflie_WeBots_SLAM/install/crazyflie_ros2_interfaces/share/crazyflie_ros2_interfaces/cmake/rosidl_cmake_export_typesupport_libraries-extras.cmake
-- Symlinking: /home/will/Crazyflie_WeBots_SLAM/install/crazyflie_ros2_interfaces/share/crazyflie_ros2_interfaces/cmake/rosidl_cmake_export_typesupport_targets-extras.cmake
-- Symlinking: /home/will/Crazyflie_WeBots_SLAM/install/crazyflie_ros2_interfaces/share/crazyflie_ros2_interfaces/cmake/crazyflie_ros2_interfacesConfig.cmake
-- Symlinking: /home/will/Crazyflie_WeBots_SLAM/install/crazyflie_ros2_interfaces/share/crazyflie_ros2_interfaces/cmake/crazyflie_ros2_interfacesConfig-version.cmake
-- Symlinking: /home/will/Crazyflie_WeBots_SLAM/install/crazyflie_ros2_interfaces/share/crazyflie_ros2_interfaces/package.xml
-- Installing: /home/will/Crazyflie_WeBots_SLAM/install/crazyflie_ros2_interfaces/lib/libcrazyflie_ros2_interfaces__rosidl_generator_c.so
-- Set runtime path of "/home/will/Crazyflie_WeBots_SLAM/install/crazyflie_ros2_interfaces/lib/libcrazyflie_ros2_interfaces__rosidl_generator_c.so" to ""
-- Installing: /home/will/Crazyflie_WeBots_SLAM/install/crazyflie_ros2_interfaces/lib/libcrazyflie_ros2_interfaces__rosidl_typesupport_introspection_c.so
-- Set runtime path of "/home/will/Crazyflie_WeBots_SLAM/install/crazyflie_ros2_interfaces/lib/libcrazyflie_ros2_interfaces__rosidl_typesupport_introspection_c.so" to ""
-- Installing: /home/will/Crazyflie_WeBots_SLAM/install/crazyflie_ros2_interfaces/lib/libcrazyflie_ros2_interfaces__rosidl_typesupport_c.so
-- Set runtime path of "/home/will/Crazyflie_WeBots_SLAM/install/crazyflie_ros2_interfaces/lib/libcrazyflie_ros2_interfaces__rosidl_typesupport_c.so" to ""
-- Installing: /home/will/Crazyflie_WeBots_SLAM/install/crazyflie_ros2_interfaces/lib/libcrazyflie_ros2_interfaces__rosidl_typesupport_introspection_cpp.so
-- Set runtime path of "/home/will/Crazyflie_WeBots_SLAM/install/crazyflie_ros2_interfaces/lib/libcrazyflie_ros2_interfaces__rosidl_typesupport_introspection_cpp.so" to ""
-- Installing: /home/will/Crazyflie_WeBots_SLAM/install/crazyflie_ros2_interfaces/lib/libcrazyflie_ros2_interfaces__rosidl_typesupport_cpp.so
-- Set runtime path of "/home/will/Crazyflie_WeBots_SLAM/install/crazyflie_ros2_interfaces/lib/libcrazyflie_ros2_interfaces__rosidl_typesupport_cpp.so" to ""
Compiling '/home/will/Crazyflie_WeBots_SLAM/install/crazyflie_ros2_interfaces/lib/python3.8/site-packages/crazyflie_ros2_interfaces/__init__.py'...
-- Installing: /home/will/Crazyflie_WeBots_SLAM/install/crazyflie_ros2_interfaces/share/crazyflie_ros2_interfaces/cmake/crazyflie_ros2_interfaces__rosidl_generator_cExport.cmake
-- Installing: /home/will/Crazyflie_WeBots_SLAM/install/crazyflie_ros2_interfaces/share/crazyflie_ros2_interfaces/cmake/crazyflie_ros2_interfaces__rosidl_generator_cExport-noconfig.cmake
-- Installing: /home/will/Crazyflie_WeBots_SLAM/install/crazyflie_ros2_interfaces/share/crazyflie_ros2_interfaces/cmake/crazyflie_ros2_interfaces__rosidl_typesupport_introspection_cExport.cmake
-- Installing: /home/will/Crazyflie_WeBots_SLAM/install/crazyflie_ros2_interfaces/share/crazyflie_ros2_interfaces/cmake/crazyflie_ros2_interfaces__rosidl_typesupport_introspection_cExport-noconfig.cmake
-- Installing: /home/will/Crazyflie_WeBots_SLAM/install/crazyflie_ros2_interfaces/share/crazyflie_ros2_interfaces/cmake/crazyflie_ros2_interfaces__rosidl_typesupport_cExport.cmake
-- Installing: /home/will/Crazyflie_WeBots_SLAM/install/crazyflie_ros2_interfaces/share/crazyflie_ros2_interfaces/cmake/crazyflie_ros2_interfaces__rosidl_typesupport_cExport-noconfig.cmake
-- Installing: /home/will/Crazyflie_WeBots_SLAM/install/crazyflie_ros2_interfaces/share/crazyflie_ros2_interfaces/cmake/crazyflie_ros2_interfaces__rosidl_generator_cppExport.cmake
-- Installing: /home/will/Crazyflie_WeBots_SLAM/install/crazyflie_ros2_interfaces/share/crazyflie_ros2_interfaces/cmake/crazyflie_ros2_interfaces__rosidl_typesupport_introspection_cppExport.cmake
-- Installing: /home/will/Crazyflie_WeBots_SLAM/install/crazyflie_ros2_interfaces/share/crazyflie_ros2_interfaces/cmake/crazyflie_ros2_interfaces__rosidl_typesupport_introspection_cppExport-noconfig.cmake
-- Installing: /home/will/Crazyflie_WeBots_SLAM/install/crazyflie_ros2_interfaces/share/crazyflie_ros2_interfaces/cmake/crazyflie_ros2_interfaces__rosidl_typesupport_cppExport.cmake
-- Installing: /home/will/Crazyflie_WeBots_SLAM/install/crazyflie_ros2_interfaces/share/crazyflie_ros2_interfaces/cmake/crazyflie_ros2_interfaces__rosidl_typesupport_cppExport-noconfig.cmake
