[0.208s] Invoking command in '/home/will/Crazyflie_WeBots_SLAM/build/crazyflie_ros2_interfaces': CMAKE_PREFIX_PATH=/opt/ros/galactic /usr/bin/cmake /home/will/Crazyflie_WeBots_SLAM/src/crazyflie_ros2_experimental/crazyflie_ros2_interfaces -DAMENT_CMAKE_SYMLINK_INSTALL=1 -DCMAKE_INSTALL_PREFIX=/home/will/Crazyflie_WeBots_SLAM/install/crazyflie_ros2_interfaces
[0.744s] -- The C compiler identification is GNU 9.4.0
[0.746s] -- The CXX compiler identification is GNU 9.4.0
[0.746s] -- Check for working C compiler: /usr/bin/cc
[0.746s] -- Check for working C compiler: /usr/bin/cc -- works
[0.746s] -- Detecting C compiler ABI info
[0.746s] -- Detecting C compiler ABI info - done
[0.746s] -- Detecting C compile features
[0.747s] -- Detecting C compile features - done
[0.747s] -- Check for working CXX compiler: /usr/bin/c++
[0.747s] -- Check for working CXX compiler: /usr/bin/c++ -- works
[0.747s] -- Detecting CXX compiler ABI info
[0.752s] -- Detecting CXX compiler ABI info - done
[0.756s] -- Detecting CXX compile features
[0.756s] -- Detecting CXX compile features - done
[0.761s] -- Found ament_cmake: 1.1.6 (/opt/ros/galactic/share/ament_cmake/cmake)
[0.779s] -- Found PythonInterp: /usr/bin/python3 (found suitable version "3.8.10", minimum required is "3") 
[0.779s] -- Using PYTHON_EXECUTABLE: /usr/bin/python3
[0.828s] -- Override CMake install command with custom implementation using symlinks instead of copying resources
[0.854s] -- Found ament_lint_auto: 0.10.7 (/opt/ros/galactic/share/ament_lint_auto/cmake)
[0.932s] -- Found rosidl_default_generators: 1.1.1 (/opt/ros/galactic/share/rosidl_default_generators/cmake)
[0.937s] -- Using all available rosidl_typesupport_c: rosidl_typesupport_fastrtps_c;rosidl_typesupport_introspection_c
[0.947s] -- Found rosidl_adapter: 2.2.3 (/opt/ros/galactic/share/rosidl_adapter/cmake)
[1.052s] -- Found OpenSSL: /usr/lib/x86_64-linux-gnu/libcrypto.so (found version "1.1.1f")  
[1.091s] -- Found FastRTPS: /opt/ros/galactic/include  
[1.192s] -- Using all available rosidl_typesupport_cpp: rosidl_typesupport_fastrtps_cpp;rosidl_typesupport_introspection_cpp
[1.244s] -- Found PythonInterp: /usr/bin/python3 (found version "3.8.10") 
[1.373s] -- Found ament_cmake_ros: 0.9.2 (/opt/ros/galactic/share/ament_cmake_ros/cmake)
[1.497s] -- Using all available rosidl_typesupport_c: rosidl_typesupport_fastrtps_c;rosidl_typesupport_introspection_c
[1.530s] -- Using all available rosidl_typesupport_cpp: rosidl_typesupport_fastrtps_cpp;rosidl_typesupport_introspection_cpp
[1.551s] -- Found PythonInterp: /usr/bin/python3 (found suitable version "3.8.10", minimum required is "3.5") 
[1.553s] -- Found python_cmake_module: 0.8.1 (/opt/ros/galactic/share/python_cmake_module/cmake)
[1.578s] -- Found PythonLibs: /usr/lib/x86_64-linux-gnu/libpython3.8.so (found suitable version "3.8.10", minimum required is "3.5") 
[1.578s] -- Using PYTHON_EXECUTABLE: /usr/bin/python3
[1.578s] -- Using PYTHON_INCLUDE_DIRS: /usr/include/python3.8
[1.578s] -- Using PYTHON_LIBRARIES: /usr/lib/x86_64-linux-gnu/libpython3.8.so
[1.595s] -- Found PythonExtra: .so  
[1.645s] -- Added test 'copyright' to check source files copyright and LICENSE
[1.645s] -- Added test 'lint_cmake' to check CMake code style
[1.646s] -- Added test 'xmllint' to check XML markup files
[1.653s] -- Configuring done
[1.688s] -- Generating done
[1.690s] -- Build files have been written to: /home/will/Crazyflie_WeBots_SLAM/build/crazyflie_ros2_interfaces
[1.696s] Invoked command in '/home/will/Crazyflie_WeBots_SLAM/build/crazyflie_ros2_interfaces' returned '0': CMAKE_PREFIX_PATH=/opt/ros/galactic /usr/bin/cmake /home/will/Crazyflie_WeBots_SLAM/src/crazyflie_ros2_experimental/crazyflie_ros2_interfaces -DAMENT_CMAKE_SYMLINK_INSTALL=1 -DCMAKE_INSTALL_PREFIX=/home/will/Crazyflie_WeBots_SLAM/install/crazyflie_ros2_interfaces
[1.698s] Invoking command in '/home/will/Crazyflie_WeBots_SLAM/build/crazyflie_ros2_interfaces': CMAKE_PREFIX_PATH=/opt/ros/galactic /usr/bin/cmake --build /home/will/Crazyflie_WeBots_SLAM/build/crazyflie_ros2_interfaces -- -j16 -l16
[1.723s] [  3%] [34m[1mGenerating C code for ROS interfaces[0m
[1.723s] [35m[1mScanning dependencies of target crazyflie_ros2_interfaces__cpp[0m
[1.729s] [  6%] [34m[1mGenerating C++ code for ROS interfaces[0m
[1.989s] [  6%] Built target crazyflie_ros2_interfaces__cpp
[1.995s] [ 16%] [34m[1mGenerating C++ type support dispatch for ROS interfaces[0m
[1.995s] [ 16%] [34m[1mGenerating C++ type support for eProsima Fast-RTPS[0m
[1.995s] [ 16%] [34m[1mGenerating C++ introspection for ROS interfaces[0m
[2.029s] [35m[1mScanning dependencies of target crazyflie_ros2_interfaces__rosidl_generator_c[0m
[2.038s] [ 19%] [32mBuilding C object CMakeFiles/crazyflie_ros2_interfaces__rosidl_generator_c.dir/rosidl_generator_c/crazyflie_ros2_interfaces/action/detail/multi_ranger_scan__functions.c.o[0m
[2.126s] [ 22%] [32m[1mLinking C shared library libcrazyflie_ros2_interfaces__rosidl_generator_c.so[0m
[2.155s] [ 22%] Built target crazyflie_ros2_interfaces__rosidl_generator_c
[2.161s] [ 29%] [34m[1mGenerating C type support dispatch for ROS interfaces[0m
[2.161s] [ 29%] [34m[1mGenerating C introspection for ROS interfaces[0m
[2.183s] [35m[1mScanning dependencies of target crazyflie_ros2_interfaces__rosidl_typesupport_cpp[0m
[2.197s] [ 32%] [32mBuilding CXX object CMakeFiles/crazyflie_ros2_interfaces__rosidl_typesupport_cpp.dir/rosidl_typesupport_cpp/crazyflie_ros2_interfaces/action/multi_ranger_scan__type_support.cpp.o[0m
[2.220s] [35m[1mScanning dependencies of target crazyflie_ros2_interfaces__rosidl_typesupport_introspection_cpp[0m
[2.230s] [ 35%] [32mBuilding CXX object CMakeFiles/crazyflie_ros2_interfaces__rosidl_typesupport_introspection_cpp.dir/rosidl_typesupport_introspection_cpp/crazyflie_ros2_interfaces/action/detail/multi_ranger_scan__type_support.cpp.o[0m
[2.246s] [35m[1mScanning dependencies of target crazyflie_ros2_interfaces__rosidl_typesupport_fastrtps_cpp[0m
[2.268s] [ 38%] [32mBuilding CXX object CMakeFiles/crazyflie_ros2_interfaces__rosidl_typesupport_fastrtps_cpp.dir/rosidl_typesupport_fastrtps_cpp/crazyflie_ros2_interfaces/action/detail/dds_fastrtps/multi_ranger_scan__type_support.cpp.o[0m
[2.332s] [35m[1mScanning dependencies of target crazyflie_ros2_interfaces__rosidl_typesupport_c[0m
[2.342s] [ 41%] [32mBuilding CXX object CMakeFiles/crazyflie_ros2_interfaces__rosidl_typesupport_c.dir/rosidl_typesupport_c/crazyflie_ros2_interfaces/action/multi_ranger_scan__type_support.cpp.o[0m
[2.375s] [ 45%] [32m[1mLinking CXX shared library libcrazyflie_ros2_interfaces__rosidl_typesupport_c.so[0m
[2.381s] [35m[1mScanning dependencies of target crazyflie_ros2_interfaces__rosidl_typesupport_introspection_c[0m
[2.391s] [ 48%] [32mBuilding C object CMakeFiles/crazyflie_ros2_interfaces__rosidl_typesupport_introspection_c.dir/rosidl_typesupport_introspection_c/crazyflie_ros2_interfaces/action/detail/multi_ranger_scan__type_support.c.o[0m
[2.403s] [ 48%] Built target crazyflie_ros2_interfaces__rosidl_typesupport_c
[2.422s] [ 51%] [32m[1mLinking C shared library libcrazyflie_ros2_interfaces__rosidl_typesupport_introspection_c.so[0m
[2.442s] [ 51%] Built target crazyflie_ros2_interfaces__rosidl_typesupport_introspection_c
[2.565s] [ 54%] [32m[1mLinking CXX shared library libcrazyflie_ros2_interfaces__rosidl_typesupport_cpp.so[0m
[2.591s] [ 54%] Built target crazyflie_ros2_interfaces__rosidl_typesupport_cpp
[2.607s] [ 58%] [32m[1mLinking CXX shared library libcrazyflie_ros2_interfaces__rosidl_typesupport_introspection_cpp.so[0m
[2.650s] [ 58%] Built target crazyflie_ros2_interfaces__rosidl_typesupport_introspection_cpp
[2.690s] [ 61%] [32m[1mLinking CXX shared library libcrazyflie_ros2_interfaces__rosidl_typesupport_fastrtps_cpp.so[0m
[2.750s] [ 61%] Built target crazyflie_ros2_interfaces__rosidl_typesupport_fastrtps_cpp
[2.756s] [ 64%] [34m[1mGenerating C type support for eProsima Fast-RTPS[0m
[2.982s] [35m[1mScanning dependencies of target crazyflie_ros2_interfaces__rosidl_typesupport_fastrtps_c[0m
[2.994s] [ 67%] [32mBuilding CXX object CMakeFiles/crazyflie_ros2_interfaces__rosidl_typesupport_fastrtps_c.dir/rosidl_typesupport_fastrtps_c/crazyflie_ros2_interfaces/action/detail/multi_ranger_scan__type_support_c.cpp.o[0m
[3.261s] [ 70%] [32m[1mLinking CXX shared library libcrazyflie_ros2_interfaces__rosidl_typesupport_fastrtps_c.so[0m
[3.314s] [ 70%] Built target crazyflie_ros2_interfaces__rosidl_typesupport_fastrtps_c
[3.320s] [35m[1mScanning dependencies of target crazyflie_ros2_interfaces[0m
[3.326s] [ 70%] Built target crazyflie_ros2_interfaces
[3.332s] [35m[1mScanning dependencies of target crazyflie_ros2_interfaces__py[0m
[3.338s] [ 74%] [34m[1mGenerating Python code for ROS interfaces[0m
[3.979s] [ 74%] Built target crazyflie_ros2_interfaces__py
[3.986s] [35m[1mScanning dependencies of target crazyflie_ros2_interfaces__python[0m
[4.018s] [ 77%] [32mBuilding C object CMakeFiles/crazyflie_ros2_interfaces__python.dir/rosidl_generator_py/crazyflie_ros2_interfaces/action/_multi_ranger_scan_s.c.o[0m
[4.120s] [ 80%] [32m[1mLinking C shared library rosidl_generator_py/crazyflie_ros2_interfaces/libcrazyflie_ros2_interfaces__python.so[0m
[4.150s] [ 80%] Built target crazyflie_ros2_interfaces__python
[4.158s] [35m[1mScanning dependencies of target crazyflie_ros2_interfaces__rosidl_typesupport_c__pyext[0m
[4.158s] [35m[1mScanning dependencies of target crazyflie_ros2_interfaces__rosidl_typesupport_introspection_c__pyext[0m
[4.158s] [35m[1mScanning dependencies of target crazyflie_ros2_interfaces__rosidl_typesupport_fastrtps_c__pyext[0m
[4.171s] [ 83%] [32mBuilding C object CMakeFiles/crazyflie_ros2_interfaces__rosidl_typesupport_c__pyext.dir/rosidl_generator_py/crazyflie_ros2_interfaces/_crazyflie_ros2_interfaces_s.ep.rosidl_typesupport_c.c.o[0m
[4.171s] [ 87%] [32mBuilding C object CMakeFiles/crazyflie_ros2_interfaces__rosidl_typesupport_introspection_c__pyext.dir/rosidl_generator_py/crazyflie_ros2_interfaces/_crazyflie_ros2_interfaces_s.ep.rosidl_typesupport_introspection_c.c.o[0m
[4.172s] [ 90%] [32mBuilding C object CMakeFiles/crazyflie_ros2_interfaces__rosidl_typesupport_fastrtps_c__pyext.dir/rosidl_generator_py/crazyflie_ros2_interfaces/_crazyflie_ros2_interfaces_s.ep.rosidl_typesupport_fastrtps_c.c.o[0m
[4.244s] [ 96%] [32m[1mLinking C shared library rosidl_generator_py/crazyflie_ros2_interfaces/crazyflie_ros2_interfaces_s__rosidl_typesupport_introspection_c.cpython-38-x86_64-linux-gnu.so[0m
[4.244s] [ 96%] [32m[1mLinking C shared library rosidl_generator_py/crazyflie_ros2_interfaces/crazyflie_ros2_interfaces_s__rosidl_typesupport_c.cpython-38-x86_64-linux-gnu.so[0m
[4.248s] [100%] [32m[1mLinking CXX shared library rosidl_generator_py/crazyflie_ros2_interfaces/crazyflie_ros2_interfaces_s__rosidl_typesupport_fastrtps_c.cpython-38-x86_64-linux-gnu.so[0m
[4.269s] [100%] Built target crazyflie_ros2_interfaces__rosidl_typesupport_c__pyext
[4.270s] [100%] Built target crazyflie_ros2_interfaces__rosidl_typesupport_introspection_c__pyext
[4.295s] [100%] Built target crazyflie_ros2_interfaces__rosidl_typesupport_fastrtps_c__pyext
[4.303s] Invoked command in '/home/will/Crazyflie_WeBots_SLAM/build/crazyflie_ros2_interfaces' returned '0': CMAKE_PREFIX_PATH=/opt/ros/galactic /usr/bin/cmake --build /home/will/Crazyflie_WeBots_SLAM/build/crazyflie_ros2_interfaces -- -j16 -l16
[4.331s] Invoking command in '/home/will/Crazyflie_WeBots_SLAM/build/crazyflie_ros2_interfaces': CMAKE_PREFIX_PATH=/opt/ros/galactic /usr/bin/cmake --install /home/will/Crazyflie_WeBots_SLAM/build/crazyflie_ros2_interfaces
[4.336s] -- Install configuration: ""
[4.336s] -- Execute custom install script
[4.337s] -- Symlinking: /home/will/Crazyflie_WeBots_SLAM/install/crazyflie_ros2_interfaces/share/ament_index/resource_index/rosidl_interfaces/crazyflie_ros2_interfaces
[4.343s] -- Symlinking: /home/will/Crazyflie_WeBots_SLAM/install/crazyflie_ros2_interfaces/include/crazyflie_ros2_interfaces/action/detail/multi_ranger_scan__functions.h
[4.349s] -- Symlinking: /home/will/Crazyflie_WeBots_SLAM/install/crazyflie_ros2_interfaces/include/crazyflie_ros2_interfaces/action/detail/multi_ranger_scan__struct.h
[4.355s] -- Symlinking: /home/will/Crazyflie_WeBots_SLAM/install/crazyflie_ros2_interfaces/include/crazyflie_ros2_interfaces/action/detail/multi_ranger_scan__type_support.h
[4.361s] -- Symlinking: /home/will/Crazyflie_WeBots_SLAM/install/crazyflie_ros2_interfaces/include/crazyflie_ros2_interfaces/action/multi_ranger_scan.h
[4.367s] -- Symlinking: /home/will/Crazyflie_WeBots_SLAM/install/crazyflie_ros2_interfaces/include/crazyflie_ros2_interfaces/msg/rosidl_generator_c__visibility_control.h
[4.373s] -- Symlinking: /home/will/Crazyflie_WeBots_SLAM/install/crazyflie_ros2_interfaces/share/crazyflie_ros2_interfaces/environment/library_path.sh
[4.379s] -- Symlinking: /home/will/Crazyflie_WeBots_SLAM/install/crazyflie_ros2_interfaces/share/crazyflie_ros2_interfaces/environment/library_path.dsv
[4.385s] -- Symlinking: /home/will/Crazyflie_WeBots_SLAM/install/crazyflie_ros2_interfaces/include/crazyflie_ros2_interfaces/action/detail/multi_ranger_scan__rosidl_typesupport_fastrtps_c.h
[4.391s] -- Symlinking: /home/will/Crazyflie_WeBots_SLAM/install/crazyflie_ros2_interfaces/include/crazyflie_ros2_interfaces/msg/rosidl_typesupport_fastrtps_c__visibility_control.h
[4.398s] -- Symlinking: /home/will/Crazyflie_WeBots_SLAM/install/crazyflie_ros2_interfaces/lib/libcrazyflie_ros2_interfaces__rosidl_typesupport_fastrtps_c.so
[4.404s] -- Symlinking: /home/will/Crazyflie_WeBots_SLAM/install/crazyflie_ros2_interfaces/include/crazyflie_ros2_interfaces/action/detail/multi_ranger_scan__rosidl_typesupport_fastrtps_cpp.hpp
[4.410s] -- Symlinking: /home/will/Crazyflie_WeBots_SLAM/install/crazyflie_ros2_interfaces/include/crazyflie_ros2_interfaces/msg/rosidl_typesupport_fastrtps_cpp__visibility_control.h
[4.416s] -- Symlinking: /home/will/Crazyflie_WeBots_SLAM/install/crazyflie_ros2_interfaces/lib/libcrazyflie_ros2_interfaces__rosidl_typesupport_fastrtps_cpp.so
[4.422s] -- Symlinking: /home/will/Crazyflie_WeBots_SLAM/install/crazyflie_ros2_interfaces/include/crazyflie_ros2_interfaces/action/detail/multi_ranger_scan__rosidl_typesupport_introspection_c.h
[4.428s] -- Symlinking: /home/will/Crazyflie_WeBots_SLAM/install/crazyflie_ros2_interfaces/include/crazyflie_ros2_interfaces/msg/rosidl_typesupport_introspection_c__visibility_control.h
[4.435s] -- Symlinking: /home/will/Crazyflie_WeBots_SLAM/install/crazyflie_ros2_interfaces/include/crazyflie_ros2_interfaces/action/detail/multi_ranger_scan__builder.hpp
[4.441s] -- Symlinking: /home/will/Crazyflie_WeBots_SLAM/install/crazyflie_ros2_interfaces/include/crazyflie_ros2_interfaces/action/detail/multi_ranger_scan__struct.hpp
[4.446s] -- Symlinking: /home/will/Crazyflie_WeBots_SLAM/install/crazyflie_ros2_interfaces/include/crazyflie_ros2_interfaces/action/detail/multi_ranger_scan__traits.hpp
[4.452s] -- Symlinking: /home/will/Crazyflie_WeBots_SLAM/install/crazyflie_ros2_interfaces/include/crazyflie_ros2_interfaces/action/multi_ranger_scan.hpp
[4.459s] -- Symlinking: /home/will/Crazyflie_WeBots_SLAM/install/crazyflie_ros2_interfaces/include/crazyflie_ros2_interfaces/action/detail/multi_ranger_scan__rosidl_typesupport_introspection_cpp.hpp
[4.465s] -- Symlinking: /home/will/Crazyflie_WeBots_SLAM/install/crazyflie_ros2_interfaces/share/crazyflie_ros2_interfaces/environment/pythonpath.sh
[4.471s] -- Symlinking: /home/will/Crazyflie_WeBots_SLAM/install/crazyflie_ros2_interfaces/share/crazyflie_ros2_interfaces/environment/pythonpath.dsv
[4.477s] -- Symlinking: /home/will/Crazyflie_WeBots_SLAM/install/crazyflie_ros2_interfaces/lib/python3.8/site-packages/crazyflie_ros2_interfaces/__init__.py
[4.484s] -- Symlinking: /home/will/Crazyflie_WeBots_SLAM/install/crazyflie_ros2_interfaces/lib/python3.8/site-packages/crazyflie_ros2_interfaces/action/__init__.py
[4.489s] -- Symlinking: /home/will/Crazyflie_WeBots_SLAM/install/crazyflie_ros2_interfaces/lib/python3.8/site-packages/crazyflie_ros2_interfaces/action/_multi_ranger_scan.py
[4.496s] -- Symlinking: /home/will/Crazyflie_WeBots_SLAM/install/crazyflie_ros2_interfaces/lib/python3.8/site-packages/crazyflie_ros2_interfaces/crazyflie_ros2_interfaces_s__rosidl_typesupport_fastrtps_c.cpython-38-x86_64-linux-gnu.so
[4.502s] -- Symlinking: /home/will/Crazyflie_WeBots_SLAM/install/crazyflie_ros2_interfaces/lib/python3.8/site-packages/crazyflie_ros2_interfaces/crazyflie_ros2_interfaces_s__rosidl_typesupport_introspection_c.cpython-38-x86_64-linux-gnu.so
[4.509s] -- Symlinking: /home/will/Crazyflie_WeBots_SLAM/install/crazyflie_ros2_interfaces/lib/python3.8/site-packages/crazyflie_ros2_interfaces/crazyflie_ros2_interfaces_s__rosidl_typesupport_c.cpython-38-x86_64-linux-gnu.so
[4.515s] -- Symlinking: /home/will/Crazyflie_WeBots_SLAM/install/crazyflie_ros2_interfaces/lib/libcrazyflie_ros2_interfaces__python.so
[4.521s] -- Symlinking: /home/will/Crazyflie_WeBots_SLAM/install/crazyflie_ros2_interfaces/share/crazyflie_ros2_interfaces/action/MultiRangerScan.idl
[4.527s] -- Symlinking: /home/will/Crazyflie_WeBots_SLAM/install/crazyflie_ros2_interfaces/share/crazyflie_ros2_interfaces/action/MultiRangerScan.action
[4.533s] -- Symlinking: /home/will/Crazyflie_WeBots_SLAM/install/crazyflie_ros2_interfaces/share/ament_index/resource_index/package_run_dependencies/crazyflie_ros2_interfaces
[4.539s] -- Symlinking: /home/will/Crazyflie_WeBots_SLAM/install/crazyflie_ros2_interfaces/share/ament_index/resource_index/parent_prefix_path/crazyflie_ros2_interfaces
[4.545s] -- Symlinking: /home/will/Crazyflie_WeBots_SLAM/install/crazyflie_ros2_interfaces/share/crazyflie_ros2_interfaces/environment/ament_prefix_path.sh
[4.552s] -- Symlinking: /home/will/Crazyflie_WeBots_SLAM/install/crazyflie_ros2_interfaces/share/crazyflie_ros2_interfaces/environment/ament_prefix_path.dsv
[4.558s] -- Symlinking: /home/will/Crazyflie_WeBots_SLAM/install/crazyflie_ros2_interfaces/share/crazyflie_ros2_interfaces/environment/path.sh
[4.564s] -- Symlinking: /home/will/Crazyflie_WeBots_SLAM/install/crazyflie_ros2_interfaces/share/crazyflie_ros2_interfaces/environment/path.dsv
[4.570s] -- Symlinking: /home/will/Crazyflie_WeBots_SLAM/install/crazyflie_ros2_interfaces/share/crazyflie_ros2_interfaces/local_setup.bash
[4.576s] -- Symlinking: /home/will/Crazyflie_WeBots_SLAM/install/crazyflie_ros2_interfaces/share/crazyflie_ros2_interfaces/local_setup.sh
[4.582s] -- Symlinking: /home/will/Crazyflie_WeBots_SLAM/install/crazyflie_ros2_interfaces/share/crazyflie_ros2_interfaces/local_setup.zsh
[4.588s] -- Symlinking: /home/will/Crazyflie_WeBots_SLAM/install/crazyflie_ros2_interfaces/share/crazyflie_ros2_interfaces/local_setup.dsv
[4.594s] -- Symlinking: /home/will/Crazyflie_WeBots_SLAM/install/crazyflie_ros2_interfaces/share/crazyflie_ros2_interfaces/package.dsv
[4.600s] -- Symlinking: /home/will/Crazyflie_WeBots_SLAM/install/crazyflie_ros2_interfaces/share/ament_index/resource_index/packages/crazyflie_ros2_interfaces
[4.607s] -- Symlinking: /home/will/Crazyflie_WeBots_SLAM/install/crazyflie_ros2_interfaces/share/crazyflie_ros2_interfaces/cmake/rosidl_cmake-extras.cmake
[4.613s] -- Symlinking: /home/will/Crazyflie_WeBots_SLAM/install/crazyflie_ros2_interfaces/share/crazyflie_ros2_interfaces/cmake/ament_cmake_export_dependencies-extras.cmake
[4.619s] -- Symlinking: /home/will/Crazyflie_WeBots_SLAM/install/crazyflie_ros2_interfaces/share/crazyflie_ros2_interfaces/cmake/ament_cmake_export_libraries-extras.cmake
[4.625s] -- Symlinking: /home/will/Crazyflie_WeBots_SLAM/install/crazyflie_ros2_interfaces/share/crazyflie_ros2_interfaces/cmake/ament_cmake_export_targets-extras.cmake
[4.631s] -- Symlinking: /home/will/Crazyflie_WeBots_SLAM/install/crazyflie_ros2_interfaces/share/crazyflie_ros2_interfaces/cmake/ament_cmake_export_include_directories-extras.cmake
[4.638s] -- Symlinking: /home/will/Crazyflie_WeBots_SLAM/install/crazyflie_ros2_interfaces/share/crazyflie_ros2_interfaces/cmake/rosidl_cmake_export_typesupport_libraries-extras.cmake
[4.644s] -- Symlinking: /home/will/Crazyflie_WeBots_SLAM/install/crazyflie_ros2_interfaces/share/crazyflie_ros2_interfaces/cmake/rosidl_cmake_export_typesupport_targets-extras.cmake
[4.650s] -- Symlinking: /home/will/Crazyflie_WeBots_SLAM/install/crazyflie_ros2_interfaces/share/crazyflie_ros2_interfaces/cmake/crazyflie_ros2_interfacesConfig.cmake
[4.656s] -- Symlinking: /home/will/Crazyflie_WeBots_SLAM/install/crazyflie_ros2_interfaces/share/crazyflie_ros2_interfaces/cmake/crazyflie_ros2_interfacesConfig-version.cmake
[4.662s] -- Symlinking: /home/will/Crazyflie_WeBots_SLAM/install/crazyflie_ros2_interfaces/share/crazyflie_ros2_interfaces/package.xml
[4.668s] -- Installing: /home/will/Crazyflie_WeBots_SLAM/install/crazyflie_ros2_interfaces/lib/libcrazyflie_ros2_interfaces__rosidl_generator_c.so
[4.668s] -- Set runtime path of "/home/will/Crazyflie_WeBots_SLAM/install/crazyflie_ros2_interfaces/lib/libcrazyflie_ros2_interfaces__rosidl_generator_c.so" to ""
[4.668s] -- Installing: /home/will/Crazyflie_WeBots_SLAM/install/crazyflie_ros2_interfaces/lib/libcrazyflie_ros2_interfaces__rosidl_typesupport_introspection_c.so
[4.668s] -- Set runtime path of "/home/will/Crazyflie_WeBots_SLAM/install/crazyflie_ros2_interfaces/lib/libcrazyflie_ros2_interfaces__rosidl_typesupport_introspection_c.so" to ""
[4.668s] -- Installing: /home/will/Crazyflie_WeBots_SLAM/install/crazyflie_ros2_interfaces/lib/libcrazyflie_ros2_interfaces__rosidl_typesupport_c.so
[4.669s] -- Set runtime path of "/home/will/Crazyflie_WeBots_SLAM/install/crazyflie_ros2_interfaces/lib/libcrazyflie_ros2_interfaces__rosidl_typesupport_c.so" to ""
[4.669s] -- Installing: /home/will/Crazyflie_WeBots_SLAM/install/crazyflie_ros2_interfaces/lib/libcrazyflie_ros2_interfaces__rosidl_typesupport_introspection_cpp.so
[4.669s] -- Set runtime path of "/home/will/Crazyflie_WeBots_SLAM/install/crazyflie_ros2_interfaces/lib/libcrazyflie_ros2_interfaces__rosidl_typesupport_introspection_cpp.so" to ""
[4.669s] -- Installing: /home/will/Crazyflie_WeBots_SLAM/install/crazyflie_ros2_interfaces/lib/libcrazyflie_ros2_interfaces__rosidl_typesupport_cpp.so
[4.669s] -- Set runtime path of "/home/will/Crazyflie_WeBots_SLAM/install/crazyflie_ros2_interfaces/lib/libcrazyflie_ros2_interfaces__rosidl_typesupport_cpp.so" to ""
[4.691s] Compiling '/home/will/Crazyflie_WeBots_SLAM/install/crazyflie_ros2_interfaces/lib/python3.8/site-packages/crazyflie_ros2_interfaces/__init__.py'...
[4.694s] -- Installing: /home/will/Crazyflie_WeBots_SLAM/install/crazyflie_ros2_interfaces/share/crazyflie_ros2_interfaces/cmake/crazyflie_ros2_interfaces__rosidl_generator_cExport.cmake
[4.694s] -- Installing: /home/will/Crazyflie_WeBots_SLAM/install/crazyflie_ros2_interfaces/share/crazyflie_ros2_interfaces/cmake/crazyflie_ros2_interfaces__rosidl_generator_cExport-noconfig.cmake
[4.694s] -- Installing: /home/will/Crazyflie_WeBots_SLAM/install/crazyflie_ros2_interfaces/share/crazyflie_ros2_interfaces/cmake/crazyflie_ros2_interfaces__rosidl_typesupport_introspection_cExport.cmake
[4.694s] -- Installing: /home/will/Crazyflie_WeBots_SLAM/install/crazyflie_ros2_interfaces/share/crazyflie_ros2_interfaces/cmake/crazyflie_ros2_interfaces__rosidl_typesupport_introspection_cExport-noconfig.cmake
[4.694s] -- Installing: /home/will/Crazyflie_WeBots_SLAM/install/crazyflie_ros2_interfaces/share/crazyflie_ros2_interfaces/cmake/crazyflie_ros2_interfaces__rosidl_typesupport_cExport.cmake
[4.694s] -- Installing: /home/will/Crazyflie_WeBots_SLAM/install/crazyflie_ros2_interfaces/share/crazyflie_ros2_interfaces/cmake/crazyflie_ros2_interfaces__rosidl_typesupport_cExport-noconfig.cmake
[4.694s] -- Installing: /home/will/Crazyflie_WeBots_SLAM/install/crazyflie_ros2_interfaces/share/crazyflie_ros2_interfaces/cmake/crazyflie_ros2_interfaces__rosidl_generator_cppExport.cmake
[4.694s] -- Installing: /home/will/Crazyflie_WeBots_SLAM/install/crazyflie_ros2_interfaces/share/crazyflie_ros2_interfaces/cmake/crazyflie_ros2_interfaces__rosidl_typesupport_introspection_cppExport.cmake
[4.695s] -- Installing: /home/will/Crazyflie_WeBots_SLAM/install/crazyflie_ros2_interfaces/share/crazyflie_ros2_interfaces/cmake/crazyflie_ros2_interfaces__rosidl_typesupport_introspection_cppExport-noconfig.cmake
[4.695s] -- Installing: /home/will/Crazyflie_WeBots_SLAM/install/crazyflie_ros2_interfaces/share/crazyflie_ros2_interfaces/cmake/crazyflie_ros2_interfaces__rosidl_typesupport_cppExport.cmake
[4.695s] -- Installing: /home/will/Crazyflie_WeBots_SLAM/install/crazyflie_ros2_interfaces/share/crazyflie_ros2_interfaces/cmake/crazyflie_ros2_interfaces__rosidl_typesupport_cppExport-noconfig.cmake
[4.696s] Invoked command in '/home/will/Crazyflie_WeBots_SLAM/build/crazyflie_ros2_interfaces' returned '0': CMAKE_PREFIX_PATH=/opt/ros/galactic /usr/bin/cmake --install /home/will/Crazyflie_WeBots_SLAM/build/crazyflie_ros2_interfaces
