running develop
running egg_info
creating crazyflie_ros2.egg-info
writing crazyflie_ros2.egg-info/PKG-INFO
writing dependency_links to crazyflie_ros2.egg-info/dependency_links.txt
writing entry points to crazyflie_ros2.egg-info/entry_points.txt
writing requirements to crazyflie_ros2.egg-info/requires.txt
writing top-level names to crazyflie_ros2.egg-info/top_level.txt
writing manifest file 'crazyflie_ros2.egg-info/SOURCES.txt'
reading manifest file 'crazyflie_ros2.egg-info/SOURCES.txt'
writing manifest file 'crazyflie_ros2.egg-info/SOURCES.txt'
running build_ext
Creating /home/will/Crazyflie_WeBots_SLAM/install/crazyflie_ros2/lib/python3.8/site-packages/site.py
Creating /home/will/Crazyflie_WeBots_SLAM/install/crazyflie_ros2/lib/python3.8/site-packages/crazyflie-ros2.egg-link (link to .)
Installing crazyflie_publisher script to /home/will/Crazyflie_WeBots_SLAM/install/crazyflie_ros2/lib/crazyflie_ros2

Installed /home/will/Crazyflie_WeBots_SLAM/build/crazyflie_ros2
running install_data
copying package.xml -> /home/will/Crazyflie_WeBots_SLAM/install/crazyflie_ros2/share/crazyflie_ros2
creating /home/will/Crazyflie_WeBots_SLAM/install/crazyflie_ros2/share/crazyflie_ros2/resource
copying resource/crazyflie_ros2 -> /home/will/Crazyflie_WeBots_SLAM/install/crazyflie_ros2/share/crazyflie_ros2/resource/
creating /home/will/Crazyflie_WeBots_SLAM/install/crazyflie_ros2/share/crazyflie_ros2/launch
copying launch/crazyflie_publisher_launch.py -> /home/will/Crazyflie_WeBots_SLAM/install/crazyflie_ros2/share/crazyflie_ros2/launch/
