[1.256s] Invoking command in '/home/will/Crazyflie_WeBots_SLAM/build/crazyflie_ros2': PYTHONPATH=/home/will/Crazyflie_WeBots_SLAM/build/crazyflie_ros2/prefix_override:/home/will/Crazyflie_WeBots_SLAM/install/crazyflie_ros2/lib/python3.8/site-packages:${PYTHONPATH} /usr/bin/python3 setup.py develop --editable --build-directory /home/will/Crazyflie_WeBots_SLAM/build/crazyflie_ros2/build --no-deps install_data
[1.428s] running develop
[1.543s] running egg_info
[1.543s] creating crazyflie_ros2.egg-info
[1.544s] writing crazyflie_ros2.egg-info/PKG-INFO
[1.544s] writing dependency_links to crazyflie_ros2.egg-info/dependency_links.txt
[1.544s] writing entry points to crazyflie_ros2.egg-info/entry_points.txt
[1.544s] writing requirements to crazyflie_ros2.egg-info/requires.txt
[1.544s] writing top-level names to crazyflie_ros2.egg-info/top_level.txt
[1.545s] writing manifest file 'crazyflie_ros2.egg-info/SOURCES.txt'
[1.568s] reading manifest file 'crazyflie_ros2.egg-info/SOURCES.txt'
[1.568s] writing manifest file 'crazyflie_ros2.egg-info/SOURCES.txt'
[1.592s] running build_ext
[1.592s] Creating /home/will/Crazyflie_WeBots_SLAM/install/crazyflie_ros2/lib/python3.8/site-packages/site.py
[1.593s] Creating /home/will/Crazyflie_WeBots_SLAM/install/crazyflie_ros2/lib/python3.8/site-packages/crazyflie-ros2.egg-link (link to .)
[1.594s] Installing crazyflie_publisher script to /home/will/Crazyflie_WeBots_SLAM/install/crazyflie_ros2/lib/crazyflie_ros2
[1.594s] 
[1.594s] Installed /home/will/Crazyflie_WeBots_SLAM/build/crazyflie_ros2
[1.594s] running install_data
[1.594s] copying package.xml -> /home/will/Crazyflie_WeBots_SLAM/install/crazyflie_ros2/share/crazyflie_ros2
[1.594s] creating /home/will/Crazyflie_WeBots_SLAM/install/crazyflie_ros2/share/crazyflie_ros2/resource
[1.595s] copying resource/crazyflie_ros2 -> /home/will/Crazyflie_WeBots_SLAM/install/crazyflie_ros2/share/crazyflie_ros2/resource/
[1.595s] creating /home/will/Crazyflie_WeBots_SLAM/install/crazyflie_ros2/share/crazyflie_ros2/launch
[1.595s] copying launch/crazyflie_publisher_launch.py -> /home/will/Crazyflie_WeBots_SLAM/install/crazyflie_ros2/share/crazyflie_ros2/launch/
[1.623s] Invoked command in '/home/will/Crazyflie_WeBots_SLAM/build/crazyflie_ros2' returned '0': PYTHONPATH=/home/will/Crazyflie_WeBots_SLAM/build/crazyflie_ros2/prefix_override:/home/will/Crazyflie_WeBots_SLAM/install/crazyflie_ros2/lib/python3.8/site-packages:${PYTHONPATH} /usr/bin/python3 setup.py develop --editable --build-directory /home/will/Crazyflie_WeBots_SLAM/build/crazyflie_ros2/build --no-deps install_data
