[0.704s] Invoking command in '/home/will/Crazyflie_WeBots_SLAM/build/crazyflie_ros2_slam': CMAKE_PREFIX_PATH=/opt/ros/galactic /usr/bin/cmake /home/will/Crazyflie_WeBots_SLAM/src/crazyflie_ros2_experimental/crazyflie_ros2_slam -DAMENT_CMAKE_SYMLINK_INSTALL=1 -DCMAKE_INSTALL_PREFIX=/home/will/Crazyflie_WeBots_SLAM/install/crazyflie_ros2_slam
[0.741s] -- The C compiler identification is GNU 9.4.0
[0.780s] -- The CXX compiler identification is GNU 9.4.0
[0.785s] -- Check for working C compiler: /usr/bin/cc
[0.832s] -- Check for working C compiler: /usr/bin/cc -- works
[0.833s] -- Detecting C compiler ABI info
[0.877s] -- Detecting C compiler ABI info - done
[0.886s] -- Detecting C compile features
[0.886s] -- Detecting C compile features - done
[0.888s] -- Check for working CXX compiler: /usr/bin/c++
[0.938s] -- Check for working CXX compiler: /usr/bin/c++ -- works
[0.939s] -- Detecting CXX compiler ABI info
[0.995s] -- Detecting CXX compiler ABI info - done
[1.003s] -- Detecting CXX compile features
[1.004s] -- Detecting CXX compile features - done
[1.005s] -- Found ament_cmake: 1.1.6 (/opt/ros/galactic/share/ament_cmake/cmake)
[1.027s] -- Found PythonInterp: /usr/bin/python3 (found suitable version "3.8.10", minimum required is "3") 
[1.027s] -- Using PYTHON_EXECUTABLE: /usr/bin/python3
[1.074s] -- Override CMake install command with custom implementation using symlinks instead of copying resources
[1.090s] -- Found ament_lint_auto: 0.10.7 (/opt/ros/galactic/share/ament_lint_auto/cmake)
[1.144s] -- Added test 'copyright' to check source files copyright and LICENSE
[1.144s] -- Added test 'flake8' to check Python code syntax and style conventions
[1.145s] -- Added test 'lint_cmake' to check CMake code style
[1.145s] -- Added test 'pep257' to check Python code against some of the style conventions in PEP 257
[1.146s] -- Added test 'xmllint' to check XML markup files
[1.147s] -- Configuring done
[1.153s] -- Generating done
[1.153s] -- Build files have been written to: /home/will/Crazyflie_WeBots_SLAM/build/crazyflie_ros2_slam
[1.161s] Invoked command in '/home/will/Crazyflie_WeBots_SLAM/build/crazyflie_ros2_slam' returned '0': CMAKE_PREFIX_PATH=/opt/ros/galactic /usr/bin/cmake /home/will/Crazyflie_WeBots_SLAM/src/crazyflie_ros2_experimental/crazyflie_ros2_slam -DAMENT_CMAKE_SYMLINK_INSTALL=1 -DCMAKE_INSTALL_PREFIX=/home/will/Crazyflie_WeBots_SLAM/install/crazyflie_ros2_slam
[1.163s] Invoking command in '/home/will/Crazyflie_WeBots_SLAM/build/crazyflie_ros2_slam': CMAKE_PREFIX_PATH=/opt/ros/galactic /usr/bin/cmake --build /home/will/Crazyflie_WeBots_SLAM/build/crazyflie_ros2_slam -- -j16 -l16
[1.194s] Invoked command in '/home/will/Crazyflie_WeBots_SLAM/build/crazyflie_ros2_slam' returned '0': CMAKE_PREFIX_PATH=/opt/ros/galactic /usr/bin/cmake --build /home/will/Crazyflie_WeBots_SLAM/build/crazyflie_ros2_slam -- -j16 -l16
[1.215s] Invoking command in '/home/will/Crazyflie_WeBots_SLAM/build/crazyflie_ros2_slam': CMAKE_PREFIX_PATH=/opt/ros/galactic /usr/bin/cmake --install /home/will/Crazyflie_WeBots_SLAM/build/crazyflie_ros2_slam
[1.220s] -- Install configuration: ""
[1.220s] -- Execute custom install script
[1.221s] -- Symlinking: /home/will/Crazyflie_WeBots_SLAM/install/crazyflie_ros2_slam/share/crazyflie_ros2_slam/launch/slam_toolbox_mapping_real_launch.py
[1.227s] -- Symlinking: /home/will/Crazyflie_WeBots_SLAM/install/crazyflie_ros2_slam/share/crazyflie_ros2_slam/launch/slam_toolbox_mapping_simulation_launch.py
[1.233s] -- Symlinking: /home/will/Crazyflie_WeBots_SLAM/install/crazyflie_ros2_slam/share/crazyflie_ros2_slam/config/mapper_params_online_async.yaml
[1.239s] -- Symlinking: /home/will/Crazyflie_WeBots_SLAM/install/crazyflie_ros2_slam/share/ament_index/resource_index/package_run_dependencies/crazyflie_ros2_slam
[1.245s] -- Symlinking: /home/will/Crazyflie_WeBots_SLAM/install/crazyflie_ros2_slam/share/ament_index/resource_index/parent_prefix_path/crazyflie_ros2_slam
[1.251s] -- Symlinking: /home/will/Crazyflie_WeBots_SLAM/install/crazyflie_ros2_slam/share/crazyflie_ros2_slam/environment/ament_prefix_path.sh
[1.257s] -- Symlinking: /home/will/Crazyflie_WeBots_SLAM/install/crazyflie_ros2_slam/share/crazyflie_ros2_slam/environment/ament_prefix_path.dsv
[1.263s] -- Symlinking: /home/will/Crazyflie_WeBots_SLAM/install/crazyflie_ros2_slam/share/crazyflie_ros2_slam/environment/path.sh
[1.269s] -- Symlinking: /home/will/Crazyflie_WeBots_SLAM/install/crazyflie_ros2_slam/share/crazyflie_ros2_slam/environment/path.dsv
[1.275s] -- Symlinking: /home/will/Crazyflie_WeBots_SLAM/install/crazyflie_ros2_slam/share/crazyflie_ros2_slam/local_setup.bash
[1.281s] -- Symlinking: /home/will/Crazyflie_WeBots_SLAM/install/crazyflie_ros2_slam/share/crazyflie_ros2_slam/local_setup.sh
[1.286s] -- Symlinking: /home/will/Crazyflie_WeBots_SLAM/install/crazyflie_ros2_slam/share/crazyflie_ros2_slam/local_setup.zsh
[1.292s] -- Symlinking: /home/will/Crazyflie_WeBots_SLAM/install/crazyflie_ros2_slam/share/crazyflie_ros2_slam/local_setup.dsv
[1.298s] -- Symlinking: /home/will/Crazyflie_WeBots_SLAM/install/crazyflie_ros2_slam/share/crazyflie_ros2_slam/package.dsv
[1.303s] -- Symlinking: /home/will/Crazyflie_WeBots_SLAM/install/crazyflie_ros2_slam/share/ament_index/resource_index/packages/crazyflie_ros2_slam
[1.309s] -- Symlinking: /home/will/Crazyflie_WeBots_SLAM/install/crazyflie_ros2_slam/share/crazyflie_ros2_slam/cmake/crazyflie_ros2_slamConfig.cmake
[1.314s] -- Symlinking: /home/will/Crazyflie_WeBots_SLAM/install/crazyflie_ros2_slam/share/crazyflie_ros2_slam/cmake/crazyflie_ros2_slamConfig-version.cmake
[1.320s] -- Symlinking: /home/will/Crazyflie_WeBots_SLAM/install/crazyflie_ros2_slam/share/crazyflie_ros2_slam/package.xml
[1.330s] Invoked command in '/home/will/Crazyflie_WeBots_SLAM/build/crazyflie_ros2_slam' returned '0': CMAKE_PREFIX_PATH=/opt/ros/galactic /usr/bin/cmake --install /home/will/Crazyflie_WeBots_SLAM/build/crazyflie_ros2_slam
