[0.731s] Invoking command in '/home/will/Crazyflie_WeBots_SLAM/build/explore_lite': CMAKE_PREFIX_PATH=${CMAKE_PREFIX_PATH}:/home/will/Crazyflie_WeBots_SLAM/install/crazyflie_ros2_simulation:/home/will/Crazyflie_WeBots_SLAM/install/crazyflie_ros2_simple_mapper:/home/will/Crazyflie_WeBots_SLAM/install/crazyflie_ros2_scan:/home/will/Crazyflie_WeBots_SLAM/install/crazyflie_ros2:/opt/ros/galactic /usr/bin/cmake --build /home/will/Crazyflie_WeBots_SLAM/build/explore_lite -- -j16 -l16
[0.770s] [ 20%] Built target gtest
[0.771s] [ 40%] Built target gtest_main
[0.795s] [ 80%] Built target explore
[0.796s] [100%] Built target test_explore
[0.828s] Invoked command in '/home/will/Crazyflie_WeBots_SLAM/build/explore_lite' returned '0': CMAKE_PREFIX_PATH=${CMAKE_PREFIX_PATH}:/home/will/Crazyflie_WeBots_SLAM/install/crazyflie_ros2_simulation:/home/will/Crazyflie_WeBots_SLAM/install/crazyflie_ros2_simple_mapper:/home/will/Crazyflie_WeBots_SLAM/install/crazyflie_ros2_scan:/home/will/Crazyflie_WeBots_SLAM/install/crazyflie_ros2:/opt/ros/galactic /usr/bin/cmake --build /home/will/Crazyflie_WeBots_SLAM/build/explore_lite -- -j16 -l16
[0.893s] Invoking command in '/home/will/Crazyflie_WeBots_SLAM/build/explore_lite': CMAKE_PREFIX_PATH=${CMAKE_PREFIX_PATH}:/home/will/Crazyflie_WeBots_SLAM/install/crazyflie_ros2_simulation:/home/will/Crazyflie_WeBots_SLAM/install/crazyflie_ros2_simple_mapper:/home/will/Crazyflie_WeBots_SLAM/install/crazyflie_ros2_scan:/home/will/Crazyflie_WeBots_SLAM/install/crazyflie_ros2:/opt/ros/galactic /usr/bin/cmake --install /home/will/Crazyflie_WeBots_SLAM/build/explore_lite
[0.907s] -- Install configuration: ""
[0.907s] -- Execute custom install script
[0.907s] -- Up-to-date symlink: /home/will/Crazyflie_WeBots_SLAM/install/explore_lite/include/explore//costmap_client.h
[0.907s] -- Up-to-date symlink: /home/will/Crazyflie_WeBots_SLAM/install/explore_lite/include/explore//costmap_tools.h
[0.907s] -- Up-to-date symlink: /home/will/Crazyflie_WeBots_SLAM/install/explore_lite/include/explore//explore.h
[0.907s] -- Up-to-date symlink: /home/will/Crazyflie_WeBots_SLAM/install/explore_lite/include/explore//frontier_search.h
[0.907s] -- Up-to-date symlink: /home/will/Crazyflie_WeBots_SLAM/install/explore_lite/share/explore_lite/config/params.yaml
[0.907s] -- Up-to-date symlink: /home/will/Crazyflie_WeBots_SLAM/install/explore_lite/share/explore_lite/config/params_costmap.yaml
[0.907s] -- Up-to-date symlink: /home/will/Crazyflie_WeBots_SLAM/install/explore_lite/share/explore_lite/launch/explore.launch.py
[0.907s] -- Up-to-date symlink: /home/will/Crazyflie_WeBots_SLAM/install/explore_lite/lib/explore_lite/explore
[0.907s] -- Up-to-date symlink: /home/will/Crazyflie_WeBots_SLAM/install/explore_lite/share/ament_index/resource_index/package_run_dependencies/explore_lite
[0.907s] -- Up-to-date symlink: /home/will/Crazyflie_WeBots_SLAM/install/explore_lite/share/ament_index/resource_index/parent_prefix_path/explore_lite
[0.907s] -- Up-to-date symlink: /home/will/Crazyflie_WeBots_SLAM/install/explore_lite/share/explore_lite/environment/ament_prefix_path.sh
[0.907s] -- Up-to-date symlink: /home/will/Crazyflie_WeBots_SLAM/install/explore_lite/share/explore_lite/environment/ament_prefix_path.dsv
[0.907s] -- Up-to-date symlink: /home/will/Crazyflie_WeBots_SLAM/install/explore_lite/share/explore_lite/environment/path.sh
[0.907s] -- Up-to-date symlink: /home/will/Crazyflie_WeBots_SLAM/install/explore_lite/share/explore_lite/environment/path.dsv
[0.908s] -- Up-to-date symlink: /home/will/Crazyflie_WeBots_SLAM/install/explore_lite/share/explore_lite/local_setup.bash
[0.908s] -- Up-to-date symlink: /home/will/Crazyflie_WeBots_SLAM/install/explore_lite/share/explore_lite/local_setup.sh
[0.908s] -- Up-to-date symlink: /home/will/Crazyflie_WeBots_SLAM/install/explore_lite/share/explore_lite/local_setup.zsh
[0.908s] -- Up-to-date symlink: /home/will/Crazyflie_WeBots_SLAM/install/explore_lite/share/explore_lite/local_setup.dsv
[0.908s] -- Symlinking: /home/will/Crazyflie_WeBots_SLAM/install/explore_lite/share/explore_lite/package.dsv
[0.909s] -- Up-to-date symlink: /home/will/Crazyflie_WeBots_SLAM/install/explore_lite/share/ament_index/resource_index/packages/explore_lite
[0.910s] -- Up-to-date symlink: /home/will/Crazyflie_WeBots_SLAM/install/explore_lite/share/explore_lite/cmake/ament_cmake_export_include_directories-extras.cmake
[0.910s] -- Up-to-date symlink: /home/will/Crazyflie_WeBots_SLAM/install/explore_lite/share/explore_lite/cmake/explore_liteConfig.cmake
[0.910s] -- Up-to-date symlink: /home/will/Crazyflie_WeBots_SLAM/install/explore_lite/share/explore_lite/cmake/explore_liteConfig-version.cmake
[0.910s] -- Up-to-date symlink: /home/will/Crazyflie_WeBots_SLAM/install/explore_lite/share/explore_lite/package.xml
[0.921s] Invoked command in '/home/will/Crazyflie_WeBots_SLAM/build/explore_lite' returned '0': CMAKE_PREFIX_PATH=${CMAKE_PREFIX_PATH}:/home/will/Crazyflie_WeBots_SLAM/install/crazyflie_ros2_simulation:/home/will/Crazyflie_WeBots_SLAM/install/crazyflie_ros2_simple_mapper:/home/will/Crazyflie_WeBots_SLAM/install/crazyflie_ros2_scan:/home/will/Crazyflie_WeBots_SLAM/install/crazyflie_ros2:/opt/ros/galactic /usr/bin/cmake --install /home/will/Crazyflie_WeBots_SLAM/build/explore_lite
