[0.205s] Invoking command in '/home/will/Crazyflie_WeBots_SLAM/build/crazyflie_ros2_navigation': CMAKE_PREFIX_PATH=/opt/ros/galactic /usr/bin/cmake /home/will/Crazyflie_WeBots_SLAM/src/crazyflie_ros2_experimental/crazyflie_ros2_navigation -DAMENT_CMAKE_SYMLINK_INSTALL=1 -DCMAKE_INSTALL_PREFIX=/home/will/Crazyflie_WeBots_SLAM/install/crazyflie_ros2_navigation
[0.741s] -- The C compiler identification is GNU 9.4.0
[0.741s] -- The CXX compiler identification is GNU 9.4.0
[0.742s] -- Check for working C compiler: /usr/bin/cc
[0.742s] -- Check for working C compiler: /usr/bin/cc -- works
[0.742s] -- Detecting C compiler ABI info
[0.743s] -- Detecting C compiler ABI info - done
[0.743s] -- Detecting C compile features
[0.743s] -- Detecting C compile features - done
[0.744s] -- Check for working CXX compiler: /usr/bin/c++
[0.745s] -- Check for working CXX compiler: /usr/bin/c++ -- works
[0.745s] -- Detecting CXX compiler ABI info
[0.746s] -- Detecting CXX compiler ABI info - done
[0.749s] -- Detecting CXX compile features
[0.750s] -- Detecting CXX compile features - done
[0.755s] -- Found ament_cmake: 1.1.6 (/opt/ros/galactic/share/ament_cmake/cmake)
[0.774s] -- Found PythonInterp: /usr/bin/python3 (found suitable version "3.8.10", minimum required is "3") 
[0.774s] -- Using PYTHON_EXECUTABLE: /usr/bin/python3
[0.822s] -- Override CMake install command with custom implementation using symlinks instead of copying resources
[0.848s] -- Found ament_lint_auto: 0.10.7 (/opt/ros/galactic/share/ament_lint_auto/cmake)
[0.930s] -- Added test 'copyright' to check source files copyright and LICENSE
[0.931s] -- Added test 'flake8' to check Python code syntax and style conventions
[0.932s] -- Added test 'lint_cmake' to check CMake code style
[0.932s] -- Added test 'pep257' to check Python code against some of the style conventions in PEP 257
[0.933s] -- Added test 'xmllint' to check XML markup files
[0.936s] -- Configuring done
[0.938s] -- Generating done
[0.939s] -- Build files have been written to: /home/will/Crazyflie_WeBots_SLAM/build/crazyflie_ros2_navigation
[0.942s] Invoked command in '/home/will/Crazyflie_WeBots_SLAM/build/crazyflie_ros2_navigation' returned '0': CMAKE_PREFIX_PATH=/opt/ros/galactic /usr/bin/cmake /home/will/Crazyflie_WeBots_SLAM/src/crazyflie_ros2_experimental/crazyflie_ros2_navigation -DAMENT_CMAKE_SYMLINK_INSTALL=1 -DCMAKE_INSTALL_PREFIX=/home/will/Crazyflie_WeBots_SLAM/install/crazyflie_ros2_navigation
[0.944s] Invoking command in '/home/will/Crazyflie_WeBots_SLAM/build/crazyflie_ros2_navigation': CMAKE_PREFIX_PATH=/opt/ros/galactic /usr/bin/cmake --build /home/will/Crazyflie_WeBots_SLAM/build/crazyflie_ros2_navigation -- -j16 -l16
[0.974s] Invoked command in '/home/will/Crazyflie_WeBots_SLAM/build/crazyflie_ros2_navigation' returned '0': CMAKE_PREFIX_PATH=/opt/ros/galactic /usr/bin/cmake --build /home/will/Crazyflie_WeBots_SLAM/build/crazyflie_ros2_navigation -- -j16 -l16
[0.991s] Invoking command in '/home/will/Crazyflie_WeBots_SLAM/build/crazyflie_ros2_navigation': CMAKE_PREFIX_PATH=/opt/ros/galactic /usr/bin/cmake --install /home/will/Crazyflie_WeBots_SLAM/build/crazyflie_ros2_navigation
[0.997s] -- Install configuration: ""
[0.997s] -- Execute custom install script
[0.998s] -- Symlinking: /home/will/Crazyflie_WeBots_SLAM/install/crazyflie_ros2_navigation/share/crazyflie_ros2_navigation/launch/navigation_real_launch.py
[1.004s] -- Symlinking: /home/will/Crazyflie_WeBots_SLAM/install/crazyflie_ros2_navigation/share/crazyflie_ros2_navigation/launch/navigation_simulation_launch.py
[1.011s] -- Symlinking: /home/will/Crazyflie_WeBots_SLAM/install/crazyflie_ros2_navigation/share/crazyflie_ros2_navigation/params/nav2_params.yaml
[1.017s] -- Symlinking: /home/will/Crazyflie_WeBots_SLAM/install/crazyflie_ros2_navigation/share/ament_index/resource_index/package_run_dependencies/crazyflie_ros2_navigation
[1.023s] -- Symlinking: /home/will/Crazyflie_WeBots_SLAM/install/crazyflie_ros2_navigation/share/ament_index/resource_index/parent_prefix_path/crazyflie_ros2_navigation
[1.029s] -- Symlinking: /home/will/Crazyflie_WeBots_SLAM/install/crazyflie_ros2_navigation/share/crazyflie_ros2_navigation/environment/ament_prefix_path.sh
[1.036s] -- Symlinking: /home/will/Crazyflie_WeBots_SLAM/install/crazyflie_ros2_navigation/share/crazyflie_ros2_navigation/environment/ament_prefix_path.dsv
[1.043s] -- Symlinking: /home/will/Crazyflie_WeBots_SLAM/install/crazyflie_ros2_navigation/share/crazyflie_ros2_navigation/environment/path.sh
[1.049s] -- Symlinking: /home/will/Crazyflie_WeBots_SLAM/install/crazyflie_ros2_navigation/share/crazyflie_ros2_navigation/environment/path.dsv
[1.056s] -- Symlinking: /home/will/Crazyflie_WeBots_SLAM/install/crazyflie_ros2_navigation/share/crazyflie_ros2_navigation/local_setup.bash
[1.062s] -- Symlinking: /home/will/Crazyflie_WeBots_SLAM/install/crazyflie_ros2_navigation/share/crazyflie_ros2_navigation/local_setup.sh
[1.069s] -- Symlinking: /home/will/Crazyflie_WeBots_SLAM/install/crazyflie_ros2_navigation/share/crazyflie_ros2_navigation/local_setup.zsh
[1.075s] -- Symlinking: /home/will/Crazyflie_WeBots_SLAM/install/crazyflie_ros2_navigation/share/crazyflie_ros2_navigation/local_setup.dsv
[1.081s] -- Symlinking: /home/will/Crazyflie_WeBots_SLAM/install/crazyflie_ros2_navigation/share/crazyflie_ros2_navigation/package.dsv
[1.088s] -- Symlinking: /home/will/Crazyflie_WeBots_SLAM/install/crazyflie_ros2_navigation/share/ament_index/resource_index/packages/crazyflie_ros2_navigation
[1.095s] -- Symlinking: /home/will/Crazyflie_WeBots_SLAM/install/crazyflie_ros2_navigation/share/crazyflie_ros2_navigation/cmake/crazyflie_ros2_navigationConfig.cmake
[1.101s] -- Symlinking: /home/will/Crazyflie_WeBots_SLAM/install/crazyflie_ros2_navigation/share/crazyflie_ros2_navigation/cmake/crazyflie_ros2_navigationConfig-version.cmake
[1.107s] -- Symlinking: /home/will/Crazyflie_WeBots_SLAM/install/crazyflie_ros2_navigation/share/crazyflie_ros2_navigation/package.xml
[1.115s] Invoked command in '/home/will/Crazyflie_WeBots_SLAM/build/crazyflie_ros2_navigation' returned '0': CMAKE_PREFIX_PATH=/opt/ros/galactic /usr/bin/cmake --install /home/will/Crazyflie_WeBots_SLAM/build/crazyflie_ros2_navigation
