[0.692s] Invoking command in '/home/will/Crazyflie_WeBots_SLAM/build/explore_lite': CMAKE_PREFIX_PATH=/opt/ros/galactic CONDA_PROMPT_MODIFIER=(crazyflie_Webots_SLAM) /usr/bin/cmake --build /home/will/Crazyflie_WeBots_SLAM/build/explore_lite -- -j16 -l16
[0.727s] [ 20%] Built target gtest_main
[0.729s] [ 40%] Built target gtest
[0.754s] [ 60%] Built target test_explore
[0.763s] [100%] Built target explore
[0.793s] Invoked command in '/home/will/Crazyflie_WeBots_SLAM/build/explore_lite' returned '0': CMAKE_PREFIX_PATH=/opt/ros/galactic CONDA_PROMPT_MODIFIER=(crazyflie_Webots_SLAM) /usr/bin/cmake --build /home/will/Crazyflie_WeBots_SLAM/build/explore_lite -- -j16 -l16
[0.847s] Invoking command in '/home/will/Crazyflie_WeBots_SLAM/build/explore_lite': CMAKE_PREFIX_PATH=/opt/ros/galactic CONDA_PROMPT_MODIFIER=(crazyflie_Webots_SLAM) /usr/bin/cmake --install /home/will/Crazyflie_WeBots_SLAM/build/explore_lite
[0.868s] -- Install configuration: ""
[0.868s] -- Execute custom install script
[0.869s] -- Up-to-date symlink: /home/will/Crazyflie_WeBots_SLAM/install/explore_lite/include/explore//costmap_client.h
[0.869s] -- Up-to-date symlink: /home/will/Crazyflie_WeBots_SLAM/install/explore_lite/include/explore//costmap_tools.h
[0.869s] -- Up-to-date symlink: /home/will/Crazyflie_WeBots_SLAM/install/explore_lite/include/explore//explore.h
[0.869s] -- Up-to-date symlink: /home/will/Crazyflie_WeBots_SLAM/install/explore_lite/include/explore//frontier_search.h
[0.869s] -- Up-to-date symlink: /home/will/Crazyflie_WeBots_SLAM/install/explore_lite/share/explore_lite/config/params.yaml
[0.869s] -- Up-to-date symlink: /home/will/Crazyflie_WeBots_SLAM/install/explore_lite/share/explore_lite/config/params_costmap.yaml
[0.869s] -- Up-to-date symlink: /home/will/Crazyflie_WeBots_SLAM/install/explore_lite/share/explore_lite/launch/explore.launch.py
[0.869s] -- Up-to-date symlink: /home/will/Crazyflie_WeBots_SLAM/install/explore_lite/lib/explore_lite/explore
[0.869s] -- Up-to-date symlink: /home/will/Crazyflie_WeBots_SLAM/install/explore_lite/share/ament_index/resource_index/package_run_dependencies/explore_lite
[0.869s] -- Up-to-date symlink: /home/will/Crazyflie_WeBots_SLAM/install/explore_lite/share/ament_index/resource_index/parent_prefix_path/explore_lite
[0.869s] -- Up-to-date symlink: /home/will/Crazyflie_WeBots_SLAM/install/explore_lite/share/explore_lite/environment/ament_prefix_path.sh
[0.869s] -- Up-to-date symlink: /home/will/Crazyflie_WeBots_SLAM/install/explore_lite/share/explore_lite/environment/ament_prefix_path.dsv
[0.869s] -- Up-to-date symlink: /home/will/Crazyflie_WeBots_SLAM/install/explore_lite/share/explore_lite/environment/path.sh
[0.869s] -- Up-to-date symlink: /home/will/Crazyflie_WeBots_SLAM/install/explore_lite/share/explore_lite/environment/path.dsv
[0.869s] -- Up-to-date symlink: /home/will/Crazyflie_WeBots_SLAM/install/explore_lite/share/explore_lite/local_setup.bash
[0.869s] -- Up-to-date symlink: /home/will/Crazyflie_WeBots_SLAM/install/explore_lite/share/explore_lite/local_setup.sh
[0.869s] -- Up-to-date symlink: /home/will/Crazyflie_WeBots_SLAM/install/explore_lite/share/explore_lite/local_setup.zsh
[0.869s] -- Up-to-date symlink: /home/will/Crazyflie_WeBots_SLAM/install/explore_lite/share/explore_lite/local_setup.dsv
[0.870s] -- Symlinking: /home/will/Crazyflie_WeBots_SLAM/install/explore_lite/share/explore_lite/package.dsv
[0.870s] -- Up-to-date symlink: /home/will/Crazyflie_WeBots_SLAM/install/explore_lite/share/ament_index/resource_index/packages/explore_lite
[0.870s] -- Up-to-date symlink: /home/will/Crazyflie_WeBots_SLAM/install/explore_lite/share/explore_lite/cmake/ament_cmake_export_include_directories-extras.cmake
[0.870s] -- Up-to-date symlink: /home/will/Crazyflie_WeBots_SLAM/install/explore_lite/share/explore_lite/cmake/explore_liteConfig.cmake
[0.870s] -- Up-to-date symlink: /home/will/Crazyflie_WeBots_SLAM/install/explore_lite/share/explore_lite/cmake/explore_liteConfig-version.cmake
[0.870s] -- Up-to-date symlink: /home/will/Crazyflie_WeBots_SLAM/install/explore_lite/share/explore_lite/package.xml
[0.894s] Invoked command in '/home/will/Crazyflie_WeBots_SLAM/build/explore_lite' returned '0': CMAKE_PREFIX_PATH=/opt/ros/galactic CONDA_PROMPT_MODIFIER=(crazyflie_Webots_SLAM) /usr/bin/cmake --install /home/will/Crazyflie_WeBots_SLAM/build/explore_lite
