running develop
running egg_info
creating crazyflie_ros2_simulation.egg-info
writing crazyflie_ros2_simulation.egg-info/PKG-INFO
writing dependency_links to crazyflie_ros2_simulation.egg-info/dependency_links.txt
writing entry points to crazyflie_ros2_simulation.egg-info/entry_points.txt
writing requirements to crazyflie_ros2_simulation.egg-info/requires.txt
writing top-level names to crazyflie_ros2_simulation.egg-info/top_level.txt
writing manifest file 'crazyflie_ros2_simulation.egg-info/SOURCES.txt'
reading manifest file 'crazyflie_ros2_simulation.egg-info/SOURCES.txt'
writing manifest file 'crazyflie_ros2_simulation.egg-info/SOURCES.txt'
running build_ext
Creating /home/will/Crazyflie_WeBots_SLAM/install/crazyflie_ros2_simulation/lib/python3.8/site-packages/site.py
Creating /home/will/Crazyflie_WeBots_SLAM/install/crazyflie_ros2_simulation/lib/python3.8/site-packages/crazyflie-ros2-simulation.egg-link (link to .)
Installing crazyflie_webots_driver script to /home/will/Crazyflie_WeBots_SLAM/install/crazyflie_ros2_simulation/lib/crazyflie_ros2_simulation

Installed /home/will/Crazyflie_WeBots_SLAM/build/crazyflie_ros2_simulation
running install_data
copying package.xml -> /home/will/Crazyflie_WeBots_SLAM/install/crazyflie_ros2_simulation/share/crazyflie_ros2_simulation
creating /home/will/Crazyflie_WeBots_SLAM/install/crazyflie_ros2_simulation/share/crazyflie_ros2_simulation/resource
copying resource/crazyflie_ros2_simulation -> /home/will/Crazyflie_WeBots_SLAM/install/crazyflie_ros2_simulation/share/crazyflie_ros2_simulation/resource/
copying resource/crazyflie.urdf -> /home/will/Crazyflie_WeBots_SLAM/install/crazyflie_ros2_simulation/share/crazyflie_ros2_simulation/resource/
creating /home/will/Crazyflie_WeBots_SLAM/install/crazyflie_ros2_simulation/share/crazyflie_ros2_simulation/launch
copying launch/robot_launch.py -> /home/will/Crazyflie_WeBots_SLAM/install/crazyflie_ros2_simulation/share/crazyflie_ros2_simulation/launch/
creating /home/will/Crazyflie_WeBots_SLAM/install/crazyflie_ros2_simulation/share/crazyflie_ros2_simulation/worlds
copying worlds/crazyflie.wbt -> /home/will/Crazyflie_WeBots_SLAM/install/crazyflie_ros2_simulation/share/crazyflie_ros2_simulation/worlds/
copying worlds/crazyflie_apartment.wbt -> /home/will/Crazyflie_WeBots_SLAM/install/crazyflie_ros2_simulation/share/crazyflie_ros2_simulation/worlds/
creating /home/will/Crazyflie_WeBots_SLAM/install/crazyflie_ros2_simulation/share/crazyflie_ros2_simulation/worlds/meshes
copying worlds/meshes/cw_prop.stl -> /home/will/Crazyflie_WeBots_SLAM/install/crazyflie_ros2_simulation/share/crazyflie_ros2_simulation/worlds/meshes
copying worlds/meshes/cf_body.stl -> /home/will/Crazyflie_WeBots_SLAM/install/crazyflie_ros2_simulation/share/crazyflie_ros2_simulation/worlds/meshes
copying worlds/meshes/battery.stl -> /home/will/Crazyflie_WeBots_SLAM/install/crazyflie_ros2_simulation/share/crazyflie_ros2_simulation/worlds/meshes
copying worlds/meshes/4_motors.stl -> /home/will/Crazyflie_WeBots_SLAM/install/crazyflie_ros2_simulation/share/crazyflie_ros2_simulation/worlds/meshes
copying worlds/meshes/battery_holder.stl -> /home/will/Crazyflie_WeBots_SLAM/install/crazyflie_ros2_simulation/share/crazyflie_ros2_simulation/worlds/meshes
copying worlds/meshes/4_motormounts.stl -> /home/will/Crazyflie_WeBots_SLAM/install/crazyflie_ros2_simulation/share/crazyflie_ros2_simulation/worlds/meshes
copying worlds/meshes/cf2_assembly.stl -> /home/will/Crazyflie_WeBots_SLAM/install/crazyflie_ros2_simulation/share/crazyflie_ros2_simulation/worlds/meshes
copying worlds/meshes/2_pinheaders.stl -> /home/will/Crazyflie_WeBots_SLAM/install/crazyflie_ros2_simulation/share/crazyflie_ros2_simulation/worlds/meshes
copying worlds/meshes/ccw_prop.stl -> /home/will/Crazyflie_WeBots_SLAM/install/crazyflie_ros2_simulation/share/crazyflie_ros2_simulation/worlds/meshes
