[0.238s] Invoking command in '/home/will/Crazyflie_WeBots_SLAM/build/crazyflie_ros2_description': CMAKE_PREFIX_PATH=${CMAKE_PREFIX_PATH}:/home/will/Crazyflie_WeBots_SLAM/install/crazyflie_ros2_simulation:/home/will/Crazyflie_WeBots_SLAM/install/crazyflie_ros2_simple_mapper:/home/will/Crazyflie_WeBots_SLAM/install/crazyflie_ros2_scan:/home/will/Crazyflie_WeBots_SLAM/install/crazyflie_ros2:/opt/ros/galactic /usr/bin/cmake --build /home/will/Crazyflie_WeBots_SLAM/build/crazyflie_ros2_description -- -j16 -l16
[0.787s] Invoked command in '/home/will/Crazyflie_WeBots_SLAM/build/crazyflie_ros2_description' returned '0': CMAKE_PREFIX_PATH=${CMAKE_PREFIX_PATH}:/home/will/Crazyflie_WeBots_SLAM/install/crazyflie_ros2_simulation:/home/will/Crazyflie_WeBots_SLAM/install/crazyflie_ros2_simple_mapper:/home/will/Crazyflie_WeBots_SLAM/install/crazyflie_ros2_scan:/home/will/Crazyflie_WeBots_SLAM/install/crazyflie_ros2:/opt/ros/galactic /usr/bin/cmake --build /home/will/Crazyflie_WeBots_SLAM/build/crazyflie_ros2_description -- -j16 -l16
[0.825s] Invoking command in '/home/will/Crazyflie_WeBots_SLAM/build/crazyflie_ros2_description': CMAKE_PREFIX_PATH=${CMAKE_PREFIX_PATH}:/home/will/Crazyflie_WeBots_SLAM/install/crazyflie_ros2_simulation:/home/will/Crazyflie_WeBots_SLAM/install/crazyflie_ros2_simple_mapper:/home/will/Crazyflie_WeBots_SLAM/install/crazyflie_ros2_scan:/home/will/Crazyflie_WeBots_SLAM/install/crazyflie_ros2:/opt/ros/galactic /usr/bin/cmake --install /home/will/Crazyflie_WeBots_SLAM/build/crazyflie_ros2_description
[0.835s] -- Install configuration: ""
[0.837s] -- Execute custom install script
[0.838s] -- Up-to-date symlink: /home/will/Crazyflie_WeBots_SLAM/install/crazyflie_ros2_description/share/crazyflie_ros2_description/launch/rviz_launch.py
[0.838s] -- Up-to-date symlink: /home/will/Crazyflie_WeBots_SLAM/install/crazyflie_ros2_description/share/crazyflie_ros2_description/urdf/crazyflie_description.urdf
[0.838s] -- Up-to-date symlink: /home/will/Crazyflie_WeBots_SLAM/install/crazyflie_ros2_description/share/crazyflie_ros2_description/rviz/crazyflie.rviz
[0.838s] -- Up-to-date symlink: /home/will/Crazyflie_WeBots_SLAM/install/crazyflie_ros2_description/share/crazyflie_ros2_description/meshes/ccw_prop.dae
[0.838s] -- Up-to-date symlink: /home/will/Crazyflie_WeBots_SLAM/install/crazyflie_ros2_description/share/crazyflie_ros2_description/meshes/cf2_assembly.dae
[0.838s] -- Up-to-date symlink: /home/will/Crazyflie_WeBots_SLAM/install/crazyflie_ros2_description/share/crazyflie_ros2_description/meshes/cf2_assembly.stl
[0.838s] -- Up-to-date symlink: /home/will/Crazyflie_WeBots_SLAM/install/crazyflie_ros2_description/share/crazyflie_ros2_description/meshes/cw_prop.dae
[0.839s] -- Up-to-date symlink: /home/will/Crazyflie_WeBots_SLAM/install/crazyflie_ros2_description/share/ament_index/resource_index/package_run_dependencies/crazyflie_ros2_description
[0.839s] -- Up-to-date symlink: /home/will/Crazyflie_WeBots_SLAM/install/crazyflie_ros2_description/share/ament_index/resource_index/parent_prefix_path/crazyflie_ros2_description
[0.840s] -- Up-to-date symlink: /home/will/Crazyflie_WeBots_SLAM/install/crazyflie_ros2_description/share/crazyflie_ros2_description/environment/ament_prefix_path.sh
[0.840s] -- Up-to-date symlink: /home/will/Crazyflie_WeBots_SLAM/install/crazyflie_ros2_description/share/crazyflie_ros2_description/environment/ament_prefix_path.dsv
[0.840s] -- Up-to-date symlink: /home/will/Crazyflie_WeBots_SLAM/install/crazyflie_ros2_description/share/crazyflie_ros2_description/environment/path.sh
[0.841s] -- Up-to-date symlink: /home/will/Crazyflie_WeBots_SLAM/install/crazyflie_ros2_description/share/crazyflie_ros2_description/environment/path.dsv
[0.841s] -- Up-to-date symlink: /home/will/Crazyflie_WeBots_SLAM/install/crazyflie_ros2_description/share/crazyflie_ros2_description/local_setup.bash
[0.842s] -- Up-to-date symlink: /home/will/Crazyflie_WeBots_SLAM/install/crazyflie_ros2_description/share/crazyflie_ros2_description/local_setup.sh
[0.842s] -- Up-to-date symlink: /home/will/Crazyflie_WeBots_SLAM/install/crazyflie_ros2_description/share/crazyflie_ros2_description/local_setup.zsh
[0.842s] -- Up-to-date symlink: /home/will/Crazyflie_WeBots_SLAM/install/crazyflie_ros2_description/share/crazyflie_ros2_description/local_setup.dsv
[0.842s] -- Symlinking: /home/will/Crazyflie_WeBots_SLAM/install/crazyflie_ros2_description/share/crazyflie_ros2_description/package.dsv
[0.847s] -- Up-to-date symlink: /home/will/Crazyflie_WeBots_SLAM/install/crazyflie_ros2_description/share/ament_index/resource_index/packages/crazyflie_ros2_description
[0.849s] -- Up-to-date symlink: /home/will/Crazyflie_WeBots_SLAM/install/crazyflie_ros2_description/share/crazyflie_ros2_description/cmake/crazyflie_ros2_descriptionConfig.cmake
[0.850s] -- Up-to-date symlink: /home/will/Crazyflie_WeBots_SLAM/install/crazyflie_ros2_description/share/crazyflie_ros2_description/cmake/crazyflie_ros2_descriptionConfig-version.cmake
[0.850s] -- Up-to-date symlink: /home/will/Crazyflie_WeBots_SLAM/install/crazyflie_ros2_description/share/crazyflie_ros2_description/package.xml
[0.891s] Invoked command in '/home/will/Crazyflie_WeBots_SLAM/build/crazyflie_ros2_description' returned '0': CMAKE_PREFIX_PATH=${CMAKE_PREFIX_PATH}:/home/will/Crazyflie_WeBots_SLAM/install/crazyflie_ros2_simulation:/home/will/Crazyflie_WeBots_SLAM/install/crazyflie_ros2_simple_mapper:/home/will/Crazyflie_WeBots_SLAM/install/crazyflie_ros2_scan:/home/will/Crazyflie_WeBots_SLAM/install/crazyflie_ros2:/opt/ros/galactic /usr/bin/cmake --install /home/will/Crazyflie_WeBots_SLAM/build/crazyflie_ros2_description
