[  3%] Built target crazyflie_ros2_interfaces__cpp
[ 12%] Built target crazyflie_ros2_interfaces__rosidl_generator_c
[ 51%] Built target crazyflie_ros2_interfaces__rosidl_typesupport_introspection_c
[ 51%] Built target crazyflie_ros2_interfaces__rosidl_typesupport_cpp
[ 51%] Built target crazyflie_ros2_interfaces__rosidl_typesupport_introspection_cpp
[ 51%] Built target crazyflie_ros2_interfaces__rosidl_typesupport_c
[ 61%] Built target crazyflie_ros2_interfaces__rosidl_typesupport_fastrtps_cpp
[ 70%] Built target crazyflie_ros2_interfaces__rosidl_typesupport_fastrtps_c
[ 70%] Built target crazyflie_ros2_interfaces
[ 74%] Built target crazyflie_ros2_interfaces__py
[ 80%] Built target crazyflie_ros2_interfaces__python
[ 93%] Built target crazyflie_ros2_interfaces__rosidl_typesupport_c__pyext
[ 93%] Built target crazyflie_ros2_interfaces__rosidl_typesupport_fastrtps_c__pyext
[100%] Built target crazyflie_ros2_interfaces__rosidl_typesupport_introspection_c__pyext
-- Install configuration: ""
-- Execute custom install script
-- Up-to-date symlink: /home/will/Crazyflie_WeBots_SLAM/install/crazyflie_ros2_interfaces/share/ament_index/resource_index/rosidl_interfaces/crazyflie_ros2_interfaces
-- Up-to-date symlink: /home/will/Crazyflie_WeBots_SLAM/install/crazyflie_ros2_interfaces/include/crazyflie_ros2_interfaces/action/detail/multi_ranger_scan__functions.h
-- Up-to-date symlink: /home/will/Crazyflie_WeBots_SLAM/install/crazyflie_ros2_interfaces/include/crazyflie_ros2_interfaces/action/detail/multi_ranger_scan__struct.h
-- Up-to-date symlink: /home/will/Crazyflie_WeBots_SLAM/install/crazyflie_ros2_interfaces/include/crazyflie_ros2_interfaces/action/detail/multi_ranger_scan__type_support.h
-- Up-to-date symlink: /home/will/Crazyflie_WeBots_SLAM/install/crazyflie_ros2_interfaces/include/crazyflie_ros2_interfaces/action/multi_ranger_scan.h
-- Up-to-date symlink: /home/will/Crazyflie_WeBots_SLAM/install/crazyflie_ros2_interfaces/include/crazyflie_ros2_interfaces/msg/rosidl_generator_c__visibility_control.h
-- Up-to-date symlink: /home/will/Crazyflie_WeBots_SLAM/install/crazyflie_ros2_interfaces/share/crazyflie_ros2_interfaces/environment/library_path.sh
-- Up-to-date symlink: /home/will/Crazyflie_WeBots_SLAM/install/crazyflie_ros2_interfaces/share/crazyflie_ros2_interfaces/environment/library_path.dsv
-- Up-to-date symlink: /home/will/Crazyflie_WeBots_SLAM/install/crazyflie_ros2_interfaces/include/crazyflie_ros2_interfaces/action/detail/multi_ranger_scan__rosidl_typesupport_fastrtps_c.h
-- Up-to-date symlink: /home/will/Crazyflie_WeBots_SLAM/install/crazyflie_ros2_interfaces/include/crazyflie_ros2_interfaces/msg/rosidl_typesupport_fastrtps_c__visibility_control.h
-- Up-to-date symlink: /home/will/Crazyflie_WeBots_SLAM/install/crazyflie_ros2_interfaces/lib/libcrazyflie_ros2_interfaces__rosidl_typesupport_fastrtps_c.so
-- Up-to-date symlink: /home/will/Crazyflie_WeBots_SLAM/install/crazyflie_ros2_interfaces/include/crazyflie_ros2_interfaces/action/detail/multi_ranger_scan__rosidl_typesupport_fastrtps_cpp.hpp
-- Up-to-date symlink: /home/will/Crazyflie_WeBots_SLAM/install/crazyflie_ros2_interfaces/include/crazyflie_ros2_interfaces/msg/rosidl_typesupport_fastrtps_cpp__visibility_control.h
-- Up-to-date symlink: /home/will/Crazyflie_WeBots_SLAM/install/crazyflie_ros2_interfaces/lib/libcrazyflie_ros2_interfaces__rosidl_typesupport_fastrtps_cpp.so
-- Up-to-date symlink: /home/will/Crazyflie_WeBots_SLAM/install/crazyflie_ros2_interfaces/include/crazyflie_ros2_interfaces/action/detail/multi_ranger_scan__rosidl_typesupport_introspection_c.h
-- Up-to-date symlink: /home/will/Crazyflie_WeBots_SLAM/install/crazyflie_ros2_interfaces/include/crazyflie_ros2_interfaces/msg/rosidl_typesupport_introspection_c__visibility_control.h
-- Up-to-date symlink: /home/will/Crazyflie_WeBots_SLAM/install/crazyflie_ros2_interfaces/include/crazyflie_ros2_interfaces/action/detail/multi_ranger_scan__builder.hpp
-- Up-to-date symlink: /home/will/Crazyflie_WeBots_SLAM/install/crazyflie_ros2_interfaces/include/crazyflie_ros2_interfaces/action/detail/multi_ranger_scan__struct.hpp
-- Up-to-date symlink: /home/will/Crazyflie_WeBots_SLAM/install/crazyflie_ros2_interfaces/include/crazyflie_ros2_interfaces/action/detail/multi_ranger_scan__traits.hpp
-- Up-to-date symlink: /home/will/Crazyflie_WeBots_SLAM/install/crazyflie_ros2_interfaces/include/crazyflie_ros2_interfaces/action/multi_ranger_scan.hpp
-- Up-to-date symlink: /home/will/Crazyflie_WeBots_SLAM/install/crazyflie_ros2_interfaces/include/crazyflie_ros2_interfaces/action/detail/multi_ranger_scan__rosidl_typesupport_introspection_cpp.hpp
-- Up-to-date symlink: /home/will/Crazyflie_WeBots_SLAM/install/crazyflie_ros2_interfaces/share/crazyflie_ros2_interfaces/environment/pythonpath.sh
-- Up-to-date symlink: /home/will/Crazyflie_WeBots_SLAM/install/crazyflie_ros2_interfaces/share/crazyflie_ros2_interfaces/environment/pythonpath.dsv
-- Up-to-date symlink: /home/will/Crazyflie_WeBots_SLAM/install/crazyflie_ros2_interfaces/lib/python3.8/site-packages/crazyflie_ros2_interfaces/__init__.py
-- Up-to-date symlink: /home/will/Crazyflie_WeBots_SLAM/install/crazyflie_ros2_interfaces/lib/python3.8/site-packages/crazyflie_ros2_interfaces/action/__init__.py
-- Up-to-date symlink: /home/will/Crazyflie_WeBots_SLAM/install/crazyflie_ros2_interfaces/lib/python3.8/site-packages/crazyflie_ros2_interfaces/action/_multi_ranger_scan.py
-- Up-to-date symlink: /home/will/Crazyflie_WeBots_SLAM/install/crazyflie_ros2_interfaces/lib/python3.8/site-packages/crazyflie_ros2_interfaces/crazyflie_ros2_interfaces_s__rosidl_typesupport_fastrtps_c.cpython-38-x86_64-linux-gnu.so
-- Up-to-date symlink: /home/will/Crazyflie_WeBots_SLAM/install/crazyflie_ros2_interfaces/lib/python3.8/site-packages/crazyflie_ros2_interfaces/crazyflie_ros2_interfaces_s__rosidl_typesupport_introspection_c.cpython-38-x86_64-linux-gnu.so
-- Up-to-date symlink: /home/will/Crazyflie_WeBots_SLAM/install/crazyflie_ros2_interfaces/lib/python3.8/site-packages/crazyflie_ros2_interfaces/crazyflie_ros2_interfaces_s__rosidl_typesupport_c.cpython-38-x86_64-linux-gnu.so
-- Up-to-date symlink: /home/will/Crazyflie_WeBots_SLAM/install/crazyflie_ros2_interfaces/lib/libcrazyflie_ros2_interfaces__python.so
-- Up-to-date symlink: /home/will/Crazyflie_WeBots_SLAM/install/crazyflie_ros2_interfaces/share/crazyflie_ros2_interfaces/action/MultiRangerScan.idl
-- Up-to-date symlink: /home/will/Crazyflie_WeBots_SLAM/install/crazyflie_ros2_interfaces/share/crazyflie_ros2_interfaces/action/MultiRangerScan.action
-- Up-to-date symlink: /home/will/Crazyflie_WeBots_SLAM/install/crazyflie_ros2_interfaces/share/ament_index/resource_index/package_run_dependencies/crazyflie_ros2_interfaces
-- Up-to-date symlink: /home/will/Crazyflie_WeBots_SLAM/install/crazyflie_ros2_interfaces/share/ament_index/resource_index/parent_prefix_path/crazyflie_ros2_interfaces
-- Up-to-date symlink: /home/will/Crazyflie_WeBots_SLAM/install/crazyflie_ros2_interfaces/share/crazyflie_ros2_interfaces/environment/ament_prefix_path.sh
-- Up-to-date symlink: /home/will/Crazyflie_WeBots_SLAM/install/crazyflie_ros2_interfaces/share/crazyflie_ros2_interfaces/environment/ament_prefix_path.dsv
-- Up-to-date symlink: /home/will/Crazyflie_WeBots_SLAM/install/crazyflie_ros2_interfaces/share/crazyflie_ros2_interfaces/environment/path.sh
-- Up-to-date symlink: /home/will/Crazyflie_WeBots_SLAM/install/crazyflie_ros2_interfaces/share/crazyflie_ros2_interfaces/environment/path.dsv
-- Up-to-date symlink: /home/will/Crazyflie_WeBots_SLAM/install/crazyflie_ros2_interfaces/share/crazyflie_ros2_interfaces/local_setup.bash
-- Up-to-date symlink: /home/will/Crazyflie_WeBots_SLAM/install/crazyflie_ros2_interfaces/share/crazyflie_ros2_interfaces/local_setup.sh
-- Up-to-date symlink: /home/will/Crazyflie_WeBots_SLAM/install/crazyflie_ros2_interfaces/share/crazyflie_ros2_interfaces/local_setup.zsh
-- Up-to-date symlink: /home/will/Crazyflie_WeBots_SLAM/install/crazyflie_ros2_interfaces/share/crazyflie_ros2_interfaces/local_setup.dsv
-- Symlinking: /home/will/Crazyflie_WeBots_SLAM/install/crazyflie_ros2_interfaces/share/crazyflie_ros2_interfaces/package.dsv
-- Up-to-date symlink: /home/will/Crazyflie_WeBots_SLAM/install/crazyflie_ros2_interfaces/share/ament_index/resource_index/packages/crazyflie_ros2_interfaces
-- Up-to-date symlink: /home/will/Crazyflie_WeBots_SLAM/install/crazyflie_ros2_interfaces/share/crazyflie_ros2_interfaces/cmake/rosidl_cmake-extras.cmake
-- Up-to-date symlink: /home/will/Crazyflie_WeBots_SLAM/install/crazyflie_ros2_interfaces/share/crazyflie_ros2_interfaces/cmake/ament_cmake_export_dependencies-extras.cmake
-- Up-to-date symlink: /home/will/Crazyflie_WeBots_SLAM/install/crazyflie_ros2_interfaces/share/crazyflie_ros2_interfaces/cmake/ament_cmake_export_libraries-extras.cmake
-- Up-to-date symlink: /home/will/Crazyflie_WeBots_SLAM/install/crazyflie_ros2_interfaces/share/crazyflie_ros2_interfaces/cmake/ament_cmake_export_targets-extras.cmake
-- Up-to-date symlink: /home/will/Crazyflie_WeBots_SLAM/install/crazyflie_ros2_interfaces/share/crazyflie_ros2_interfaces/cmake/ament_cmake_export_include_directories-extras.cmake
-- Up-to-date symlink: /home/will/Crazyflie_WeBots_SLAM/install/crazyflie_ros2_interfaces/share/crazyflie_ros2_interfaces/cmake/rosidl_cmake_export_typesupport_libraries-extras.cmake
-- Up-to-date symlink: /home/will/Crazyflie_WeBots_SLAM/install/crazyflie_ros2_interfaces/share/crazyflie_ros2_interfaces/cmake/rosidl_cmake_export_typesupport_targets-extras.cmake
-- Up-to-date symlink: /home/will/Crazyflie_WeBots_SLAM/install/crazyflie_ros2_interfaces/share/crazyflie_ros2_interfaces/cmake/crazyflie_ros2_interfacesConfig.cmake
-- Up-to-date symlink: /home/will/Crazyflie_WeBots_SLAM/install/crazyflie_ros2_interfaces/share/crazyflie_ros2_interfaces/cmake/crazyflie_ros2_interfacesConfig-version.cmake
-- Up-to-date symlink: /home/will/Crazyflie_WeBots_SLAM/install/crazyflie_ros2_interfaces/share/crazyflie_ros2_interfaces/package.xml
-- Up-to-date: /home/will/Crazyflie_WeBots_SLAM/install/crazyflie_ros2_interfaces/lib/libcrazyflie_ros2_interfaces__rosidl_generator_c.so
-- Up-to-date: /home/will/Crazyflie_WeBots_SLAM/install/crazyflie_ros2_interfaces/lib/libcrazyflie_ros2_interfaces__rosidl_typesupport_introspection_c.so
-- Up-to-date: /home/will/Crazyflie_WeBots_SLAM/install/crazyflie_ros2_interfaces/lib/libcrazyflie_ros2_interfaces__rosidl_typesupport_c.so
-- Up-to-date: /home/will/Crazyflie_WeBots_SLAM/install/crazyflie_ros2_interfaces/lib/libcrazyflie_ros2_interfaces__rosidl_typesupport_introspection_cpp.so
-- Up-to-date: /home/will/Crazyflie_WeBots_SLAM/install/crazyflie_ros2_interfaces/lib/libcrazyflie_ros2_interfaces__rosidl_typesupport_cpp.so
-- Up-to-date: /home/will/Crazyflie_WeBots_SLAM/install/crazyflie_ros2_interfaces/share/crazyflie_ros2_interfaces/cmake/crazyflie_ros2_interfaces__rosidl_generator_cExport.cmake
-- Up-to-date: /home/will/Crazyflie_WeBots_SLAM/install/crazyflie_ros2_interfaces/share/crazyflie_ros2_interfaces/cmake/crazyflie_ros2_interfaces__rosidl_generator_cExport-noconfig.cmake
-- Up-to-date: /home/will/Crazyflie_WeBots_SLAM/install/crazyflie_ros2_interfaces/share/crazyflie_ros2_interfaces/cmake/crazyflie_ros2_interfaces__rosidl_typesupport_introspection_cExport.cmake
-- Up-to-date: /home/will/Crazyflie_WeBots_SLAM/install/crazyflie_ros2_interfaces/share/crazyflie_ros2_interfaces/cmake/crazyflie_ros2_interfaces__rosidl_typesupport_introspection_cExport-noconfig.cmake
-- Up-to-date: /home/will/Crazyflie_WeBots_SLAM/install/crazyflie_ros2_interfaces/share/crazyflie_ros2_interfaces/cmake/crazyflie_ros2_interfaces__rosidl_typesupport_cExport.cmake
-- Up-to-date: /home/will/Crazyflie_WeBots_SLAM/install/crazyflie_ros2_interfaces/share/crazyflie_ros2_interfaces/cmake/crazyflie_ros2_interfaces__rosidl_typesupport_cExport-noconfig.cmake
-- Up-to-date: /home/will/Crazyflie_WeBots_SLAM/install/crazyflie_ros2_interfaces/share/crazyflie_ros2_interfaces/cmake/crazyflie_ros2_interfaces__rosidl_generator_cppExport.cmake
-- Up-to-date: /home/will/Crazyflie_WeBots_SLAM/install/crazyflie_ros2_interfaces/share/crazyflie_ros2_interfaces/cmake/crazyflie_ros2_interfaces__rosidl_typesupport_introspection_cppExport.cmake
-- Up-to-date: /home/will/Crazyflie_WeBots_SLAM/install/crazyflie_ros2_interfaces/share/crazyflie_ros2_interfaces/cmake/crazyflie_ros2_interfaces__rosidl_typesupport_introspection_cppExport-noconfig.cmake
-- Up-to-date: /home/will/Crazyflie_WeBots_SLAM/install/crazyflie_ros2_interfaces/share/crazyflie_ros2_interfaces/cmake/crazyflie_ros2_interfaces__rosidl_typesupport_cppExport.cmake
-- Up-to-date: /home/will/Crazyflie_WeBots_SLAM/install/crazyflie_ros2_interfaces/share/crazyflie_ros2_interfaces/cmake/crazyflie_ros2_interfaces__rosidl_typesupport_cppExport-noconfig.cmake
