-- Install configuration: ""
-- Execute custom install script
-- Up-to-date symlink: /home/will/Crazyflie_WeBots_SLAM/install/crazyflie_ros2_description/share/crazyflie_ros2_description/launch/rviz_launch.py
-- Up-to-date symlink: /home/will/Crazyflie_WeBots_SLAM/install/crazyflie_ros2_description/share/crazyflie_ros2_description/urdf/crazyflie_description.urdf
-- Up-to-date symlink: /home/will/Crazyflie_WeBots_SLAM/install/crazyflie_ros2_description/share/crazyflie_ros2_description/rviz/crazyflie.rviz
-- Up-to-date symlink: /home/will/Crazyflie_WeBots_SLAM/install/crazyflie_ros2_description/share/crazyflie_ros2_description/meshes/ccw_prop.dae
-- Up-to-date symlink: /home/will/Crazyflie_WeBots_SLAM/install/crazyflie_ros2_description/share/crazyflie_ros2_description/meshes/cf2_assembly.dae
-- Up-to-date symlink: /home/will/Crazyflie_WeBots_SLAM/install/crazyflie_ros2_description/share/crazyflie_ros2_description/meshes/cf2_assembly.stl
-- Up-to-date symlink: /home/will/Crazyflie_WeBots_SLAM/install/crazyflie_ros2_description/share/crazyflie_ros2_description/meshes/cw_prop.dae
-- Up-to-date symlink: /home/will/Crazyflie_WeBots_SLAM/install/crazyflie_ros2_description/share/ament_index/resource_index/package_run_dependencies/crazyflie_ros2_description
-- Up-to-date symlink: /home/will/Crazyflie_WeBots_SLAM/install/crazyflie_ros2_description/share/ament_index/resource_index/parent_prefix_path/crazyflie_ros2_description
-- Up-to-date symlink: /home/will/Crazyflie_WeBots_SLAM/install/crazyflie_ros2_description/share/crazyflie_ros2_description/environment/ament_prefix_path.sh
-- Up-to-date symlink: /home/will/Crazyflie_WeBots_SLAM/install/crazyflie_ros2_description/share/crazyflie_ros2_description/environment/ament_prefix_path.dsv
-- Up-to-date symlink: /home/will/Crazyflie_WeBots_SLAM/install/crazyflie_ros2_description/share/crazyflie_ros2_description/environment/path.sh
-- Up-to-date symlink: /home/will/Crazyflie_WeBots_SLAM/install/crazyflie_ros2_description/share/crazyflie_ros2_description/environment/path.dsv
-- Up-to-date symlink: /home/will/Crazyflie_WeBots_SLAM/install/crazyflie_ros2_description/share/crazyflie_ros2_description/local_setup.bash
-- Up-to-date symlink: /home/will/Crazyflie_WeBots_SLAM/install/crazyflie_ros2_description/share/crazyflie_ros2_description/local_setup.sh
-- Up-to-date symlink: /home/will/Crazyflie_WeBots_SLAM/install/crazyflie_ros2_description/share/crazyflie_ros2_description/local_setup.zsh
-- Up-to-date symlink: /home/will/Crazyflie_WeBots_SLAM/install/crazyflie_ros2_description/share/crazyflie_ros2_description/local_setup.dsv
-- Symlinking: /home/will/Crazyflie_WeBots_SLAM/install/crazyflie_ros2_description/share/crazyflie_ros2_description/package.dsv
-- Up-to-date symlink: /home/will/Crazyflie_WeBots_SLAM/install/crazyflie_ros2_description/share/ament_index/resource_index/packages/crazyflie_ros2_description
-- Up-to-date symlink: /home/will/Crazyflie_WeBots_SLAM/install/crazyflie_ros2_description/share/crazyflie_ros2_description/cmake/crazyflie_ros2_descriptionConfig.cmake
-- Up-to-date symlink: /home/will/Crazyflie_WeBots_SLAM/install/crazyflie_ros2_description/share/crazyflie_ros2_description/cmake/crazyflie_ros2_descriptionConfig-version.cmake
-- Up-to-date symlink: /home/will/Crazyflie_WeBots_SLAM/install/crazyflie_ros2_description/share/crazyflie_ros2_description/package.xml
