[0.691s] Invoking command in '/home/will/Crazyflie_WeBots_SLAM/build/crazyflie_ros2_slam': CMAKE_PREFIX_PATH=/opt/ros/galactic CONDA_PROMPT_MODIFIER=(crazyflie_Webots_SLAM) /usr/bin/cmake --build /home/will/Crazyflie_WeBots_SLAM/build/crazyflie_ros2_slam -- -j16 -l16
[0.723s] Invoked command in '/home/will/Crazyflie_WeBots_SLAM/build/crazyflie_ros2_slam' returned '0': CMAKE_PREFIX_PATH=/opt/ros/galactic CONDA_PROMPT_MODIFIER=(crazyflie_Webots_SLAM) /usr/bin/cmake --build /home/will/Crazyflie_WeBots_SLAM/build/crazyflie_ros2_slam -- -j16 -l16
[0.757s] Invoking command in '/home/will/Crazyflie_WeBots_SLAM/build/crazyflie_ros2_slam': CMAKE_PREFIX_PATH=/opt/ros/galactic CONDA_PROMPT_MODIFIER=(crazyflie_Webots_SLAM) /usr/bin/cmake --install /home/will/Crazyflie_WeBots_SLAM/build/crazyflie_ros2_slam
[0.766s] -- Install configuration: ""
[0.767s] -- Execute custom install script
[0.768s] -- Up-to-date symlink: /home/will/Crazyflie_WeBots_SLAM/install/crazyflie_ros2_slam/share/crazyflie_ros2_slam/launch/slam_toolbox_mapping_real_launch.py
[0.769s] -- Up-to-date symlink: /home/will/Crazyflie_WeBots_SLAM/install/crazyflie_ros2_slam/share/crazyflie_ros2_slam/launch/slam_toolbox_mapping_simulation_launch.py
[0.769s] -- Up-to-date symlink: /home/will/Crazyflie_WeBots_SLAM/install/crazyflie_ros2_slam/share/crazyflie_ros2_slam/config/mapper_params_online_async.yaml
[0.769s] -- Up-to-date symlink: /home/will/Crazyflie_WeBots_SLAM/install/crazyflie_ros2_slam/share/ament_index/resource_index/package_run_dependencies/crazyflie_ros2_slam
[0.769s] -- Up-to-date symlink: /home/will/Crazyflie_WeBots_SLAM/install/crazyflie_ros2_slam/share/ament_index/resource_index/parent_prefix_path/crazyflie_ros2_slam
[0.769s] -- Up-to-date symlink: /home/will/Crazyflie_WeBots_SLAM/install/crazyflie_ros2_slam/share/crazyflie_ros2_slam/environment/ament_prefix_path.sh
[0.769s] -- Up-to-date symlink: /home/will/Crazyflie_WeBots_SLAM/install/crazyflie_ros2_slam/share/crazyflie_ros2_slam/environment/ament_prefix_path.dsv
[0.769s] -- Up-to-date symlink: /home/will/Crazyflie_WeBots_SLAM/install/crazyflie_ros2_slam/share/crazyflie_ros2_slam/environment/path.sh
[0.771s] -- Up-to-date symlink: /home/will/Crazyflie_WeBots_SLAM/install/crazyflie_ros2_slam/share/crazyflie_ros2_slam/environment/path.dsv
[0.771s] -- Up-to-date symlink: /home/will/Crazyflie_WeBots_SLAM/install/crazyflie_ros2_slam/share/crazyflie_ros2_slam/local_setup.bash
[0.771s] -- Up-to-date symlink: /home/will/Crazyflie_WeBots_SLAM/install/crazyflie_ros2_slam/share/crazyflie_ros2_slam/local_setup.sh
[0.771s] -- Up-to-date symlink: /home/will/Crazyflie_WeBots_SLAM/install/crazyflie_ros2_slam/share/crazyflie_ros2_slam/local_setup.zsh
[0.771s] -- Up-to-date symlink: /home/will/Crazyflie_WeBots_SLAM/install/crazyflie_ros2_slam/share/crazyflie_ros2_slam/local_setup.dsv
[0.771s] -- Symlinking: /home/will/Crazyflie_WeBots_SLAM/install/crazyflie_ros2_slam/share/crazyflie_ros2_slam/package.dsv
[0.777s] -- Up-to-date symlink: /home/will/Crazyflie_WeBots_SLAM/install/crazyflie_ros2_slam/share/ament_index/resource_index/packages/crazyflie_ros2_slam
[0.777s] -- Up-to-date symlink: /home/will/Crazyflie_WeBots_SLAM/install/crazyflie_ros2_slam/share/crazyflie_ros2_slam/cmake/crazyflie_ros2_slamConfig.cmake
[0.777s] -- Up-to-date symlink: /home/will/Crazyflie_WeBots_SLAM/install/crazyflie_ros2_slam/share/crazyflie_ros2_slam/cmake/crazyflie_ros2_slamConfig-version.cmake
[0.777s] -- Up-to-date symlink: /home/will/Crazyflie_WeBots_SLAM/install/crazyflie_ros2_slam/share/crazyflie_ros2_slam/package.xml
[0.805s] Invoked command in '/home/will/Crazyflie_WeBots_SLAM/build/crazyflie_ros2_slam' returned '0': CMAKE_PREFIX_PATH=/opt/ros/galactic CONDA_PROMPT_MODIFIER=(crazyflie_Webots_SLAM) /usr/bin/cmake --install /home/will/Crazyflie_WeBots_SLAM/build/crazyflie_ros2_slam
