-- Install configuration: ""
-- Execute custom install script
-- Up-to-date symlink: /home/will/Crazyflie_WeBots_SLAM/install/crazyflie_ros2_navigation/share/crazyflie_ros2_navigation/launch/navigation_real_launch.py
-- Up-to-date symlink: /home/will/Crazyflie_WeBots_SLAM/install/crazyflie_ros2_navigation/share/crazyflie_ros2_navigation/launch/navigation_simulation_launch.py
-- Up-to-date symlink: /home/will/Crazyflie_WeBots_SLAM/install/crazyflie_ros2_navigation/share/crazyflie_ros2_navigation/params/nav2_params.yaml
-- Up-to-date symlink: /home/will/Crazyflie_WeBots_SLAM/install/crazyflie_ros2_navigation/share/ament_index/resource_index/package_run_dependencies/crazyflie_ros2_navigation
-- Up-to-date symlink: /home/will/Crazyflie_WeBots_SLAM/install/crazyflie_ros2_navigation/share/ament_index/resource_index/parent_prefix_path/crazyflie_ros2_navigation
-- Up-to-date symlink: /home/will/Crazyflie_WeBots_SLAM/install/crazyflie_ros2_navigation/share/crazyflie_ros2_navigation/environment/ament_prefix_path.sh
-- Up-to-date symlink: /home/will/Crazyflie_WeBots_SLAM/install/crazyflie_ros2_navigation/share/crazyflie_ros2_navigation/environment/ament_prefix_path.dsv
-- Up-to-date symlink: /home/will/Crazyflie_WeBots_SLAM/install/crazyflie_ros2_navigation/share/crazyflie_ros2_navigation/environment/path.sh
-- Up-to-date symlink: /home/will/Crazyflie_WeBots_SLAM/install/crazyflie_ros2_navigation/share/crazyflie_ros2_navigation/environment/path.dsv
-- Up-to-date symlink: /home/will/Crazyflie_WeBots_SLAM/install/crazyflie_ros2_navigation/share/crazyflie_ros2_navigation/local_setup.bash
-- Up-to-date symlink: /home/will/Crazyflie_WeBots_SLAM/install/crazyflie_ros2_navigation/share/crazyflie_ros2_navigation/local_setup.sh
-- Up-to-date symlink: /home/will/Crazyflie_WeBots_SLAM/install/crazyflie_ros2_navigation/share/crazyflie_ros2_navigation/local_setup.zsh
-- Up-to-date symlink: /home/will/Crazyflie_WeBots_SLAM/install/crazyflie_ros2_navigation/share/crazyflie_ros2_navigation/local_setup.dsv
-- Symlinking: /home/will/Crazyflie_WeBots_SLAM/install/crazyflie_ros2_navigation/share/crazyflie_ros2_navigation/package.dsv
-- Up-to-date symlink: /home/will/Crazyflie_WeBots_SLAM/install/crazyflie_ros2_navigation/share/ament_index/resource_index/packages/crazyflie_ros2_navigation
-- Up-to-date symlink: /home/will/Crazyflie_WeBots_SLAM/install/crazyflie_ros2_navigation/share/crazyflie_ros2_navigation/cmake/crazyflie_ros2_navigationConfig.cmake
-- Up-to-date symlink: /home/will/Crazyflie_WeBots_SLAM/install/crazyflie_ros2_navigation/share/crazyflie_ros2_navigation/cmake/crazyflie_ros2_navigationConfig-version.cmake
-- Up-to-date symlink: /home/will/Crazyflie_WeBots_SLAM/install/crazyflie_ros2_navigation/share/crazyflie_ros2_navigation/package.xml
