[0.728s] Invoking command in '/home/will/Crazyflie_WeBots_SLAM/build/multirobot_map_merge': CMAKE_PREFIX_PATH=${CMAKE_PREFIX_PATH}:/home/will/Crazyflie_WeBots_SLAM/install/crazyflie_ros2_simulation:/home/will/Crazyflie_WeBots_SLAM/install/crazyflie_ros2_simple_mapper:/home/will/Crazyflie_WeBots_SLAM/install/crazyflie_ros2_scan:/home/will/Crazyflie_WeBots_SLAM/install/crazyflie_ros2:/opt/ros/galactic /usr/bin/cmake --build /home/will/Crazyflie_WeBots_SLAM/build/multirobot_map_merge -- -j16 -l16
[0.765s] [ 16%] Built target gtest
[0.769s] [ 33%] Built target gtest_main
[0.777s] [ 66%] Built target combine_grids
[0.805s] [ 83%] Built target map_merge
[0.814s] [100%] Built target test_merging_pipeline
[0.851s] Invoked command in '/home/will/Crazyflie_WeBots_SLAM/build/multirobot_map_merge' returned '0': CMAKE_PREFIX_PATH=${CMAKE_PREFIX_PATH}:/home/will/Crazyflie_WeBots_SLAM/install/crazyflie_ros2_simulation:/home/will/Crazyflie_WeBots_SLAM/install/crazyflie_ros2_simple_mapper:/home/will/Crazyflie_WeBots_SLAM/install/crazyflie_ros2_scan:/home/will/Crazyflie_WeBots_SLAM/install/crazyflie_ros2:/opt/ros/galactic /usr/bin/cmake --build /home/will/Crazyflie_WeBots_SLAM/build/multirobot_map_merge -- -j16 -l16
[0.910s] Invoking command in '/home/will/Crazyflie_WeBots_SLAM/build/multirobot_map_merge': CMAKE_PREFIX_PATH=${CMAKE_PREFIX_PATH}:/home/will/Crazyflie_WeBots_SLAM/install/crazyflie_ros2_simulation:/home/will/Crazyflie_WeBots_SLAM/install/crazyflie_ros2_simple_mapper:/home/will/Crazyflie_WeBots_SLAM/install/crazyflie_ros2_scan:/home/will/Crazyflie_WeBots_SLAM/install/crazyflie_ros2:/opt/ros/galactic /usr/bin/cmake --install /home/will/Crazyflie_WeBots_SLAM/build/multirobot_map_merge
[0.917s] -- Install configuration: ""
[0.917s] -- Execute custom install script
[0.917s] -- Up-to-date symlink: /home/will/Crazyflie_WeBots_SLAM/install/multirobot_map_merge/include/map_merge//map_merge.h
[0.918s] -- Up-to-date symlink: /home/will/Crazyflie_WeBots_SLAM/install/multirobot_map_merge/include/map_merge//ros1_names.hpp
[0.918s] -- Up-to-date symlink: /home/will/Crazyflie_WeBots_SLAM/install/multirobot_map_merge/share/multirobot_map_merge/launch/from_map_server.launch.py
[0.920s] -- Up-to-date symlink: /home/will/Crazyflie_WeBots_SLAM/install/multirobot_map_merge/share/multirobot_map_merge/launch/map_merge.launch.py
[0.920s] -- Up-to-date symlink: /home/will/Crazyflie_WeBots_SLAM/install/multirobot_map_merge/share/multirobot_map_merge/launch/map_merge.rviz
[0.920s] -- Up-to-date symlink: /home/will/Crazyflie_WeBots_SLAM/install/multirobot_map_merge/share/multirobot_map_merge/launch/tb3_simulation/bringup_launch.py
[0.920s] -- Up-to-date symlink: /home/will/Crazyflie_WeBots_SLAM/install/multirobot_map_merge/share/multirobot_map_merge/launch/tb3_simulation/config/nav2_multirobot_params_1.yaml
[0.920s] -- Up-to-date symlink: /home/will/Crazyflie_WeBots_SLAM/install/multirobot_map_merge/share/multirobot_map_merge/launch/tb3_simulation/config/nav2_multirobot_params_2.yaml
[0.921s] -- Up-to-date symlink: /home/will/Crazyflie_WeBots_SLAM/install/multirobot_map_merge/share/multirobot_map_merge/launch/tb3_simulation/multi_tb3_simulation_launch.py
[0.921s] -- Up-to-date symlink: /home/will/Crazyflie_WeBots_SLAM/install/multirobot_map_merge/share/multirobot_map_merge/launch/tb3_simulation/slam_toolbox.py
[0.921s] -- Up-to-date symlink: /home/will/Crazyflie_WeBots_SLAM/install/multirobot_map_merge/share/multirobot_map_merge/launch/tb3_simulation/tb3_simulation_launch.py
[0.921s] -- Up-to-date symlink: /home/will/Crazyflie_WeBots_SLAM/install/multirobot_map_merge/share/multirobot_map_merge/launch/tb3_simulation/worlds/world_only.model
[0.921s] -- Up-to-date symlink: /home/will/Crazyflie_WeBots_SLAM/install/multirobot_map_merge/share/multirobot_map_merge/config/params.yaml
[0.921s] -- Up-to-date symlink: /home/will/Crazyflie_WeBots_SLAM/install/multirobot_map_merge/lib/multirobot_map_merge/map_merge
[0.921s] -- Up-to-date symlink: /home/will/Crazyflie_WeBots_SLAM/install/multirobot_map_merge/share/multirobot_map_merge/environment/library_path.sh
[0.921s] -- Up-to-date symlink: /home/will/Crazyflie_WeBots_SLAM/install/multirobot_map_merge/share/multirobot_map_merge/environment/library_path.dsv
[0.922s] -- Up-to-date symlink: /home/will/Crazyflie_WeBots_SLAM/install/multirobot_map_merge/share/ament_index/resource_index/package_run_dependencies/multirobot_map_merge
[0.922s] -- Up-to-date symlink: /home/will/Crazyflie_WeBots_SLAM/install/multirobot_map_merge/share/ament_index/resource_index/parent_prefix_path/multirobot_map_merge
[0.922s] -- Up-to-date symlink: /home/will/Crazyflie_WeBots_SLAM/install/multirobot_map_merge/share/multirobot_map_merge/environment/ament_prefix_path.sh
[0.922s] -- Up-to-date symlink: /home/will/Crazyflie_WeBots_SLAM/install/multirobot_map_merge/share/multirobot_map_merge/environment/ament_prefix_path.dsv
[0.922s] -- Up-to-date symlink: /home/will/Crazyflie_WeBots_SLAM/install/multirobot_map_merge/share/multirobot_map_merge/environment/path.sh
[0.922s] -- Up-to-date symlink: /home/will/Crazyflie_WeBots_SLAM/install/multirobot_map_merge/share/multirobot_map_merge/environment/path.dsv
[0.922s] -- Up-to-date symlink: /home/will/Crazyflie_WeBots_SLAM/install/multirobot_map_merge/share/multirobot_map_merge/local_setup.bash
[0.922s] -- Up-to-date symlink: /home/will/Crazyflie_WeBots_SLAM/install/multirobot_map_merge/share/multirobot_map_merge/local_setup.sh
[0.922s] -- Up-to-date symlink: /home/will/Crazyflie_WeBots_SLAM/install/multirobot_map_merge/share/multirobot_map_merge/local_setup.zsh
[0.922s] -- Up-to-date symlink: /home/will/Crazyflie_WeBots_SLAM/install/multirobot_map_merge/share/multirobot_map_merge/local_setup.dsv
[0.922s] -- Symlinking: /home/will/Crazyflie_WeBots_SLAM/install/multirobot_map_merge/share/multirobot_map_merge/package.dsv
[0.930s] -- Up-to-date symlink: /home/will/Crazyflie_WeBots_SLAM/install/multirobot_map_merge/share/ament_index/resource_index/packages/multirobot_map_merge
[0.930s] -- Up-to-date symlink: /home/will/Crazyflie_WeBots_SLAM/install/multirobot_map_merge/share/multirobot_map_merge/cmake/ament_cmake_export_include_directories-extras.cmake
[0.930s] -- Up-to-date symlink: /home/will/Crazyflie_WeBots_SLAM/install/multirobot_map_merge/share/multirobot_map_merge/cmake/ament_cmake_export_libraries-extras.cmake
[0.930s] -- Up-to-date symlink: /home/will/Crazyflie_WeBots_SLAM/install/multirobot_map_merge/share/multirobot_map_merge/cmake/multirobot_map_mergeConfig.cmake
[0.930s] -- Up-to-date symlink: /home/will/Crazyflie_WeBots_SLAM/install/multirobot_map_merge/share/multirobot_map_merge/cmake/multirobot_map_mergeConfig-version.cmake
[0.931s] -- Up-to-date symlink: /home/will/Crazyflie_WeBots_SLAM/install/multirobot_map_merge/share/multirobot_map_merge/package.xml
[0.931s] -- Up-to-date: /home/will/Crazyflie_WeBots_SLAM/install/multirobot_map_merge/lib/libcombine_grids.a
[0.943s] Invoked command in '/home/will/Crazyflie_WeBots_SLAM/build/multirobot_map_merge' returned '0': CMAKE_PREFIX_PATH=${CMAKE_PREFIX_PATH}:/home/will/Crazyflie_WeBots_SLAM/install/crazyflie_ros2_simulation:/home/will/Crazyflie_WeBots_SLAM/install/crazyflie_ros2_simple_mapper:/home/will/Crazyflie_WeBots_SLAM/install/crazyflie_ros2_scan:/home/will/Crazyflie_WeBots_SLAM/install/crazyflie_ros2:/opt/ros/galactic /usr/bin/cmake --install /home/will/Crazyflie_WeBots_SLAM/build/multirobot_map_merge
