running develop
running egg_info
creating crazyflie_ros2_simple_mapper.egg-info
writing crazyflie_ros2_simple_mapper.egg-info/PKG-INFO
writing dependency_links to crazyflie_ros2_simple_mapper.egg-info/dependency_links.txt
writing entry points to crazyflie_ros2_simple_mapper.egg-info/entry_points.txt
writing requirements to crazyflie_ros2_simple_mapper.egg-info/requires.txt
writing top-level names to crazyflie_ros2_simple_mapper.egg-info/top_level.txt
writing manifest file 'crazyflie_ros2_simple_mapper.egg-info/SOURCES.txt'
reading manifest file 'crazyflie_ros2_simple_mapper.egg-info/SOURCES.txt'
writing manifest file 'crazyflie_ros2_simple_mapper.egg-info/SOURCES.txt'
running build_ext
Creating /home/will/Crazyflie_WeBots_SLAM/install/crazyflie_ros2_simple_mapper/lib/python3.8/site-packages/site.py
Creating /home/will/Crazyflie_WeBots_SLAM/install/crazyflie_ros2_simple_mapper/lib/python3.8/site-packages/crazyflie-ros2-simple-mapper.egg-link (link to .)
Installing simple_mapper script to /home/will/Crazyflie_WeBots_SLAM/install/crazyflie_ros2_simple_mapper/lib/crazyflie_ros2_simple_mapper

Installed /home/will/Crazyflie_WeBots_SLAM/build/crazyflie_ros2_simple_mapper
running install_data
copying package.xml -> /home/will/Crazyflie_WeBots_SLAM/install/crazyflie_ros2_simple_mapper/share/crazyflie_ros2_simple_mapper
creating /home/will/Crazyflie_WeBots_SLAM/install/crazyflie_ros2_simple_mapper/share/crazyflie_ros2_simple_mapper/resource
copying resource/crazyflie_ros2_simple_mapper -> /home/will/Crazyflie_WeBots_SLAM/install/crazyflie_ros2_simple_mapper/share/crazyflie_ros2_simple_mapper/resource/
creating /home/will/Crazyflie_WeBots_SLAM/install/crazyflie_ros2_simple_mapper/share/crazyflie_ros2_simple_mapper/launch
copying launch/simple_mapper_simulation_launch.py -> /home/will/Crazyflie_WeBots_SLAM/install/crazyflie_ros2_simple_mapper/share/crazyflie_ros2_simple_mapper/launch/
copying launch/simple_mapper_real_launch.py -> /home/will/Crazyflie_WeBots_SLAM/install/crazyflie_ros2_simple_mapper/share/crazyflie_ros2_simple_mapper/launch/
