[0.735s] Invoking command in '/home/will/Crazyflie_WeBots_SLAM/build/crazyflie_ros2_slam': CMAKE_PREFIX_PATH=${CMAKE_PREFIX_PATH}:/home/will/Crazyflie_WeBots_SLAM/install/crazyflie_ros2_simulation:/home/will/Crazyflie_WeBots_SLAM/install/crazyflie_ros2_simple_mapper:/home/will/Crazyflie_WeBots_SLAM/install/crazyflie_ros2_scan:/home/will/Crazyflie_WeBots_SLAM/install/crazyflie_ros2:/opt/ros/galactic /usr/bin/cmake --build /home/will/Crazyflie_WeBots_SLAM/build/crazyflie_ros2_slam -- -j16 -l16
[0.768s] Invoked command in '/home/will/Crazyflie_WeBots_SLAM/build/crazyflie_ros2_slam' returned '0': CMAKE_PREFIX_PATH=${CMAKE_PREFIX_PATH}:/home/will/Crazyflie_WeBots_SLAM/install/crazyflie_ros2_simulation:/home/will/Crazyflie_WeBots_SLAM/install/crazyflie_ros2_simple_mapper:/home/will/Crazyflie_WeBots_SLAM/install/crazyflie_ros2_scan:/home/will/Crazyflie_WeBots_SLAM/install/crazyflie_ros2:/opt/ros/galactic /usr/bin/cmake --build /home/will/Crazyflie_WeBots_SLAM/build/crazyflie_ros2_slam -- -j16 -l16
[0.799s] Invoking command in '/home/will/Crazyflie_WeBots_SLAM/build/crazyflie_ros2_slam': CMAKE_PREFIX_PATH=${CMAKE_PREFIX_PATH}:/home/will/Crazyflie_WeBots_SLAM/install/crazyflie_ros2_simulation:/home/will/Crazyflie_WeBots_SLAM/install/crazyflie_ros2_simple_mapper:/home/will/Crazyflie_WeBots_SLAM/install/crazyflie_ros2_scan:/home/will/Crazyflie_WeBots_SLAM/install/crazyflie_ros2:/opt/ros/galactic /usr/bin/cmake --install /home/will/Crazyflie_WeBots_SLAM/build/crazyflie_ros2_slam
[0.808s] -- Install configuration: ""
[0.808s] -- Execute custom install script
[0.809s] -- Up-to-date symlink: /home/will/Crazyflie_WeBots_SLAM/install/crazyflie_ros2_slam/share/crazyflie_ros2_slam/launch/slam_toolbox_mapping_real_launch.py
[0.811s] -- Up-to-date symlink: /home/will/Crazyflie_WeBots_SLAM/install/crazyflie_ros2_slam/share/crazyflie_ros2_slam/launch/slam_toolbox_mapping_simulation_launch.py
[0.811s] -- Up-to-date symlink: /home/will/Crazyflie_WeBots_SLAM/install/crazyflie_ros2_slam/share/crazyflie_ros2_slam/config/mapper_params_online_async.yaml
[0.811s] -- Up-to-date symlink: /home/will/Crazyflie_WeBots_SLAM/install/crazyflie_ros2_slam/share/ament_index/resource_index/package_run_dependencies/crazyflie_ros2_slam
[0.811s] -- Up-to-date symlink: /home/will/Crazyflie_WeBots_SLAM/install/crazyflie_ros2_slam/share/ament_index/resource_index/parent_prefix_path/crazyflie_ros2_slam
[0.811s] -- Up-to-date symlink: /home/will/Crazyflie_WeBots_SLAM/install/crazyflie_ros2_slam/share/crazyflie_ros2_slam/environment/ament_prefix_path.sh
[0.812s] -- Up-to-date symlink: /home/will/Crazyflie_WeBots_SLAM/install/crazyflie_ros2_slam/share/crazyflie_ros2_slam/environment/ament_prefix_path.dsv
[0.812s] -- Up-to-date symlink: /home/will/Crazyflie_WeBots_SLAM/install/crazyflie_ros2_slam/share/crazyflie_ros2_slam/environment/path.sh
[0.812s] -- Up-to-date symlink: /home/will/Crazyflie_WeBots_SLAM/install/crazyflie_ros2_slam/share/crazyflie_ros2_slam/environment/path.dsv
[0.812s] -- Up-to-date symlink: /home/will/Crazyflie_WeBots_SLAM/install/crazyflie_ros2_slam/share/crazyflie_ros2_slam/local_setup.bash
[0.813s] -- Up-to-date symlink: /home/will/Crazyflie_WeBots_SLAM/install/crazyflie_ros2_slam/share/crazyflie_ros2_slam/local_setup.sh
[0.813s] -- Up-to-date symlink: /home/will/Crazyflie_WeBots_SLAM/install/crazyflie_ros2_slam/share/crazyflie_ros2_slam/local_setup.zsh
[0.813s] -- Up-to-date symlink: /home/will/Crazyflie_WeBots_SLAM/install/crazyflie_ros2_slam/share/crazyflie_ros2_slam/local_setup.dsv
[0.813s] -- Symlinking: /home/will/Crazyflie_WeBots_SLAM/install/crazyflie_ros2_slam/share/crazyflie_ros2_slam/package.dsv
[0.817s] -- Up-to-date symlink: /home/will/Crazyflie_WeBots_SLAM/install/crazyflie_ros2_slam/share/ament_index/resource_index/packages/crazyflie_ros2_slam
[0.817s] -- Up-to-date symlink: /home/will/Crazyflie_WeBots_SLAM/install/crazyflie_ros2_slam/share/crazyflie_ros2_slam/cmake/crazyflie_ros2_slamConfig.cmake
[0.817s] -- Up-to-date symlink: /home/will/Crazyflie_WeBots_SLAM/install/crazyflie_ros2_slam/share/crazyflie_ros2_slam/cmake/crazyflie_ros2_slamConfig-version.cmake
[0.817s] -- Up-to-date symlink: /home/will/Crazyflie_WeBots_SLAM/install/crazyflie_ros2_slam/share/crazyflie_ros2_slam/package.xml
[0.838s] Invoked command in '/home/will/Crazyflie_WeBots_SLAM/build/crazyflie_ros2_slam' returned '0': CMAKE_PREFIX_PATH=${CMAKE_PREFIX_PATH}:/home/will/Crazyflie_WeBots_SLAM/install/crazyflie_ros2_simulation:/home/will/Crazyflie_WeBots_SLAM/install/crazyflie_ros2_simple_mapper:/home/will/Crazyflie_WeBots_SLAM/install/crazyflie_ros2_scan:/home/will/Crazyflie_WeBots_SLAM/install/crazyflie_ros2:/opt/ros/galactic /usr/bin/cmake --install /home/will/Crazyflie_WeBots_SLAM/build/crazyflie_ros2_slam
