-- The C compiler identification is GNU 9.4.0
-- The CXX compiler identification is GNU 9.4.0
-- Check for working C compiler: /usr/bin/cc
-- Check for working C compiler: /usr/bin/cc -- works
-- Detecting C compiler ABI info
-- Detecting C compiler ABI info - done
-- Detecting C compile features
-- Detecting C compile features - done
-- Check for working CXX compiler: /usr/bin/c++
-- Check for working CXX compiler: /usr/bin/c++ -- works
-- Detecting CXX compiler ABI info
-- Detecting CXX compiler ABI info - done
-- Detecting CXX compile features
-- Detecting CXX compile features - done
-- Found ament_cmake: 1.1.6 (/opt/ros/galactic/share/ament_cmake/cmake)
-- Found PythonInterp: /usr/bin/python3 (found suitable version "3.8.10", minimum required is "3") 
-- Using PYTHON_EXECUTABLE: /usr/bin/python3
-- Override CMake install command with custom implementation using symlinks instead of copying resources
-- Found rclcpp: 9.2.2 (/opt/ros/galactic/share/rclcpp/cmake)
-- Using all available rosidl_typesupport_c: rosidl_typesupport_fastrtps_c;rosidl_typesupport_introspection_c
-- Found rosidl_adapter: 2.2.3 (/opt/ros/galactic/share/rosidl_adapter/cmake)
-- Found OpenSSL: /usr/lib/x86_64-linux-gnu/libcrypto.so (found version "1.1.1f")  
-- Found FastRTPS: /opt/ros/galactic/include  
-- Using all available rosidl_typesupport_cpp: rosidl_typesupport_fastrtps_cpp;rosidl_typesupport_introspection_cpp
-- Found rmw_implementation_cmake: 3.3.1 (/opt/ros/galactic/share/rmw_implementation_cmake/cmake)
-- Found rmw_cyclonedds_cpp: 0.22.6 (/opt/ros/galactic/share/rmw_cyclonedds_cpp/cmake)
-- Using RMW implementation 'rmw_cyclonedds_cpp' as default
-- Looking for pthread.h
-- Looking for pthread.h - found
-- Performing Test CMAKE_HAVE_LIBC_PTHREAD
-- Performing Test CMAKE_HAVE_LIBC_PTHREAD - Failed
-- Looking for pthread_create in pthreads
-- Looking for pthread_create in pthreads - not found
-- Looking for pthread_create in pthread
-- Looking for pthread_create in pthread - found
-- Found Threads: TRUE  
-- Found geometry_msgs: 2.2.4 (/opt/ros/galactic/share/geometry_msgs/cmake)
-- Found image_geometry: 3.1.3 (/opt/ros/galactic/share/image_geometry/cmake)
-- Found map_msgs: 2.1.0 (/opt/ros/galactic/share/map_msgs/cmake)
-- Found tf2_geometry_msgs: 0.17.5 (/opt/ros/galactic/share/tf2_geometry_msgs/cmake)
-- Found eigen3_cmake_module: 0.1.1 (/opt/ros/galactic/share/eigen3_cmake_module/cmake)
-- Found Eigen3: TRUE (found version "3.3.7") 
-- Found Boost: /usr/lib/x86_64-linux-gnu/cmake/Boost-1.71.0/BoostConfig.cmake (found version "1.71.0") found components: thread 
-- Found OpenCV: /usr (found version "4.2.0") 
-- Found ament_lint_auto: 0.10.7 (/opt/ros/galactic/share/ament_lint_auto/cmake)
-- Found ament_cmake_gtest: 1.1.6 (/opt/ros/galactic/share/ament_cmake_gtest/cmake)
Checking MD5 sum of /home/will/Crazyflie_WeBots_SLAM/build/multirobot_map_merge/map00.pgm
/home/will/Crazyflie_WeBots_SLAM/build/multirobot_map_merge/map00.pgm: OK
Checking MD5 sum of /home/will/Crazyflie_WeBots_SLAM/build/multirobot_map_merge/map05.pgm
/home/will/Crazyflie_WeBots_SLAM/build/multirobot_map_merge/map05.pgm: OK
Checking MD5 sum of /home/will/Crazyflie_WeBots_SLAM/build/multirobot_map_merge/2011-08-09-12-22-52.pgm
/home/will/Crazyflie_WeBots_SLAM/build/multirobot_map_merge/2011-08-09-12-22-52.pgm: OK
Checking MD5 sum of /home/will/Crazyflie_WeBots_SLAM/build/multirobot_map_merge/2012-01-28-11-12-01.pgm
/home/will/Crazyflie_WeBots_SLAM/build/multirobot_map_merge/2012-01-28-11-12-01.pgm: OK
-- Found gtest sources under '/opt/ros/galactic/src/gtest_vendor': C++ tests using 'Google Test' will be built
-- Check if compiler accepts -pthread
-- Check if compiler accepts -pthread - yes
-- Added test 'cppcheck' to perform static code analysis on C / C++ code
-- Configured cppcheck include dirs: /home/will/Crazyflie_WeBots_SLAM/src/m-explore-ros2/map_merge/include;$<BUILD_INTERFACE:/home/will/Crazyflie_WeBots_SLAM/src/m-explore-ros2/map_merge/include>
-- Configured cppcheck exclude dirs and/or files: 
-- Added test 'flake8' to check Python code syntax and style conventions
-- Added test 'lint_cmake' to check CMake code style
-- Added test 'pep257' to check Python code against some of the style conventions in PEP 257
-- Added test 'uncrustify' to check C / C++ code style
-- Configured uncrustify additional arguments: 
-- Added test 'xmllint' to check XML markup files
-- Configuring done
-- Generating done
-- Build files have been written to: /home/will/Crazyflie_WeBots_SLAM/build/multirobot_map_merge
[35m[1mScanning dependencies of target gtest[0m
[35m[1mScanning dependencies of target gtest_main[0m
[35m[1mScanning dependencies of target combine_grids[0m
[  8%] [32mBuilding CXX object gtest/CMakeFiles/gtest_main.dir/src/gtest_main.cc.o[0m
[ 16%] [32mBuilding CXX object gtest/CMakeFiles/gtest.dir/src/gtest-all.cc.o[0m
[ 33%] [32mBuilding CXX object CMakeFiles/combine_grids.dir/src/combine_grids/grid_warper.cpp.o[0m
[ 33%] [32mBuilding CXX object CMakeFiles/combine_grids.dir/src/combine_grids/grid_compositor.cpp.o[0m
[ 41%] [32mBuilding CXX object CMakeFiles/combine_grids.dir/src/combine_grids/merging_pipeline.cpp.o[0m
[ 50%] [32m[1mLinking CXX static library libgtest_main.a[0m
[ 50%] Built target gtest_main
[ 58%] [32m[1mLinking CXX static library libcombine_grids.a[0m
[ 66%] [32m[1mLinking CXX static library libgtest.a[0m
[ 66%] Built target combine_grids
[35m[1mScanning dependencies of target map_merge[0m
[ 66%] Built target gtest
[35m[1mScanning dependencies of target test_merging_pipeline[0m
[ 75%] [32mBuilding CXX object CMakeFiles/map_merge.dir/src/map_merge.cpp.o[0m
[ 83%] [32mBuilding CXX object CMakeFiles/test_merging_pipeline.dir/test/test_merging_pipeline.cpp.o[0m
[ 91%] [32m[1mLinking CXX executable test_merging_pipeline[0m
[ 91%] Built target test_merging_pipeline
[100%] [32m[1mLinking CXX executable map_merge[0m
[100%] Built target map_merge
-- Install configuration: ""
-- Execute custom install script
-- Symlinking: /home/will/Crazyflie_WeBots_SLAM/install/multirobot_map_merge/include/map_merge//map_merge.h
-- Symlinking: /home/will/Crazyflie_WeBots_SLAM/install/multirobot_map_merge/include/map_merge//ros1_names.hpp
-- Symlinking: /home/will/Crazyflie_WeBots_SLAM/install/multirobot_map_merge/share/multirobot_map_merge/launch/from_map_server.launch.py
-- Symlinking: /home/will/Crazyflie_WeBots_SLAM/install/multirobot_map_merge/share/multirobot_map_merge/launch/map_merge.launch.py
-- Symlinking: /home/will/Crazyflie_WeBots_SLAM/install/multirobot_map_merge/share/multirobot_map_merge/launch/map_merge.rviz
-- Symlinking: /home/will/Crazyflie_WeBots_SLAM/install/multirobot_map_merge/share/multirobot_map_merge/launch/tb3_simulation/bringup_launch.py
-- Symlinking: /home/will/Crazyflie_WeBots_SLAM/install/multirobot_map_merge/share/multirobot_map_merge/launch/tb3_simulation/config/nav2_multirobot_params_1.yaml
-- Symlinking: /home/will/Crazyflie_WeBots_SLAM/install/multirobot_map_merge/share/multirobot_map_merge/launch/tb3_simulation/config/nav2_multirobot_params_2.yaml
-- Symlinking: /home/will/Crazyflie_WeBots_SLAM/install/multirobot_map_merge/share/multirobot_map_merge/launch/tb3_simulation/multi_tb3_simulation_launch.py
-- Symlinking: /home/will/Crazyflie_WeBots_SLAM/install/multirobot_map_merge/share/multirobot_map_merge/launch/tb3_simulation/slam_toolbox.py
-- Symlinking: /home/will/Crazyflie_WeBots_SLAM/install/multirobot_map_merge/share/multirobot_map_merge/launch/tb3_simulation/tb3_simulation_launch.py
-- Symlinking: /home/will/Crazyflie_WeBots_SLAM/install/multirobot_map_merge/share/multirobot_map_merge/launch/tb3_simulation/worlds/world_only.model
-- Symlinking: /home/will/Crazyflie_WeBots_SLAM/install/multirobot_map_merge/share/multirobot_map_merge/config/params.yaml
-- Symlinking: /home/will/Crazyflie_WeBots_SLAM/install/multirobot_map_merge/lib/multirobot_map_merge/map_merge
-- Symlinking: /home/will/Crazyflie_WeBots_SLAM/install/multirobot_map_merge/share/multirobot_map_merge/environment/library_path.sh
-- Symlinking: /home/will/Crazyflie_WeBots_SLAM/install/multirobot_map_merge/share/multirobot_map_merge/environment/library_path.dsv
-- Symlinking: /home/will/Crazyflie_WeBots_SLAM/install/multirobot_map_merge/share/ament_index/resource_index/package_run_dependencies/multirobot_map_merge
-- Symlinking: /home/will/Crazyflie_WeBots_SLAM/install/multirobot_map_merge/share/ament_index/resource_index/parent_prefix_path/multirobot_map_merge
-- Symlinking: /home/will/Crazyflie_WeBots_SLAM/install/multirobot_map_merge/share/multirobot_map_merge/environment/ament_prefix_path.sh
-- Symlinking: /home/will/Crazyflie_WeBots_SLAM/install/multirobot_map_merge/share/multirobot_map_merge/environment/ament_prefix_path.dsv
-- Symlinking: /home/will/Crazyflie_WeBots_SLAM/install/multirobot_map_merge/share/multirobot_map_merge/environment/path.sh
-- Symlinking: /home/will/Crazyflie_WeBots_SLAM/install/multirobot_map_merge/share/multirobot_map_merge/environment/path.dsv
-- Symlinking: /home/will/Crazyflie_WeBots_SLAM/install/multirobot_map_merge/share/multirobot_map_merge/local_setup.bash
-- Symlinking: /home/will/Crazyflie_WeBots_SLAM/install/multirobot_map_merge/share/multirobot_map_merge/local_setup.sh
-- Symlinking: /home/will/Crazyflie_WeBots_SLAM/install/multirobot_map_merge/share/multirobot_map_merge/local_setup.zsh
-- Symlinking: /home/will/Crazyflie_WeBots_SLAM/install/multirobot_map_merge/share/multirobot_map_merge/local_setup.dsv
-- Symlinking: /home/will/Crazyflie_WeBots_SLAM/install/multirobot_map_merge/share/multirobot_map_merge/package.dsv
-- Symlinking: /home/will/Crazyflie_WeBots_SLAM/install/multirobot_map_merge/share/ament_index/resource_index/packages/multirobot_map_merge
-- Symlinking: /home/will/Crazyflie_WeBots_SLAM/install/multirobot_map_merge/share/multirobot_map_merge/cmake/ament_cmake_export_include_directories-extras.cmake
-- Symlinking: /home/will/Crazyflie_WeBots_SLAM/install/multirobot_map_merge/share/multirobot_map_merge/cmake/ament_cmake_export_libraries-extras.cmake
-- Symlinking: /home/will/Crazyflie_WeBots_SLAM/install/multirobot_map_merge/share/multirobot_map_merge/cmake/multirobot_map_mergeConfig.cmake
-- Symlinking: /home/will/Crazyflie_WeBots_SLAM/install/multirobot_map_merge/share/multirobot_map_merge/cmake/multirobot_map_mergeConfig-version.cmake
-- Symlinking: /home/will/Crazyflie_WeBots_SLAM/install/multirobot_map_merge/share/multirobot_map_merge/package.xml
-- Installing: /home/will/Crazyflie_WeBots_SLAM/install/multirobot_map_merge/lib/libcombine_grids.a
