-- The C compiler identification is GNU 9.4.0
-- The CXX compiler identification is GNU 9.4.0
-- Check for working C compiler: /usr/bin/cc
-- Check for working C compiler: /usr/bin/cc -- works
-- Detecting C compiler ABI info
-- Detecting C compiler ABI info - done
-- Detecting C compile features
-- Detecting C compile features - done
-- Check for working CXX compiler: /usr/bin/c++
-- Check for working CXX compiler: /usr/bin/c++ -- works
-- Detecting CXX compiler ABI info
-- Detecting CXX compiler ABI info - done
-- Detecting CXX compile features
-- Detecting CXX compile features - done
-- Found ament_cmake: 1.1.6 (/opt/ros/galactic/share/ament_cmake/cmake)
-- Found PythonInterp: /usr/bin/python3 (found suitable version "3.8.10", minimum required is "3") 
-- Using PYTHON_EXECUTABLE: /usr/bin/python3
-- Override CMake install command with custom implementation using symlinks instead of copying resources
-- Found rclcpp: 9.2.2 (/opt/ros/galactic/share/rclcpp/cmake)
-- Using all available rosidl_typesupport_c: rosidl_typesupport_fastrtps_c;rosidl_typesupport_introspection_c
-- Found rosidl_adapter: 2.2.3 (/opt/ros/galactic/share/rosidl_adapter/cmake)
-- Found OpenSSL: /usr/lib/x86_64-linux-gnu/libcrypto.so (found version "1.1.1f")  
-- Found FastRTPS: /opt/ros/galactic/include  
-- Using all available rosidl_typesupport_cpp: rosidl_typesupport_fastrtps_cpp;rosidl_typesupport_introspection_cpp
-- Found rmw_implementation_cmake: 3.3.1 (/opt/ros/galactic/share/rmw_implementation_cmake/cmake)
-- Found rmw_cyclonedds_cpp: 0.22.6 (/opt/ros/galactic/share/rmw_cyclonedds_cpp/cmake)
-- Using RMW implementation 'rmw_cyclonedds_cpp' as default
-- Looking for pthread.h
-- Looking for pthread.h - found
-- Performing Test CMAKE_HAVE_LIBC_PTHREAD
-- Performing Test CMAKE_HAVE_LIBC_PTHREAD - Failed
-- Looking for pthread_create in pthreads
-- Looking for pthread_create in pthreads - not found
-- Looking for pthread_create in pthread
-- Looking for pthread_create in pthread - found
-- Found Threads: TRUE  
-- Found geometry_msgs: 2.2.4 (/opt/ros/galactic/share/geometry_msgs/cmake)
-- Found image_geometry: 3.1.3 (/opt/ros/galactic/share/image_geometry/cmake)
-- Found map_msgs: 2.1.0 (/opt/ros/galactic/share/map_msgs/cmake)
-- Found tf2_geometry_msgs: 0.17.5 (/opt/ros/galactic/share/tf2_geometry_msgs/cmake)
-- Found eigen3_cmake_module: 0.1.1 (/opt/ros/galactic/share/eigen3_cmake_module/cmake)
-- Found Eigen3: TRUE (found version "3.3.7") 
-- Found Boost: /usr/lib/x86_64-linux-gnu/cmake/Boost-1.71.0/BoostConfig.cmake (found version "1.71.0") found components: thread 
-- Found OpenCV: /usr (found version "4.2.0") 
-- Found ament_lint_auto: 0.10.7 (/opt/ros/galactic/share/ament_lint_auto/cmake)
-- Found ament_cmake_gtest: 1.1.6 (/opt/ros/galactic/share/ament_cmake_gtest/cmake)
--2023-01-24 09:12:16--  https://raw.githubusercontent.com/hrnr/m-explore-extra/master/map_merge/hector_maps/map00.pgm
Resolving raw.githubusercontent.com (raw.githubusercontent.com)... 185.199.108.133, 185.199.109.133, 185.199.110.133, ...
Connecting to raw.githubusercontent.com (raw.githubusercontent.com)|185.199.108.133|:443... connected.
HTTP request sent, awaiting response... 200 OK
Length: 4194362 (4.0M) [application/octet-stream]
Saving to: ‘/home/will/Crazyflie_WeBots_SLAM/build/multirobot_map_merge/map00.pgm’

     0K .......... .......... .......... .......... ..........  1% 1.92M 2s
    50K .......... .......... .......... .......... ..........  2% 2.59M 2s
   100K .......... .......... .......... .......... ..........  3% 7.81M 1s
   150K .......... .......... .......... .......... ..........  4% 11.8M 1s
   200K .......... .......... .......... .......... ..........  6% 4.83M 1s
   250K .......... .......... .......... .......... ..........  7% 11.7M 1s
   300K .......... .......... .......... .......... ..........  8% 13.4M 1s
   350K .......... .......... .......... .......... ..........  9% 13.9M 1s
   400K .......... .......... .......... .......... .......... 10% 22.8M 1s
   450K .......... .......... .......... .......... .......... 12% 32.5M 1s
   500K .......... .......... .......... .......... .......... 13% 8.22M 1s
   550K .......... .......... .......... .......... .......... 14% 12.5M 1s
   600K .......... .......... .......... .......... .......... 15% 16.1M 0s
   650K .......... .......... .......... .......... .......... 17% 16.2M 0s
   700K .......... .......... .......... .......... .......... 18% 15.2M 0s
   750K .......... .......... .......... .......... .......... 19% 47.9M 0s
   800K .......... .......... .......... .......... .......... 20% 14.1M 0s
   850K .......... .......... .......... .......... .......... 21% 35.5M 0s
   900K .......... .......... .......... .......... .......... 23% 42.8M 0s
   950K .......... .......... .......... .......... .......... 24% 13.3M 0s
  1000K .......... .......... .......... .......... .......... 25% 56.4M 0s
  1050K .......... .......... .......... .......... .......... 26% 26.0M 0s
  1100K .......... .......... .......... .......... .......... 28% 29.1M 0s
  1150K .......... .......... .......... .......... .......... 29% 14.1M 0s
  1200K .......... .......... .......... .......... .......... 30% 42.8M 0s
  1250K .......... .......... .......... .......... .......... 31% 22.7M 0s
  1300K .......... .......... .......... .......... .......... 32% 31.2M 0s
  1350K .......... .......... .......... .......... .......... 34% 44.0M 0s
  1400K .......... .......... .......... .......... .......... 35% 21.0M 0s
  1450K .......... .......... .......... .......... .......... 36% 15.7M 0s
  1500K .......... .......... .......... .......... .......... 37% 82.1M 0s
  1550K .......... .......... .......... .......... .......... 39% 23.3M 0s
  1600K .......... .......... .......... .......... .......... 40% 21.0M 0s
  1650K .......... .......... .......... .......... .......... 41% 23.9M 0s
  1700K .......... .......... .......... .......... .......... 42% 21.1M 0s
  1750K .......... .......... .......... .......... .......... 43% 87.8M 0s
  1800K .......... .......... .......... .......... .......... 45% 31.9M 0s
  1850K .......... .......... .......... .......... .......... 46% 57.8M 0s
  1900K .......... .......... .......... .......... .......... 47% 16.2M 0s
  1950K .......... .......... .......... .......... .......... 48% 62.3M 0s
  2000K .......... .......... .......... .......... .......... 50% 12.9M 0s
  2050K .......... .......... .......... .......... .......... 51% 32.9M 0s
  2100K .......... .......... .......... .......... .......... 52% 20.7M 0s
  2150K .......... .......... .......... .......... .......... 53% 52.0M 0s
  2200K .......... .......... .......... .......... .......... 54% 40.3M 0s
  2250K .......... .......... .......... .......... .......... 56% 42.3M 0s
  2300K .......... .......... .......... .......... .......... 57% 21.9M 0s
  2350K .......... .......... .......... .......... .......... 58% 43.5M 0s
  2400K .......... .......... .......... .......... .......... 59% 14.3M 0s
  2450K .......... .......... .......... .......... .......... 61% 43.6M 0s
  2500K .......... .......... .......... .......... .......... 62% 27.9M 0s
  2550K .......... .......... .......... .......... .......... 63% 37.3M 0s
  2600K .......... .......... .......... .......... .......... 64% 17.6M 0s
  2650K .......... .......... .......... .......... .......... 65% 50.3M 0s
  2700K .......... .......... .......... .......... .......... 67% 53.3M 0s
  2750K .......... .......... .......... .......... .......... 68% 11.8M 0s
  2800K .......... .......... .......... .......... .......... 69% 35.4M 0s
  2850K .......... .......... .......... .......... .......... 70% 22.4M 0s
  2900K .......... .......... .......... .......... .......... 72% 41.2M 0s
  2950K .......... .......... .......... .......... .......... 73% 35.6M 0s
  3000K .......... .......... .......... .......... .......... 74% 17.7M 0s
  3050K .......... .......... .......... .......... .......... 75% 32.0M 0s
  3100K .......... .......... .......... .......... .......... 76% 50.9M 0s
  3150K .......... .......... .......... .......... .......... 78% 30.3M 0s
  3200K .......... .......... .......... .......... .......... 79% 17.4M 0s
  3250K .......... .......... .......... .......... .......... 80% 64.7M 0s
  3300K .......... .......... .......... .......... .......... 81% 30.2M 0s
  3350K .......... .......... .......... .......... .......... 83% 16.0M 0s
  3400K .......... .......... .......... .......... .......... 84% 31.5M 0s
  3450K .......... .......... .......... .......... .......... 85% 12.3M 0s
  3500K .......... .......... .......... .......... .......... 86% 62.2M 0s
  3550K .......... .......... .......... .......... .......... 87% 26.4M 0s
  3600K .......... .......... .......... .......... .......... 89% 27.3M 0s
  3650K .......... .......... .......... .......... .......... 90% 34.5M 0s
  3700K .......... .......... .......... .......... .......... 91% 64.3M 0s
  3750K .......... .......... .......... .......... .......... 92% 20.0M 0s
  3800K .......... .......... .......... .......... .......... 93% 22.4M 0s
  3850K .......... .......... .......... .......... .......... 95% 13.0M 0s
  3900K .......... .......... .......... .......... .......... 96%  247M 0s
  3950K .......... .......... .......... .......... .......... 97% 35.7M 0s
  4000K .......... .......... .......... .......... .......... 98% 22.4M 0s
  4050K .......... .......... .......... .......... ......    100% 29.8M=0.2s

2023-01-24 09:12:17 (18.0 MB/s) - ‘/home/will/Crazyflie_WeBots_SLAM/build/multirobot_map_merge/map00.pgm’ saved [4194362/4194362]

Checking MD5 sum of /home/will/Crazyflie_WeBots_SLAM/build/multirobot_map_merge/map00.pgm
/home/will/Crazyflie_WeBots_SLAM/build/multirobot_map_merge/map00.pgm: OK
--2023-01-24 09:12:17--  https://raw.githubusercontent.com/hrnr/m-explore-extra/master/map_merge/hector_maps/map05.pgm
Resolving raw.githubusercontent.com (raw.githubusercontent.com)... 185.199.111.133, 185.199.110.133, 185.199.109.133, ...
Connecting to raw.githubusercontent.com (raw.githubusercontent.com)|185.199.111.133|:443... connected.
HTTP request sent, awaiting response... 200 OK
Length: 4194362 (4.0M) [application/octet-stream]
Saving to: ‘/home/will/Crazyflie_WeBots_SLAM/build/multirobot_map_merge/map05.pgm’

     0K .......... .......... .......... .......... ..........  1% 2.12M 2s
    50K .......... .......... .......... .......... ..........  2% 2.73M 2s
   100K .......... .......... .......... .......... ..........  3% 10.9M 1s
   150K .......... .......... .......... .......... ..........  4% 14.1M 1s
   200K .......... .......... .......... .......... ..........  6% 3.35M 1s
   250K .......... .......... .......... .......... ..........  7% 19.2M 1s
   300K .......... .......... .......... .......... ..........  8% 16.7M 1s
   350K .......... .......... .......... .......... ..........  9% 17.9M 1s
   400K .......... .......... .......... .......... .......... 10% 19.6M 1s
   450K .......... .......... .......... .......... .......... 12% 38.2M 1s
   500K .......... .......... .......... .......... .......... 13% 4.72M 1s
   550K .......... .......... .......... .......... .......... 14% 20.1M 1s
   600K .......... .......... .......... .......... .......... 15% 11.9M 0s
   650K .......... .......... .......... .......... .......... 17% 17.1M 0s
   700K .......... .......... .......... .......... .......... 18% 12.4M 0s
   750K .......... .......... .......... .......... .......... 19% 19.0M 0s
   800K .......... .......... .......... .......... .......... 20% 7.66M 0s
   850K .......... .......... .......... .......... .......... 21% 15.8M 0s
   900K .......... .......... .......... .......... .......... 23% 19.0M 0s
   950K .......... .......... .......... .......... .......... 24% 14.0M 0s
  1000K .......... .......... .......... .......... .......... 25% 16.7M 0s
  1050K .......... .......... .......... .......... .......... 26% 21.5M 0s
  1100K .......... .......... .......... .......... .......... 28% 7.04M 0s
  1150K .......... .......... .......... .......... .......... 29% 10.5M 0s
  1200K .......... .......... .......... .......... .......... 30% 23.3M 0s
  1250K .......... .......... .......... .......... .......... 31% 14.9M 0s
  1300K .......... .......... .......... .......... .......... 32% 18.7M 0s
  1350K .......... .......... .......... .......... .......... 34% 16.4M 0s
  1400K .......... .......... .......... .......... .......... 35% 18.5M 0s
  1450K .......... .......... .......... .......... .......... 36% 13.9M 0s
  1500K .......... .......... .......... .......... .......... 37% 18.7M 0s
  1550K .......... .......... .......... .......... .......... 39% 11.6M 0s
  1600K .......... .......... .......... .......... .......... 40% 11.8M 0s
  1650K .......... .......... .......... .......... .......... 41% 18.2M 0s
  1700K .......... .......... .......... .......... .......... 42% 22.2M 0s
  1750K .......... .......... .......... .......... .......... 43% 17.0M 0s
  1800K .......... .......... .......... .......... .......... 45% 11.1M 0s
  1850K .......... .......... .......... .......... .......... 46% 21.0M 0s
  1900K .......... .......... .......... .......... .......... 47% 19.9M 0s
  1950K .......... .......... .......... .......... .......... 48% 8.78M 0s
  2000K .......... .......... .......... .......... .......... 50% 16.4M 0s
  2050K .......... .......... .......... .......... .......... 51% 22.8M 0s
  2100K .......... .......... .......... .......... .......... 52% 11.7M 0s
  2150K .......... .......... .......... .......... .......... 53% 15.0M 0s
  2200K .......... .......... .......... .......... .......... 54% 12.8M 0s
  2250K .......... .......... .......... .......... .......... 56% 22.7M 0s
  2300K .......... .......... .......... .......... .......... 57% 40.0M 0s
  2350K .......... .......... .......... .......... .......... 58% 17.6M 0s
  2400K .......... .......... .......... .......... .......... 59% 18.4M 0s
  2450K .......... .......... .......... .......... .......... 61% 40.4M 0s
  2500K .......... .......... .......... .......... .......... 62% 7.37M 0s
  2550K .......... .......... .......... .......... .......... 63% 12.9M 0s
  2600K .......... .......... .......... .......... .......... 64% 16.2M 0s
  2650K .......... .......... .......... .......... .......... 65% 21.3M 0s
  2700K .......... .......... .......... .......... .......... 67% 18.5M 0s
  2750K .......... .......... .......... .......... .......... 68% 17.9M 0s
  2800K .......... .......... .......... .......... .......... 69% 19.9M 0s
  2850K .......... .......... .......... .......... .......... 70% 22.5M 0s
  2900K .......... .......... .......... .......... .......... 72% 11.1M 0s
  2950K .......... .......... .......... .......... .......... 73% 58.3M 0s
  3000K .......... .......... .......... .......... .......... 74% 15.5M 0s
  3050K .......... .......... .......... .......... .......... 75% 19.8M 0s
  3100K .......... .......... .......... .......... .......... 76% 15.1M 0s
  3150K .......... .......... .......... .......... .......... 78% 14.6M 0s
  3200K .......... .......... .......... .......... .......... 79% 18.2M 0s
  3250K .......... .......... .......... .......... .......... 80% 21.6M 0s
  3300K .......... .......... .......... .......... .......... 81% 20.6M 0s
  3350K .......... .......... .......... .......... .......... 83% 15.6M 0s
  3400K .......... .......... .......... .......... .......... 84% 13.3M 0s
  3450K .......... .......... .......... .......... .......... 85% 17.9M 0s
  3500K .......... .......... .......... .......... .......... 86% 39.9M 0s
  3550K .......... .......... .......... .......... .......... 87% 17.9M 0s
  3600K .......... .......... .......... .......... .......... 89% 17.2M 0s
  3650K .......... .......... .......... .......... .......... 90% 32.5M 0s
  3700K .......... .......... .......... .......... .......... 91% 22.4M 0s
  3750K .......... .......... .......... .......... .......... 92% 12.5M 0s
  3800K .......... .......... .......... .......... .......... 93% 16.1M 0s
  3850K .......... .......... .......... .......... .......... 95% 9.51M 0s
  3900K .......... .......... .......... .......... .......... 96% 35.1M 0s
  3950K .......... .......... .......... .......... .......... 97% 19.7M 0s
  4000K .......... .......... .......... .......... .......... 98% 13.7M 0s
  4050K .......... .......... .......... .......... ......    100%  106M=0.3s

2023-01-24 09:12:18 (13.3 MB/s) - ‘/home/will/Crazyflie_WeBots_SLAM/build/multirobot_map_merge/map05.pgm’ saved [4194362/4194362]

Checking MD5 sum of /home/will/Crazyflie_WeBots_SLAM/build/multirobot_map_merge/map05.pgm
/home/will/Crazyflie_WeBots_SLAM/build/multirobot_map_merge/map05.pgm: OK
--2023-01-24 09:12:18--  https://raw.githubusercontent.com/hrnr/m-explore-extra/master/map_merge/gmapping_maps/2011-08-09-12-22-52.pgm
Resolving raw.githubusercontent.com (raw.githubusercontent.com)... 185.199.111.133, 185.199.110.133, 185.199.109.133, ...
Connecting to raw.githubusercontent.com (raw.githubusercontent.com)|185.199.111.133|:443... connected.
HTTP request sent, awaiting response... 200 OK
Length: 16000058 (15M) [text/plain]
Saving to: ‘/home/will/Crazyflie_WeBots_SLAM/build/multirobot_map_merge/2011-08-09-12-22-52.pgm’

     0K .......... .......... .......... .......... ..........  0% 2.27M 7s
    50K .......... .......... .......... .......... ..........  0% 2.52M 6s
   100K .......... .......... .......... .......... ..........  0% 14.2M 5s
   150K .......... .......... .......... .......... ..........  1% 3.15M 5s
   200K .......... .......... .......... .......... ..........  1% 6.13M 4s
   250K .......... .......... .......... .......... ..........  1% 4.22M 4s
   300K .......... .......... .......... .......... ..........  2% 5.42M 4s
   350K .......... .......... .......... .......... ..........  2% 3.77M 4s
   400K .......... .......... .......... .......... ..........  2% 3.95M 4s
   450K .......... .......... .......... .......... ..........  3% 6.21M 4s
   500K .......... .......... .......... .......... ..........  3% 3.94M 4s
   550K .......... .......... .......... .......... ..........  3% 6.38M 4s
   600K .......... .......... .......... .......... ..........  4% 4.56M 4s
   650K .......... .......... .......... .......... ..........  4% 4.86M 3s
   700K .......... .......... .......... .......... ..........  4% 5.52M 3s
   750K .......... .......... .......... .......... ..........  5% 4.27M 3s
   800K .......... .......... .......... .......... ..........  5% 3.93M 3s
   850K .......... .......... .......... .......... ..........  5% 6.49M 3s
   900K .......... .......... .......... .......... ..........  6% 4.01M 3s
   950K .......... .......... .......... .......... ..........  6% 6.96M 3s
  1000K .......... .......... .......... .......... ..........  6% 4.16M 3s
  1050K .......... .......... .......... .......... ..........  7% 7.29M 3s
  1100K .......... .......... .......... .......... ..........  7% 6.87M 3s
  1150K .......... .......... .......... .......... ..........  7% 3.61M 3s
  1200K .......... .......... .......... .......... ..........  7% 4.22M 3s
  1250K .......... .......... .......... .......... ..........  8% 6.74M 3s
  1300K .......... .......... .......... .......... ..........  8% 3.91M 3s
  1350K .......... .......... .......... .......... ..........  8% 5.52M 3s
  1400K .......... .......... .......... .......... ..........  9% 6.80M 3s
  1450K .......... .......... .......... .......... ..........  9% 4.41M 3s
  1500K .......... .......... .......... .......... ..........  9% 6.55M 3s
  1550K .......... .......... .......... .......... .......... 10% 3.75M 3s
  1600K .......... .......... .......... .......... .......... 10% 7.22M 3s
  1650K .......... .......... .......... .......... .......... 10% 3.94M 3s
  1700K .......... .......... .......... .......... .......... 11% 6.60M 3s
  1750K .......... .......... .......... .......... .......... 11% 4.96M 3s
  1800K .......... .......... .......... .......... .......... 11% 6.46M 3s
  1850K .......... .......... .......... .......... .......... 12% 4.35M 3s
  1900K .......... .......... .......... .......... .......... 12% 5.36M 3s
  1950K .......... .......... .......... .......... .......... 12% 5.23M 3s
  2000K .......... .......... .......... .......... .......... 13% 4.24M 3s
  2050K .......... .......... .......... .......... .......... 13% 6.41M 3s
  2100K .......... .......... .......... .......... .......... 13% 4.36M 3s
  2150K .......... .......... .......... .......... .......... 14% 5.58M 3s
  2200K .......... .......... .......... .......... .......... 14% 4.92M 3s
  2250K .......... .......... .......... .......... .......... 14% 6.92M 3s
  2300K .......... .......... .......... .......... .......... 15% 5.06M 3s
  2350K .......... .......... .......... .......... .......... 15% 4.22M 3s
  2400K .......... .......... .......... .......... .......... 15% 5.27M 3s
  2450K .......... .......... .......... .......... .......... 15% 4.99M 3s
  2500K .......... .......... .......... .......... .......... 16% 5.63M 3s
  2550K .......... .......... .......... .......... .......... 16% 7.14M 3s
  2600K .......... .......... .......... .......... .......... 16% 5.37M 3s
  2650K .......... .......... .......... .......... .......... 17% 4.71M 3s
  2700K .......... .......... .......... .......... .......... 17% 6.48M 3s
  2750K .......... .......... .......... .......... .......... 17% 3.66M 3s
  2800K .......... .......... .......... .......... .......... 18% 8.23M 3s
  2850K .......... .......... .......... .......... .......... 18% 5.32M 3s
  2900K .......... .......... .......... .......... .......... 18% 5.76M 3s
  2950K .......... .......... .......... .......... .......... 19% 6.66M 3s
  3000K .......... .......... .......... .......... .......... 19% 4.60M 3s
  3050K .......... .......... .......... .......... .......... 19% 7.28M 2s
  3100K .......... .......... .......... .......... .......... 20% 4.73M 2s
  3150K .......... .......... .......... .......... .......... 20% 5.44M 2s
  3200K .......... .......... .......... .......... .......... 20% 4.93M 2s
  3250K .......... .......... .......... .......... .......... 21% 6.48M 2s
  3300K .......... .......... .......... .......... .......... 21% 6.11M 2s
  3350K .......... .......... .......... .......... .......... 21% 5.63M 2s
  3400K .......... .......... .......... .......... .......... 22% 6.31M 2s
  3450K .......... .......... .......... .......... .......... 22% 4.78M 2s
  3500K .......... .......... .......... .......... .......... 22% 9.10M 2s
  3550K .......... .......... .......... .......... .......... 23% 3.47M 2s
  3600K .......... .......... .......... .......... .......... 23% 5.96M 2s
  3650K .......... .......... .......... .......... .......... 23% 6.14M 2s
  3700K .......... .......... .......... .......... .......... 23% 5.85M 2s
  3750K .......... .......... .......... .......... .......... 24% 7.30M 2s
  3800K .......... .......... .......... .......... .......... 24% 5.55M 2s
  3850K .......... .......... .......... .......... .......... 24% 5.22M 2s
  3900K .......... .......... .......... .......... .......... 25% 7.41M 2s
  3950K .......... .......... .......... .......... .......... 25% 3.53M 2s
  4000K .......... .......... .......... .......... .......... 25% 8.44M 2s
  4050K .......... .......... .......... .......... .......... 26% 5.58M 2s
  4100K .......... .......... .......... .......... .......... 26% 6.12M 2s
  4150K .......... .......... .......... .......... .......... 26% 7.43M 2s
  4200K .......... .......... .......... .......... .......... 27% 3.98M 2s
  4250K .......... .......... .......... .......... .......... 27% 7.72M 2s
  4300K .......... .......... .......... .......... .......... 27% 6.02M 2s
  4350K .......... .......... .......... .......... .......... 28% 5.00M 2s
  4400K .......... .......... .......... .......... .......... 28% 6.09M 2s
  4450K .......... .......... .......... .......... .......... 28% 5.70M 2s
  4500K .......... .......... .......... .......... .......... 29% 5.92M 2s
  4550K .......... .......... .......... .......... .......... 29% 6.99M 2s
  4600K .......... .......... .......... .......... .......... 29% 4.28M 2s
  4650K .......... .......... .......... .......... .......... 30% 9.88M 2s
  4700K .......... .......... .......... .......... .......... 30% 5.33M 2s
  4750K .......... .......... .......... .......... .......... 30% 5.74M 2s
  4800K .......... .......... .......... .......... .......... 31% 6.30M 2s
  4850K .......... .......... .......... .......... .......... 31% 4.13M 2s
  4900K .......... .......... .......... .......... .......... 31% 8.90M 2s
  4950K .......... .......... .......... .......... .......... 31% 7.68M 2s
  5000K .......... .......... .......... .......... .......... 32% 4.86M 2s
  5050K .......... .......... .......... .......... .......... 32% 8.19M 2s
  5100K .......... .......... .......... .......... .......... 32% 4.96M 2s
  5150K .......... .......... .......... .......... .......... 33% 8.78M 2s
  5200K .......... .......... .......... .......... .......... 33% 6.90M 2s
  5250K .......... .......... .......... .......... .......... 33% 4.58M 2s
  5300K .......... .......... .......... .......... .......... 34% 6.09M 2s
  5350K .......... .......... .......... .......... .......... 34% 6.72M 2s
  5400K .......... .......... .......... .......... .......... 34% 7.61M 2s
  5450K .......... .......... .......... .......... .......... 35% 4.94M 2s
  5500K .......... .......... .......... .......... .......... 35% 8.98M 2s
  5550K .......... .......... .......... .......... .......... 35% 4.04M 2s
  5600K .......... .......... .......... .......... .......... 36% 11.9M 2s
  5650K .......... .......... .......... .......... .......... 36% 6.36M 2s
  5700K .......... .......... .......... .......... .......... 36% 4.52M 2s
  5750K .......... .......... .......... .......... .......... 37% 6.44M 2s
  5800K .......... .......... .......... .......... .......... 37% 4.77M 2s
  5850K .......... .......... .......... .......... .......... 37% 7.67M 2s
  5900K .......... .......... .......... .......... .......... 38% 9.94M 2s
  5950K .......... .......... .......... .......... .......... 38% 4.87M 2s
  6000K .......... .......... .......... .......... .......... 38% 6.31M 2s
  6050K .......... .......... .......... .......... .......... 39% 5.39M 2s
  6100K .......... .......... .......... .......... .......... 39% 6.81M 2s
  6150K .......... .......... .......... .......... .......... 39% 6.18M 2s
  6200K .......... .......... .......... .......... .......... 39% 6.56M 2s
  6250K .......... .......... .......... .......... .......... 40% 7.87M 2s
  6300K .......... .......... .......... .......... .......... 40% 6.86M 2s
  6350K .......... .......... .......... .......... .......... 40% 6.67M 2s
  6400K .......... .......... .......... .......... .......... 41% 5.96M 2s
  6450K .......... .......... .......... .......... .......... 41% 5.93M 2s
  6500K .......... .......... .......... .......... .......... 41% 6.49M 2s
  6550K .......... .......... .......... .......... .......... 42% 6.04M 2s
  6600K .......... .......... .......... .......... .......... 42% 8.16M 2s
  6650K .......... .......... .......... .......... .......... 42% 8.47M 2s
  6700K .......... .......... .......... .......... .......... 43% 4.61M 2s
  6750K .......... .......... .......... .......... .......... 43% 7.26M 2s
  6800K .......... .......... .......... .......... .......... 43% 5.09M 2s
  6850K .......... .......... .......... .......... .......... 44% 5.40M 2s
  6900K .......... .......... .......... .......... .......... 44% 8.53M 2s
  6950K .......... .......... .......... .......... .......... 44% 7.75M 2s
  7000K .......... .......... .......... .......... .......... 45% 4.30M 2s
  7050K .......... .......... .......... .......... .......... 45% 8.71M 2s
  7100K .......... .......... .......... .......... .......... 45% 5.74M 2s
  7150K .......... .......... .......... .......... .......... 46% 7.46M 1s
  7200K .......... .......... .......... .......... .......... 46% 7.03M 1s
  7250K .......... .......... .......... .......... .......... 46% 4.72M 1s
  7300K .......... .......... .......... .......... .......... 47% 8.35M 1s
  7350K .......... .......... .......... .......... .......... 47% 6.96M 1s
  7400K .......... .......... .......... .......... .......... 47% 5.09M 1s
  7450K .......... .......... .......... .......... .......... 47% 10.1M 1s
  7500K .......... .......... .......... .......... .......... 48% 8.84M 1s
  7550K .......... .......... .......... .......... .......... 48% 4.93M 1s
  7600K .......... .......... .......... .......... .......... 48% 8.63M 1s
  7650K .......... .......... .......... .......... .......... 49% 5.56M 1s
  7700K .......... .......... .......... .......... .......... 49% 4.98M 1s
  7750K .......... .......... .......... .......... .......... 49% 9.91M 1s
  7800K .......... .......... .......... .......... .......... 50% 7.60M 1s
  7850K .......... .......... .......... .......... .......... 50% 4.88M 1s
  7900K .......... .......... .......... .......... .......... 50% 7.96M 1s
  7950K .......... .......... .......... .......... .......... 51% 9.97M 1s
  8000K .......... .......... .......... .......... .......... 51% 5.45M 1s
  8050K .......... .......... .......... .......... .......... 51% 5.10M 1s
  8100K .......... .......... .......... .......... .......... 52% 6.90M 1s
  8150K .......... .......... .......... .......... .......... 52% 7.16M 1s
  8200K .......... .......... .......... .......... .......... 52% 7.96M 1s
  8250K .......... .......... .......... .......... .......... 53% 6.56M 1s
  8300K .......... .......... .......... .......... .......... 53% 7.52M 1s
  8350K .......... .......... .......... .......... .......... 53% 5.94M 1s
  8400K .......... .......... .......... .......... .......... 54% 8.00M 1s
  8450K .......... .......... .......... .......... .......... 54% 4.00M 1s
  8500K .......... .......... .......... .......... .......... 54% 14.1M 1s
  8550K .......... .......... .......... .......... .......... 55% 10.2M 1s
  8600K .......... .......... .......... .......... .......... 55% 3.30M 1s
  8650K .......... .......... .......... .......... .......... 55% 14.2M 1s
  8700K .......... .......... .......... .......... .......... 55% 8.72M 1s
  8750K .......... .......... .......... .......... .......... 56% 2.84M 1s
  8800K .......... .......... .......... .......... .......... 56% 9.77M 1s
  8850K .......... .......... .......... .......... .......... 56% 8.29M 1s
  8900K .......... .......... .......... .......... .......... 57% 4.45M 1s
  8950K .......... .......... .......... .......... .......... 57% 10.4M 1s
  9000K .......... .......... .......... .......... .......... 57% 7.41M 1s
  9050K .......... .......... .......... .......... .......... 58% 6.93M 1s
  9100K .......... .......... .......... .......... .......... 58% 9.13M 1s
  9150K .......... .......... .......... .......... .......... 58% 5.76M 1s
  9200K .......... .......... .......... .......... .......... 59% 7.62M 1s
  9250K .......... .......... .......... .......... .......... 59% 6.17M 1s
  9300K .......... .......... .......... .......... .......... 59% 7.87M 1s
  9350K .......... .......... .......... .......... .......... 60% 7.98M 1s
  9400K .......... .......... .......... .......... .......... 60% 6.26M 1s
  9450K .......... .......... .......... .......... .......... 60% 7.89M 1s
  9500K .......... .......... .......... .......... .......... 61% 7.89M 1s
  9550K .......... .......... .......... .......... .......... 61% 6.68M 1s
  9600K .......... .......... .......... .......... .......... 61% 8.31M 1s
  9650K .......... .......... .......... .......... .......... 62% 4.66M 1s
  9700K .......... .......... .......... .......... .......... 62% 9.09M 1s
  9750K .......... .......... .......... .......... .......... 62% 9.30M 1s
  9800K .......... .......... .......... .......... .......... 63% 8.56M 1s
  9850K .......... .......... .......... .......... .......... 63% 7.34M 1s
  9900K .......... .......... .......... .......... .......... 63% 6.72M 1s
  9950K .......... .......... .......... .......... .......... 63% 7.33M 1s
 10000K .......... .......... .......... .......... .......... 64% 8.01M 1s
 10050K .......... .......... .......... .......... .......... 64% 5.69M 1s
 10100K .......... .......... .......... .......... .......... 64% 4.93M 1s
 10150K .......... .......... .......... .......... .......... 65% 9.55M 1s
 10200K .......... .......... .......... .......... .......... 65% 9.15M 1s
 10250K .......... .......... .......... .......... .......... 65% 11.5M 1s
 10300K .......... .......... .......... .......... .......... 66% 4.98M 1s
 10350K .......... .......... .......... .......... .......... 66% 10.8M 1s
 10400K .......... .......... .......... .......... .......... 66% 8.37M 1s
 10450K .......... .......... .......... .......... .......... 67% 4.38M 1s
 10500K .......... .......... .......... .......... .......... 67% 8.65M 1s
 10550K .......... .......... .......... .......... .......... 67% 9.11M 1s
 10600K .......... .......... .......... .......... .......... 68% 6.48M 1s
 10650K .......... .......... .......... .......... .......... 68% 7.96M 1s
 10700K .......... .......... .......... .......... .......... 68% 10.2M 1s
 10750K .......... .......... .......... .......... .......... 69% 5.99M 1s
 10800K .......... .......... .......... .......... .......... 69% 9.69M 1s
 10850K .......... .......... .......... .......... .......... 69% 6.50M 1s
 10900K .......... .......... .......... .......... .......... 70% 6.69M 1s
 10950K .......... .......... .......... .......... .......... 70% 8.59M 1s
 11000K .......... .......... .......... .......... .......... 70% 9.03M 1s
 11050K .......... .......... .......... .......... .......... 71% 6.31M 1s
 11100K .......... .......... .......... .......... .......... 71% 8.11M 1s
 11150K .......... .......... .......... .......... .......... 71% 8.18M 1s
 11200K .......... .......... .......... .......... .......... 71% 6.59M 1s
 11250K .......... .......... .......... .......... .......... 72% 7.77M 1s
 11300K .......... .......... .......... .......... .......... 72% 7.30M 1s
 11350K .......... .......... .......... .......... .......... 72% 7.53M 1s
 11400K .......... .......... .......... .......... .......... 73% 9.90M 1s
 11450K .......... .......... .......... .......... .......... 73% 8.14M 1s
 11500K .......... .......... .......... .......... .......... 73% 7.70M 1s
 11550K .......... .......... .......... .......... .......... 74% 12.3M 1s
 11600K .......... .......... .......... .......... .......... 74% 5.99M 1s
 11650K .......... .......... .......... .......... .......... 74% 6.60M 1s
 11700K .......... .......... .......... .......... .......... 75% 8.78M 1s
 11750K .......... .......... .......... .......... .......... 75% 6.58M 1s
 11800K .......... .......... .......... .......... .......... 75% 7.89M 1s
 11850K .......... .......... .......... .......... .......... 76% 7.73M 1s
 11900K .......... .......... .......... .......... .......... 76% 8.44M 1s
 11950K .......... .......... .......... .......... .......... 76% 11.7M 1s
 12000K .......... .......... .......... .......... .......... 77% 6.85M 1s
 12050K .......... .......... .......... .......... .......... 77% 5.75M 1s
 12100K .......... .......... .......... .......... .......... 77% 10.0M 1s
 12150K .......... .......... .......... .......... .......... 78% 6.61M 1s
 12200K .......... .......... .......... .......... .......... 78% 8.46M 1s
 12250K .......... .......... .......... .......... .......... 78% 9.73M 1s
 12300K .......... .......... .......... .......... .......... 79% 5.62M 1s
 12350K .......... .......... .......... .......... .......... 79% 7.25M 1s
 12400K .......... .......... .......... .......... .......... 79% 10.2M 1s
 12450K .......... .......... .......... .......... .......... 79% 6.14M 1s
 12500K .......... .......... .......... .......... .......... 80% 7.15M 0s
 12550K .......... .......... .......... .......... .......... 80% 7.70M 0s
 12600K .......... .......... .......... .......... .......... 80% 9.60M 0s
 12650K .......... .......... .......... .......... .......... 81% 8.76M 0s
 12700K .......... .......... .......... .......... .......... 81% 5.97M 0s
 12750K .......... .......... .......... .......... .......... 81% 10.8M 0s
 12800K .......... .......... .......... .......... .......... 82% 9.51M 0s
 12850K .......... .......... .......... .......... .......... 82% 4.40M 0s
 12900K .......... .......... .......... .......... .......... 82% 11.4M 0s
 12950K .......... .......... .......... .......... .......... 83% 8.40M 0s
 13000K .......... .......... .......... .......... .......... 83% 7.45M 0s
 13050K .......... .......... .......... .......... .......... 83% 7.90M 0s
 13100K .......... .......... .......... .......... .......... 84% 7.92M 0s
 13150K .......... .......... .......... .......... .......... 84% 12.3M 0s
 13200K .......... .......... .......... .......... .......... 84% 5.49M 0s
 13250K .......... .......... .......... .......... .......... 85% 7.77M 0s
 13300K .......... .......... .......... .......... .......... 85% 9.51M 0s
 13350K .......... .......... .......... .......... .......... 85% 6.16M 0s
 13400K .......... .......... .......... .......... .......... 86% 8.11M 0s
 13450K .......... .......... .......... .......... .......... 86% 12.8M 0s
 13500K .......... .......... .......... .......... .......... 86% 4.99M 0s
 13550K .......... .......... .......... .......... .......... 87% 9.81M 0s
 13600K .......... .......... .......... .......... .......... 87% 8.72M 0s
 13650K .......... .......... .......... .......... .......... 87% 5.24M 0s
 13700K .......... .......... .......... .......... .......... 87% 7.96M 0s
 13750K .......... .......... .......... .......... .......... 88% 12.4M 0s
 13800K .......... .......... .......... .......... .......... 88% 10.1M 0s
 13850K .......... .......... .......... .......... .......... 88% 7.44M 0s
 13900K .......... .......... .......... .......... .......... 89% 6.81M 0s
 13950K .......... .......... .......... .......... .......... 89% 8.89M 0s
 14000K .......... .......... .......... .......... .......... 89% 7.57M 0s
 14050K .......... .......... .......... .......... .......... 90% 6.24M 0s
 14100K .......... .......... .......... .......... .......... 90% 12.4M 0s
 14150K .......... .......... .......... .......... .......... 90% 7.62M 0s
 14200K .......... .......... .......... .......... .......... 91% 8.09M 0s
 14250K .......... .......... .......... .......... .......... 91% 7.88M 0s
 14300K .......... .......... .......... .......... .......... 91% 8.23M 0s
 14350K .......... .......... .......... .......... .......... 92% 9.12M 0s
 14400K .......... .......... .......... .......... .......... 92% 5.15M 0s
 14450K .......... .......... .......... .......... .......... 92% 9.41M 0s
 14500K .......... .......... .......... .......... .......... 93% 6.72M 0s
 14550K .......... .......... .......... .......... .......... 93% 5.20M 0s
 14600K .......... .......... .......... .......... .......... 93% 22.3M 0s
 14650K .......... .......... .......... .......... .......... 94% 10.6M 0s
 14700K .......... .......... .......... .......... .......... 94% 7.28M 0s
 14750K .......... .......... .......... .......... .......... 94% 5.78M 0s
 14800K .......... .......... .......... .......... .......... 95% 9.78M 0s
 14850K .......... .......... .......... .......... .......... 95% 7.53M 0s
 14900K .......... .......... .......... .......... .......... 95% 6.52M 0s
 14950K .......... .......... .......... .......... .......... 95% 10.3M 0s
 15000K .......... .......... .......... .......... .......... 96% 7.36M 0s
 15050K .......... .......... .......... .......... .......... 96% 14.8M 0s
 15100K .......... .......... .......... .......... .......... 96% 6.36M 0s
 15150K .......... .......... .......... .......... .......... 97% 10.0M 0s
 15200K .......... .......... .......... .......... .......... 97% 8.50M 0s
 15250K .......... .......... .......... .......... .......... 97% 5.61M 0s
 15300K .......... .......... .......... .......... .......... 98% 9.72M 0s
 15350K .......... .......... .......... .......... .......... 98% 9.05M 0s
 15400K .......... .......... .......... .......... .......... 98% 8.49M 0s
 15450K .......... .......... .......... .......... .......... 99% 9.46M 0s
 15500K .......... .......... .......... .......... .......... 99% 8.78M 0s
 15550K .......... .......... .......... .......... .......... 99% 11.4M 0s
 15600K .......... .......... .....                           100% 6.68M=2.4s

2023-01-24 09:12:21 (6.37 MB/s) - ‘/home/will/Crazyflie_WeBots_SLAM/build/multirobot_map_merge/2011-08-09-12-22-52.pgm’ saved [16000058/16000058]

Checking MD5 sum of /home/will/Crazyflie_WeBots_SLAM/build/multirobot_map_merge/2011-08-09-12-22-52.pgm
/home/will/Crazyflie_WeBots_SLAM/build/multirobot_map_merge/2011-08-09-12-22-52.pgm: OK
--2023-01-24 09:12:21--  https://raw.githubusercontent.com/hrnr/m-explore-extra/master/map_merge/gmapping_maps/2012-01-28-11-12-01.pgm
Resolving raw.githubusercontent.com (raw.githubusercontent.com)... 185.199.111.133, 185.199.110.133, 185.199.109.133, ...
Connecting to raw.githubusercontent.com (raw.githubusercontent.com)|185.199.111.133|:443... connected.
HTTP request sent, awaiting response... 200 OK
Length: 16000058 (15M) [text/plain]
Saving to: ‘/home/will/Crazyflie_WeBots_SLAM/build/multirobot_map_merge/2012-01-28-11-12-01.pgm’

     0K .......... .......... .......... .......... ..........  0% 2.17M 7s
    50K .......... .......... .......... .......... ..........  0% 2.81M 6s
   100K .......... .......... .......... .......... ..........  0% 8.64M 5s
   150K .......... .......... .......... .......... ..........  1% 14.4M 4s
   200K .......... .......... .......... .......... ..........  1% 4.40M 4s
   250K .......... .......... .......... .......... ..........  1% 9.46M 3s
   300K .......... .......... .......... .......... ..........  2% 31.9M 3s
   350K .......... .......... .......... .......... ..........  2% 13.0M 3s
   400K .......... .......... .......... .......... ..........  2% 11.7M 3s
   450K .......... .......... .......... .......... ..........  3% 49.3M 2s
   500K .......... .......... .......... .......... ..........  3% 8.54M 2s
   550K .......... .......... .......... .......... ..........  3% 17.4M 2s
   600K .......... .......... .......... .......... ..........  4% 9.03M 2s
   650K .......... .......... .......... .......... ..........  4% 68.0M 2s
   700K .......... .......... .......... .......... ..........  4% 14.6M 2s
   750K .......... .......... .......... .......... ..........  5% 38.8M 2s
   800K .......... .......... .......... .......... ..........  5% 41.3M 2s
   850K .......... .......... .......... .......... ..........  5% 14.1M 2s
   900K .......... .......... .......... .......... ..........  6% 36.6M 2s
   950K .......... .......... .......... .......... ..........  6% 14.8M 2s
  1000K .......... .......... .......... .......... ..........  6% 51.2M 1s
  1050K .......... .......... .......... .......... ..........  7% 33.7M 1s
  1100K .......... .......... .......... .......... ..........  7% 9.80M 1s
  1150K .......... .......... .......... .......... ..........  7% 64.2M 1s
  1200K .......... .......... .......... .......... ..........  7% 7.62M 1s
  1250K .......... .......... .......... .......... ..........  8% 84.0M 1s
  1300K .......... .......... .......... .......... ..........  8% 11.3M 1s
  1350K .......... .......... .......... .......... ..........  8% 37.6M 1s
  1400K .......... .......... .......... .......... ..........  9% 51.1M 1s
  1450K .......... .......... .......... .......... ..........  9% 27.3M 1s
  1500K .......... .......... .......... .......... ..........  9% 26.5M 1s
  1550K .......... .......... .......... .......... .......... 10% 87.1M 1s
  1600K .......... .......... .......... .......... .......... 10% 15.3M 1s
  1650K .......... .......... .......... .......... .......... 10% 36.7M 1s
  1700K .......... .......... .......... .......... .......... 11% 34.5M 1s
  1750K .......... .......... .......... .......... .......... 11% 21.5M 1s
  1800K .......... .......... .......... .......... .......... 11% 37.5M 1s
  1850K .......... .......... .......... .......... .......... 12% 49.0M 1s
  1900K .......... .......... .......... .......... .......... 12% 16.2M 1s
  1950K .......... .......... .......... .......... .......... 12% 34.2M 1s
  2000K .......... .......... .......... .......... .......... 13% 50.8M 1s
  2050K .......... .......... .......... .......... .......... 13% 10.0M 1s
  2100K .......... .......... .......... .......... .......... 13% 12.0M 1s
  2150K .......... .......... .......... .......... .......... 14% 32.7M 1s
  2200K .......... .......... .......... .......... .......... 14% 25.5M 1s
  2250K .......... .......... .......... .......... .......... 14% 31.4M 1s
  2300K .......... .......... .......... .......... .......... 15% 81.7M 1s
  2350K .......... .......... .......... .......... .......... 15% 20.5M 1s
  2400K .......... .......... .......... .......... .......... 15% 32.4M 1s
  2450K .......... .......... .......... .......... .......... 15% 20.8M 1s
  2500K .......... .......... .......... .......... .......... 16% 45.0M 1s
  2550K .......... .......... .......... .......... .......... 16% 43.9M 1s
  2600K .......... .......... .......... .......... .......... 16% 37.2M 1s
  2650K .......... .......... .......... .......... .......... 17% 11.5M 1s
  2700K .......... .......... .......... .......... .......... 17% 26.2M 1s
  2750K .......... .......... .......... .......... .......... 17% 44.5M 1s
  2800K .......... .......... .......... .......... .......... 18% 23.9M 1s
  2850K .......... .......... .......... .......... .......... 18% 21.4M 1s
  2900K .......... .......... .......... .......... .......... 18% 14.3M 1s
  2950K .......... .......... .......... .......... .......... 19% 81.0M 1s
  3000K .......... .......... .......... .......... .......... 19% 15.5M 1s
  3050K .......... .......... .......... .......... .......... 19% 52.1M 1s
  3100K .......... .......... .......... .......... .......... 20% 14.9M 1s
  3150K .......... .......... .......... .......... .......... 20% 25.8M 1s
  3200K .......... .......... .......... .......... .......... 20% 42.7M 1s
  3250K .......... .......... .......... .......... .......... 21% 27.6M 1s
  3300K .......... .......... .......... .......... .......... 21% 21.5M 1s
  3350K .......... .......... .......... .......... .......... 21% 44.7M 1s
  3400K .......... .......... .......... .......... .......... 22% 21.6M 1s
  3450K .......... .......... .......... .......... .......... 22% 16.4M 1s
  3500K .......... .......... .......... .......... .......... 22% 20.8M 1s
  3550K .......... .......... .......... .......... .......... 23% 20.9M 1s
  3600K .......... .......... .......... .......... .......... 23% 56.6M 1s
  3650K .......... .......... .......... .......... .......... 23% 17.7M 1s
  3700K .......... .......... .......... .......... .......... 23% 13.8M 1s
  3750K .......... .......... .......... .......... .......... 24% 47.2M 1s
  3800K .......... .......... .......... .......... .......... 24% 25.7M 1s
  3850K .......... .......... .......... .......... .......... 24% 27.7M 1s
  3900K .......... .......... .......... .......... .......... 25% 37.5M 1s
  3950K .......... .......... .......... .......... .......... 25% 31.9M 1s
  4000K .......... .......... .......... .......... .......... 25% 25.5M 1s
  4050K .......... .......... .......... .......... .......... 26% 51.5M 1s
  4100K .......... .......... .......... .......... .......... 26% 25.6M 1s
  4150K .......... .......... .......... .......... .......... 26% 27.4M 1s
  4200K .......... .......... .......... .......... .......... 27% 31.2M 1s
  4250K .......... .......... .......... .......... .......... 27% 29.7M 1s
  4300K .......... .......... .......... .......... .......... 27% 15.8M 1s
  4350K .......... .......... .......... .......... .......... 28% 66.8M 1s
  4400K .......... .......... .......... .......... .......... 28% 32.1M 1s
  4450K .......... .......... .......... .......... .......... 28% 22.8M 1s
  4500K .......... .......... .......... .......... .......... 29% 10.0M 1s
  4550K .......... .......... .......... .......... .......... 29% 52.0M 1s
  4600K .......... .......... .......... .......... .......... 29% 31.2M 1s
  4650K .......... .......... .......... .......... .......... 30% 16.9M 1s
  4700K .......... .......... .......... .......... .......... 30% 65.5M 1s
  4750K .......... .......... .......... .......... .......... 30% 63.7M 1s
  4800K .......... .......... .......... .......... .......... 31% 29.8M 1s
  4850K .......... .......... .......... .......... .......... 31% 14.5M 1s
  4900K .......... .......... .......... .......... .......... 31% 24.8M 1s
  4950K .......... .......... .......... .......... .......... 31% 64.4M 1s
  5000K .......... .......... .......... .......... .......... 32% 34.7M 1s
  5050K .......... .......... .......... .......... .......... 32% 51.0M 1s
  5100K .......... .......... .......... .......... .......... 32% 17.1M 1s
  5150K .......... .......... .......... .......... .......... 33% 11.0M 1s
  5200K .......... .......... .......... .......... .......... 33% 50.3M 1s
  5250K .......... .......... .......... .......... .......... 33% 35.8M 1s
  5300K .......... .......... .......... .......... .......... 34% 31.2M 1s
  5350K .......... .......... .......... .......... .......... 34% 11.7M 1s
  5400K .......... .......... .......... .......... .......... 34% 64.0M 1s
  5450K .......... .......... .......... .......... .......... 35% 33.8M 1s
  5500K .......... .......... .......... .......... .......... 35% 14.5M 1s
  5550K .......... .......... .......... .......... .......... 35% 29.8M 1s
  5600K .......... .......... .......... .......... .......... 36% 63.9M 1s
  5650K .......... .......... .......... .......... .......... 36% 26.2M 1s
  5700K .......... .......... .......... .......... .......... 36% 26.6M 1s
  5750K .......... .......... .......... .......... .......... 37% 15.8M 1s
  5800K .......... .......... .......... .......... .......... 37% 25.5M 0s
  5850K .......... .......... .......... .......... .......... 37% 36.3M 0s
  5900K .......... .......... .......... .......... .......... 38% 21.0M 0s
  5950K .......... .......... .......... .......... .......... 38% 15.5M 0s
  6000K .......... .......... .......... .......... .......... 38% 63.9M 0s
  6050K .......... .......... .......... .......... .......... 39% 17.3M 0s
  6100K .......... .......... .......... .......... .......... 39% 22.4M 0s
  6150K .......... .......... .......... .......... .......... 39% 49.4M 0s
  6200K .......... .......... .......... .......... .......... 39% 19.4M 0s
  6250K .......... .......... .......... .......... .......... 40% 25.6M 0s
  6300K .......... .......... .......... .......... .......... 40% 43.4M 0s
  6350K .......... .......... .......... .......... .......... 40% 19.8M 0s
  6400K .......... .......... .......... .......... .......... 41% 21.9M 0s
  6450K .......... .......... .......... .......... .......... 41% 61.1M 0s
  6500K .......... .......... .......... .......... .......... 41% 15.3M 0s
  6550K .......... .......... .......... .......... .......... 42% 14.6M 0s
  6600K .......... .......... .......... .......... .......... 42% 64.5M 0s
  6650K .......... .......... .......... .......... .......... 42% 20.7M 0s
  6700K .......... .......... .......... .......... .......... 43% 23.8M 0s
  6750K .......... .......... .......... .......... .......... 43% 84.8M 0s
  6800K .......... .......... .......... .......... .......... 43% 18.9M 0s
  6850K .......... .......... .......... .......... .......... 44% 36.4M 0s
  6900K .......... .......... .......... .......... .......... 44% 23.8M 0s
  6950K .......... .......... .......... .......... .......... 44% 22.6M 0s
  7000K .......... .......... .......... .......... .......... 45% 16.5M 0s
  7050K .......... .......... .......... .......... .......... 45% 64.1M 0s
  7100K .......... .......... .......... .......... .......... 45% 22.8M 0s
  7150K .......... .......... .......... .......... .......... 46% 64.0M 0s
  7200K .......... .......... .......... .......... .......... 46% 13.0M 0s
  7250K .......... .......... .......... .......... .......... 46% 22.4M 0s
  7300K .......... .......... .......... .......... .......... 47% 20.3M 0s
  7350K .......... .......... .......... .......... .......... 47% 50.8M 0s
  7400K .......... .......... .......... .......... .......... 47% 25.5M 0s
  7450K .......... .......... .......... .......... .......... 47% 62.0M 0s
  7500K .......... .......... .......... .......... .......... 48% 18.2M 0s
  7550K .......... .......... .......... .......... .......... 48% 23.8M 0s
  7600K .......... .......... .......... .......... .......... 48% 51.5M 0s
  7650K .......... .......... .......... .......... .......... 49% 23.8M 0s
  7700K .......... .......... .......... .......... .......... 49% 18.7M 0s
  7750K .......... .......... .......... .......... .......... 49% 63.9M 0s
  7800K .......... .......... .......... .......... .......... 50% 22.0M 0s
  7850K .......... .......... .......... .......... .......... 50% 17.0M 0s
  7900K .......... .......... .......... .......... .......... 50% 38.4M 0s
  7950K .......... .......... .......... .......... .......... 51% 24.4M 0s
  8000K .......... .......... .......... .......... .......... 51% 15.7M 0s
  8050K .......... .......... .......... .......... .......... 51% 33.2M 0s
  8100K .......... .......... .......... .......... .......... 52% 21.0M 0s
  8150K .......... .......... .......... .......... .......... 52% 28.1M 0s
  8200K .......... .......... .......... .......... .......... 52% 51.0M 0s
  8250K .......... .......... .......... .......... .......... 53% 24.4M 0s
  8300K .......... .......... .......... .......... .......... 53% 17.3M 0s
  8350K .......... .......... .......... .......... .......... 53% 17.4M 0s
  8400K .......... .......... .......... .......... .......... 54% 43.9M 0s
  8450K .......... .......... .......... .......... .......... 54% 20.1M 0s
  8500K .......... .......... .......... .......... .......... 54% 17.8M 0s
  8550K .......... .......... .......... .......... .......... 55% 26.1M 0s
  8600K .......... .......... .......... .......... .......... 55% 50.8M 0s
  8650K .......... .......... .......... .......... .......... 55% 19.3M 0s
  8700K .......... .......... .......... .......... .......... 55% 43.2M 0s
  8750K .......... .......... .......... .......... .......... 56% 21.4M 0s
  8800K .......... .......... .......... .......... .......... 56% 27.7M 0s
  8850K .......... .......... .......... .......... .......... 56% 44.2M 0s
  8900K .......... .......... .......... .......... .......... 57% 20.1M 0s
  8950K .......... .......... .......... .......... .......... 57% 15.6M 0s
  9000K .......... .......... .......... .......... .......... 57% 44.3M 0s
  9050K .......... .......... .......... .......... .......... 58% 13.9M 0s
  9100K .......... .......... .......... .......... .......... 58% 19.9M 0s
  9150K .......... .......... .......... .......... .......... 58% 42.7M 0s
  9200K .......... .......... .......... .......... .......... 59% 21.9M 0s
  9250K .......... .......... .......... .......... .......... 59% 25.9M 0s
  9300K .......... .......... .......... .......... .......... 59% 41.5M 0s
  9350K .......... .......... .......... .......... .......... 60% 26.4M 0s
  9400K .......... .......... .......... .......... .......... 60% 23.6M 0s
  9450K .......... .......... .......... .......... .......... 60% 47.6M 0s
  9500K .......... .......... .......... .......... .......... 61% 23.5M 0s
  9550K .......... .......... .......... .......... .......... 61% 19.7M 0s
  9600K .......... .......... .......... .......... .......... 61%  127M 0s
  9650K .......... .......... .......... .......... .......... 62% 9.72M 0s
  9700K .......... .......... .......... .......... .......... 62% 10.3M 0s
  9750K .......... .......... .......... .......... .......... 62% 42.8M 0s
  9800K .......... .......... .......... .......... .......... 63% 23.6M 0s
  9850K .......... .......... .......... .......... .......... 63% 16.6M 0s
  9900K .......... .......... .......... .......... .......... 63% 84.9M 0s
  9950K .......... .......... .......... .......... .......... 63% 19.4M 0s
 10000K .......... .......... .......... .......... .......... 64% 40.1M 0s
 10050K .......... .......... .......... .......... .......... 64% 30.6M 0s
 10100K .......... .......... .......... .......... .......... 64% 19.4M 0s
 10150K .......... .......... .......... .......... .......... 65% 21.9M 0s
 10200K .......... .......... .......... .......... .......... 65% 84.9M 0s
 10250K .......... .......... .......... .......... .......... 65% 17.5M 0s
 10300K .......... .......... .......... .......... .......... 66% 25.4M 0s
 10350K .......... .......... .......... .......... .......... 66% 86.0M 0s
 10400K .......... .......... .......... .......... .......... 66% 12.5M 0s
 10450K .......... .......... .......... .......... .......... 67% 52.3M 0s
 10500K .......... .......... .......... .......... .......... 67% 17.5M 0s
 10550K .......... .......... .......... .......... .......... 67% 27.1M 0s
 10600K .......... .......... .......... .......... .......... 68% 17.5M 0s
 10650K .......... .......... .......... .......... .......... 68% 85.3M 0s
 10700K .......... .......... .......... .......... .......... 68% 24.7M 0s
 10750K .......... .......... .......... .......... .......... 69% 52.9M 0s
 10800K .......... .......... .......... .......... .......... 69% 20.7M 0s
 10850K .......... .......... .......... .......... .......... 69% 20.8M 0s
 10900K .......... .......... .......... .......... .......... 70% 15.2M 0s
 10950K .......... .......... .......... .......... .......... 70% 28.6M 0s
 11000K .......... .......... .......... .......... .......... 70% 52.8M 0s
 11050K .......... .......... .......... .......... .......... 71% 24.0M 0s
 11100K .......... .......... .......... .......... .......... 71% 23.2M 0s
 11150K .......... .......... .......... .......... .......... 71% 43.2M 0s
 11200K .......... .......... .......... .......... .......... 71% 22.1M 0s
 11250K .......... .......... .......... .......... .......... 72% 24.4M 0s
 11300K .......... .......... .......... .......... .......... 72% 50.5M 0s
 11350K .......... .......... .......... .......... .......... 72% 22.4M 0s
 11400K .......... .......... .......... .......... .......... 73% 21.0M 0s
 11450K .......... .......... .......... .......... .......... 73% 52.0M 0s
 11500K .......... .......... .......... .......... .......... 73% 19.9M 0s
 11550K .......... .......... .......... .......... .......... 74% 22.4M 0s
 11600K .......... .......... .......... .......... .......... 74% 51.5M 0s
 11650K .......... .......... .......... .......... .......... 74% 18.2M 0s
 11700K .......... .......... .......... .......... .......... 75% 18.5M 0s
 11750K .......... .......... .......... .......... .......... 75% 42.5M 0s
 11800K .......... .......... .......... .......... .......... 75% 26.8M 0s
 11850K .......... .......... .......... .......... .......... 76% 20.5M 0s
 11900K .......... .......... .......... .......... .......... 76% 83.2M 0s
 11950K .......... .......... .......... .......... .......... 76% 20.8M 0s
 12000K .......... .......... .......... .......... .......... 77% 64.7M 0s
 12050K .......... .......... .......... .......... .......... 77% 20.3M 0s
 12100K .......... .......... .......... .......... .......... 77% 19.5M 0s
 12150K .......... .......... .......... .......... .......... 78% 17.9M 0s
 12200K .......... .......... .......... .......... .......... 78% 63.5M 0s
 12250K .......... .......... .......... .......... .......... 78% 18.9M 0s
 12300K .......... .......... .......... .......... .......... 79% 50.5M 0s
 12350K .......... .......... .......... .......... .......... 79% 14.5M 0s
 12400K .......... .......... .......... .......... .......... 79% 29.9M 0s
 12450K .......... .......... .......... .......... .......... 79% 51.3M 0s
 12500K .......... .......... .......... .......... .......... 80% 15.0M 0s
 12550K .......... .......... .......... .......... .......... 80% 14.7M 0s
 12600K .......... .......... .......... .......... .......... 80% 51.1M 0s
 12650K .......... .......... .......... .......... .......... 81% 23.6M 0s
 12700K .......... .......... .......... .......... .......... 81% 24.5M 0s
 12750K .......... .......... .......... .......... .......... 81% 52.7M 0s
 12800K .......... .......... .......... .......... .......... 82% 21.5M 0s
 12850K .......... .......... .......... .......... .......... 82% 26.8M 0s
 12900K .......... .......... .......... .......... .......... 82% 37.2M 0s
 12950K .......... .......... .......... .......... .......... 83% 22.1M 0s
 13000K .......... .......... .......... .......... .......... 83% 21.3M 0s
 13050K .......... .......... .......... .......... .......... 83% 46.1M 0s
 13100K .......... .......... .......... .......... .......... 84% 15.8M 0s
 13150K .......... .......... .......... .......... .......... 84% 23.3M 0s
 13200K .......... .......... .......... .......... .......... 84% 51.3M 0s
 13250K .......... .......... .......... .......... .......... 85% 24.5M 0s
 13300K .......... .......... .......... .......... .......... 85% 20.9M 0s
 13350K .......... .......... .......... .......... .......... 85% 51.3M 0s
 13400K .......... .......... .......... .......... .......... 86% 18.7M 0s
 13450K .......... .......... .......... .......... .......... 86% 25.3M 0s
 13500K .......... .......... .......... .......... .......... 86% 50.0M 0s
 13550K .......... .......... .......... .......... .......... 87% 24.8M 0s
 13600K .......... .......... .......... .......... .......... 87% 15.2M 0s
 13650K .......... .......... .......... .......... .......... 87% 43.5M 0s
 13700K .......... .......... .......... .......... .......... 87% 20.6M 0s
 13750K .......... .......... .......... .......... .......... 88% 24.2M 0s
 13800K .......... .......... .......... .......... .......... 88% 14.3M 0s
 13850K .......... .......... .......... .......... .......... 88% 58.7M 0s
 13900K .......... .......... .......... .......... .......... 89% 26.6M 0s
 13950K .......... .......... .......... .......... .......... 89% 43.7M 0s
 14000K .......... .......... .......... .......... .......... 89% 20.7M 0s
 14050K .......... .......... .......... .......... .......... 90% 21.5M 0s
 14100K .......... .......... .......... .......... .......... 90% 21.6M 0s
 14150K .......... .......... .......... .......... .......... 90% 50.7M 0s
 14200K .......... .......... .......... .......... .......... 91% 22.4M 0s
 14250K .......... .......... .......... .......... .......... 91% 52.7M 0s
 14300K .......... .......... .......... .......... .......... 91% 25.5M 0s
 14350K .......... .......... .......... .......... .......... 92% 20.0M 0s
 14400K .......... .......... .......... .......... .......... 92% 63.7M 0s
 14450K .......... .......... .......... .......... .......... 92% 22.9M 0s
 14500K .......... .......... .......... .......... .......... 93% 20.3M 0s
 14550K .......... .......... .......... .......... .......... 93% 43.8M 0s
 14600K .......... .......... .......... .......... .......... 93% 22.4M 0s
 14650K .......... .......... .......... .......... .......... 94% 23.3M 0s
 14700K .......... .......... .......... .......... .......... 94% 60.7M 0s
 14750K .......... .......... .......... .......... .......... 94% 23.4M 0s
 14800K .......... .......... .......... .......... .......... 95% 20.4M 0s
 14850K .......... .......... .......... .......... .......... 95% 63.4M 0s
 14900K .......... .......... .......... .......... .......... 95% 19.9M 0s
 14950K .......... .......... .......... .......... .......... 95% 19.9M 0s
 15000K .......... .......... .......... .......... .......... 96% 63.6M 0s
 15050K .......... .......... .......... .......... .......... 96% 21.8M 0s
 15100K .......... .......... .......... .......... .......... 96% 20.8M 0s
 15150K .......... .......... .......... .......... .......... 97% 85.1M 0s
 15200K .......... .......... .......... .......... .......... 97% 22.3M 0s
 15250K .......... .......... .......... .......... .......... 97% 61.8M 0s
 15300K .......... .......... .......... .......... .......... 98% 18.2M 0s
 15350K .......... .......... .......... .......... .......... 98% 22.6M 0s
 15400K .......... .......... .......... .......... .......... 98% 22.0M 0s
 15450K .......... .......... .......... .......... .......... 99% 64.1M 0s
 15500K .......... .......... .......... .......... .......... 99% 24.3M 0s
 15550K .......... .......... .......... .......... .......... 99% 61.4M 0s
 15600K .......... .......... .....                           100% 11.9M=0.7s

2023-01-24 09:12:22 (22.6 MB/s) - ‘/home/will/Crazyflie_WeBots_SLAM/build/multirobot_map_merge/2012-01-28-11-12-01.pgm’ saved [16000058/16000058]

Checking MD5 sum of /home/will/Crazyflie_WeBots_SLAM/build/multirobot_map_merge/2012-01-28-11-12-01.pgm
/home/will/Crazyflie_WeBots_SLAM/build/multirobot_map_merge/2012-01-28-11-12-01.pgm: OK
-- Found gtest sources under '/opt/ros/galactic/src/gtest_vendor': C++ tests using 'Google Test' will be built
-- Check if compiler accepts -pthread
-- Check if compiler accepts -pthread - yes
-- Added test 'cppcheck' to perform static code analysis on C / C++ code
-- Configured cppcheck include dirs: /home/will/Crazyflie_WeBots_SLAM/src/m-explore-ros2/map_merge/include;$<BUILD_INTERFACE:/home/will/Crazyflie_WeBots_SLAM/src/m-explore-ros2/map_merge/include>
-- Configured cppcheck exclude dirs and/or files: 
-- Added test 'flake8' to check Python code syntax and style conventions
-- Added test 'lint_cmake' to check CMake code style
-- Added test 'pep257' to check Python code against some of the style conventions in PEP 257
-- Added test 'uncrustify' to check C / C++ code style
-- Configured uncrustify additional arguments: 
-- Added test 'xmllint' to check XML markup files
-- Configuring done
-- Generating done
-- Build files have been written to: /home/will/Crazyflie_WeBots_SLAM/build/multirobot_map_merge
[35m[1mScanning dependencies of target gtest[0m
[35m[1mScanning dependencies of target gtest_main[0m
[35m[1mScanning dependencies of target combine_grids[0m
[  8%] [32mBuilding CXX object gtest/CMakeFiles/gtest_main.dir/src/gtest_main.cc.o[0m
[ 16%] [32mBuilding CXX object gtest/CMakeFiles/gtest.dir/src/gtest-all.cc.o[0m
[ 33%] [32mBuilding CXX object CMakeFiles/combine_grids.dir/src/combine_grids/grid_warper.cpp.o[0m
[ 33%] [32mBuilding CXX object CMakeFiles/combine_grids.dir/src/combine_grids/grid_compositor.cpp.o[0m
[ 41%] [32mBuilding CXX object CMakeFiles/combine_grids.dir/src/combine_grids/merging_pipeline.cpp.o[0m
[ 50%] [32m[1mLinking CXX static library libgtest_main.a[0m
[ 50%] Built target gtest_main
[ 58%] [32m[1mLinking CXX static library libcombine_grids.a[0m
[ 66%] [32m[1mLinking CXX static library libgtest.a[0m
[ 66%] Built target combine_grids
[35m[1mScanning dependencies of target map_merge[0m
[ 66%] Built target gtest
[35m[1mScanning dependencies of target test_merging_pipeline[0m
[ 75%] [32mBuilding CXX object CMakeFiles/map_merge.dir/src/map_merge.cpp.o[0m
[ 83%] [32mBuilding CXX object CMakeFiles/test_merging_pipeline.dir/test/test_merging_pipeline.cpp.o[0m
[ 91%] [32m[1mLinking CXX executable test_merging_pipeline[0m
[ 91%] Built target test_merging_pipeline
[100%] [32m[1mLinking CXX executable map_merge[0m
[100%] Built target map_merge
-- Install configuration: ""
-- Execute custom install script
-- Symlinking: /home/will/Crazyflie_WeBots_SLAM/install/multirobot_map_merge/include/map_merge//map_merge.h
-- Symlinking: /home/will/Crazyflie_WeBots_SLAM/install/multirobot_map_merge/include/map_merge//ros1_names.hpp
-- Symlinking: /home/will/Crazyflie_WeBots_SLAM/install/multirobot_map_merge/share/multirobot_map_merge/launch/from_map_server.launch.py
-- Symlinking: /home/will/Crazyflie_WeBots_SLAM/install/multirobot_map_merge/share/multirobot_map_merge/launch/map_merge.launch.py
-- Symlinking: /home/will/Crazyflie_WeBots_SLAM/install/multirobot_map_merge/share/multirobot_map_merge/launch/map_merge.rviz
-- Symlinking: /home/will/Crazyflie_WeBots_SLAM/install/multirobot_map_merge/share/multirobot_map_merge/launch/tb3_simulation/bringup_launch.py
-- Symlinking: /home/will/Crazyflie_WeBots_SLAM/install/multirobot_map_merge/share/multirobot_map_merge/launch/tb3_simulation/config/nav2_multirobot_params_1.yaml
-- Symlinking: /home/will/Crazyflie_WeBots_SLAM/install/multirobot_map_merge/share/multirobot_map_merge/launch/tb3_simulation/config/nav2_multirobot_params_2.yaml
-- Symlinking: /home/will/Crazyflie_WeBots_SLAM/install/multirobot_map_merge/share/multirobot_map_merge/launch/tb3_simulation/multi_tb3_simulation_launch.py
-- Symlinking: /home/will/Crazyflie_WeBots_SLAM/install/multirobot_map_merge/share/multirobot_map_merge/launch/tb3_simulation/slam_toolbox.py
-- Symlinking: /home/will/Crazyflie_WeBots_SLAM/install/multirobot_map_merge/share/multirobot_map_merge/launch/tb3_simulation/tb3_simulation_launch.py
-- Symlinking: /home/will/Crazyflie_WeBots_SLAM/install/multirobot_map_merge/share/multirobot_map_merge/launch/tb3_simulation/worlds/world_only.model
-- Symlinking: /home/will/Crazyflie_WeBots_SLAM/install/multirobot_map_merge/share/multirobot_map_merge/config/params.yaml
-- Symlinking: /home/will/Crazyflie_WeBots_SLAM/install/multirobot_map_merge/lib/multirobot_map_merge/map_merge
-- Symlinking: /home/will/Crazyflie_WeBots_SLAM/install/multirobot_map_merge/share/multirobot_map_merge/environment/library_path.sh
-- Symlinking: /home/will/Crazyflie_WeBots_SLAM/install/multirobot_map_merge/share/multirobot_map_merge/environment/library_path.dsv
-- Symlinking: /home/will/Crazyflie_WeBots_SLAM/install/multirobot_map_merge/share/ament_index/resource_index/package_run_dependencies/multirobot_map_merge
-- Symlinking: /home/will/Crazyflie_WeBots_SLAM/install/multirobot_map_merge/share/ament_index/resource_index/parent_prefix_path/multirobot_map_merge
-- Symlinking: /home/will/Crazyflie_WeBots_SLAM/install/multirobot_map_merge/share/multirobot_map_merge/environment/ament_prefix_path.sh
-- Symlinking: /home/will/Crazyflie_WeBots_SLAM/install/multirobot_map_merge/share/multirobot_map_merge/environment/ament_prefix_path.dsv
-- Symlinking: /home/will/Crazyflie_WeBots_SLAM/install/multirobot_map_merge/share/multirobot_map_merge/environment/path.sh
-- Symlinking: /home/will/Crazyflie_WeBots_SLAM/install/multirobot_map_merge/share/multirobot_map_merge/environment/path.dsv
-- Symlinking: /home/will/Crazyflie_WeBots_SLAM/install/multirobot_map_merge/share/multirobot_map_merge/local_setup.bash
-- Symlinking: /home/will/Crazyflie_WeBots_SLAM/install/multirobot_map_merge/share/multirobot_map_merge/local_setup.sh
-- Symlinking: /home/will/Crazyflie_WeBots_SLAM/install/multirobot_map_merge/share/multirobot_map_merge/local_setup.zsh
-- Symlinking: /home/will/Crazyflie_WeBots_SLAM/install/multirobot_map_merge/share/multirobot_map_merge/local_setup.dsv
-- Symlinking: /home/will/Crazyflie_WeBots_SLAM/install/multirobot_map_merge/share/multirobot_map_merge/package.dsv
-- Symlinking: /home/will/Crazyflie_WeBots_SLAM/install/multirobot_map_merge/share/ament_index/resource_index/packages/multirobot_map_merge
-- Symlinking: /home/will/Crazyflie_WeBots_SLAM/install/multirobot_map_merge/share/multirobot_map_merge/cmake/ament_cmake_export_include_directories-extras.cmake
-- Symlinking: /home/will/Crazyflie_WeBots_SLAM/install/multirobot_map_merge/share/multirobot_map_merge/cmake/ament_cmake_export_libraries-extras.cmake
-- Symlinking: /home/will/Crazyflie_WeBots_SLAM/install/multirobot_map_merge/share/multirobot_map_merge/cmake/multirobot_map_mergeConfig.cmake
-- Symlinking: /home/will/Crazyflie_WeBots_SLAM/install/multirobot_map_merge/share/multirobot_map_merge/cmake/multirobot_map_mergeConfig-version.cmake
-- Symlinking: /home/will/Crazyflie_WeBots_SLAM/install/multirobot_map_merge/share/multirobot_map_merge/package.xml
-- Installing: /home/will/Crazyflie_WeBots_SLAM/install/multirobot_map_merge/lib/libcombine_grids.a
