[0.702s] Invoking command in '/home/will/Crazyflie_WeBots_SLAM/build/multirobot_map_merge': CMAKE_PREFIX_PATH=/opt/ros/galactic /usr/bin/cmake /home/will/Crazyflie_WeBots_SLAM/src/m-explore-ros2/map_merge -DAMENT_CMAKE_SYMLINK_INSTALL=1 -DCMAKE_INSTALL_PREFIX=/home/will/Crazyflie_WeBots_SLAM/install/multirobot_map_merge
[0.740s] -- The C compiler identification is GNU 9.4.0
[0.776s] -- The CXX compiler identification is GNU 9.4.0
[0.779s] -- Check for working C compiler: /usr/bin/cc
[0.823s] -- Check for working C compiler: /usr/bin/cc -- works
[0.823s] -- Detecting C compiler ABI info
[0.867s] -- Detecting C compiler ABI info - done
[0.875s] -- Detecting C compile features
[0.876s] -- Detecting C compile features - done
[0.878s] -- Check for working CXX compiler: /usr/bin/c++
[0.929s] -- Check for working CXX compiler: /usr/bin/c++ -- works
[0.929s] -- Detecting CXX compiler ABI info
[0.985s] -- Detecting CXX compiler ABI info - done
[1.000s] -- Detecting CXX compile features
[1.000s] -- Detecting CXX compile features - done
[1.003s] -- Found ament_cmake: 1.1.6 (/opt/ros/galactic/share/ament_cmake/cmake)
[1.020s] -- Found PythonInterp: /usr/bin/python3 (found suitable version "3.8.10", minimum required is "3") 
[1.020s] -- Using PYTHON_EXECUTABLE: /usr/bin/python3
[1.061s] -- Override CMake install command with custom implementation using symlinks instead of copying resources
[1.084s] -- Found rclcpp: 9.2.2 (/opt/ros/galactic/share/rclcpp/cmake)
[1.144s] -- Using all available rosidl_typesupport_c: rosidl_typesupport_fastrtps_c;rosidl_typesupport_introspection_c
[1.145s] -- Found rosidl_adapter: 2.2.3 (/opt/ros/galactic/share/rosidl_adapter/cmake)
[1.207s] -- Found OpenSSL: /usr/lib/x86_64-linux-gnu/libcrypto.so (found version "1.1.1f")  
[1.228s] -- Found FastRTPS: /opt/ros/galactic/include  
[1.282s] -- Using all available rosidl_typesupport_cpp: rosidl_typesupport_fastrtps_cpp;rosidl_typesupport_introspection_cpp
[1.326s] -- Found rmw_implementation_cmake: 3.3.1 (/opt/ros/galactic/share/rmw_implementation_cmake/cmake)
[1.330s] -- Found rmw_cyclonedds_cpp: 0.22.6 (/opt/ros/galactic/share/rmw_cyclonedds_cpp/cmake)
[1.354s] -- Using RMW implementation 'rmw_cyclonedds_cpp' as default
[1.355s] -- Looking for pthread.h
[1.409s] -- Looking for pthread.h - found
[1.409s] -- Performing Test CMAKE_HAVE_LIBC_PTHREAD
[1.455s] -- Performing Test CMAKE_HAVE_LIBC_PTHREAD - Failed
[1.455s] -- Looking for pthread_create in pthreads
[1.495s] -- Looking for pthread_create in pthreads - not found
[1.496s] -- Looking for pthread_create in pthread
[1.540s] -- Looking for pthread_create in pthread - found
[1.541s] -- Found Threads: TRUE  
[1.669s] -- Found geometry_msgs: 2.2.4 (/opt/ros/galactic/share/geometry_msgs/cmake)
[1.695s] -- Found image_geometry: 3.1.3 (/opt/ros/galactic/share/image_geometry/cmake)
[1.711s] -- Found map_msgs: 2.1.0 (/opt/ros/galactic/share/map_msgs/cmake)
[1.964s] -- Found tf2_geometry_msgs: 0.17.5 (/opt/ros/galactic/share/tf2_geometry_msgs/cmake)
[1.971s] -- Found eigen3_cmake_module: 0.1.1 (/opt/ros/galactic/share/eigen3_cmake_module/cmake)
[1.974s] -- Found Eigen3: TRUE (found version "3.3.7") 
[2.283s] -- Found Boost: /usr/lib/x86_64-linux-gnu/cmake/Boost-1.71.0/BoostConfig.cmake (found version "1.71.0") found components: thread 
[2.290s] -- Found OpenCV: /usr (found version "4.2.0") 
[2.299s] -- Found ament_lint_auto: 0.10.7 (/opt/ros/galactic/share/ament_lint_auto/cmake)
[2.348s] -- Found ament_cmake_gtest: 1.1.6 (/opt/ros/galactic/share/ament_cmake_gtest/cmake)
[2.354s] --2023-01-24 09:12:16--  https://raw.githubusercontent.com/hrnr/m-explore-extra/master/map_merge/hector_maps/map00.pgm
[2.381s] Resolving raw.githubusercontent.com (raw.githubusercontent.com)... 185.199.108.133, 185.199.109.133, 185.199.110.133, ...
[2.403s] Connecting to raw.githubusercontent.com (raw.githubusercontent.com)|185.199.108.133|:443... connected.
[3.055s] HTTP request sent, awaiting response... 200 OK
[3.056s] Length: 4194362 (4.0M) [application/octet-stream]
[3.056s] Saving to: ‘/home/will/Crazyflie_WeBots_SLAM/build/multirobot_map_merge/map00.pgm’
[3.056s] 
[3.081s]      0K .......... .......... .......... .......... ..........  1% 1.92M 2s
[3.100s]     50K .......... .......... .......... .......... ..........  2% 2.59M 2s
[3.106s]    100K .......... .......... .......... .......... ..........  3% 7.81M 1s
[3.110s]    150K .......... .......... .......... .......... ..........  4% 11.8M 1s
[3.120s]    200K .......... .......... .......... .......... ..........  6% 4.83M 1s
[3.124s]    250K .......... .......... .......... .......... ..........  7% 11.7M 1s
[3.128s]    300K .......... .......... .......... .......... ..........  8% 13.4M 1s
[3.132s]    350K .......... .......... .......... .......... ..........  9% 13.9M 1s
[3.134s]    400K .......... .......... .......... .......... .......... 10% 22.8M 1s
[3.135s]    450K .......... .......... .......... .......... .......... 12% 32.5M 1s
[3.141s]    500K .......... .......... .......... .......... .......... 13% 8.22M 1s
[3.147s]    550K .......... .......... .......... .......... .......... 14% 12.5M 1s
[3.148s]    600K .......... .......... .......... .......... .......... 15% 16.1M 0s
[3.151s]    650K .......... .......... .......... .......... .......... 17% 16.2M 0s
[3.154s]    700K .......... .......... .......... .......... .......... 18% 15.2M 0s
[3.155s]    750K .......... .......... .......... .......... .......... 19% 47.9M 0s
[3.159s]    800K .......... .......... .......... .......... .......... 20% 14.1M 0s
[3.160s]    850K .......... .......... .......... .......... .......... 21% 35.5M 0s
[3.161s]    900K .......... .......... .......... .......... .......... 23% 42.8M 0s
[3.165s]    950K .......... .......... .......... .......... .......... 24% 13.3M 0s
[3.166s]   1000K .......... .......... .......... .......... .......... 25% 56.4M 0s
[3.168s]   1050K .......... .......... .......... .......... .......... 26% 26.0M 0s
[3.169s]   1100K .......... .......... .......... .......... .......... 28% 29.1M 0s
[3.173s]   1150K .......... .......... .......... .......... .......... 29% 14.1M 0s
[3.174s]   1200K .......... .......... .......... .......... .......... 30% 42.8M 0s
[3.176s]   1250K .......... .......... .......... .......... .......... 31% 22.7M 0s
[3.178s]   1300K .......... .......... .......... .......... .......... 32% 31.2M 0s
[3.179s]   1350K .......... .......... .......... .......... .......... 34% 44.0M 0s
[3.181s]   1400K .......... .......... .......... .......... .......... 35% 21.0M 0s
[3.184s]   1450K .......... .......... .......... .......... .......... 36% 15.7M 0s
[3.185s]   1500K .......... .......... .......... .......... .......... 37% 82.1M 0s
[3.187s]   1550K .......... .......... .......... .......... .......... 39% 23.3M 0s
[3.189s]   1600K .......... .......... .......... .......... .......... 40% 21.0M 0s
[3.191s]   1650K .......... .......... .......... .......... .......... 41% 23.9M 0s
[3.193s]   1700K .......... .......... .......... .......... .......... 42% 21.1M 0s
[3.194s]   1750K .......... .......... .......... .......... .......... 43% 87.8M 0s
[3.196s]   1800K .......... .......... .......... .......... .......... 45% 31.9M 0s
[3.196s]   1850K .......... .......... .......... .......... .......... 46% 57.8M 0s
[3.199s]   1900K .......... .......... .......... .......... .......... 47% 16.2M 0s
[3.200s]   1950K .......... .......... .......... .......... .......... 48% 62.3M 0s
[3.204s]   2000K .......... .......... .......... .......... .......... 50% 12.9M 0s
[3.205s]   2050K .......... .......... .......... .......... .......... 51% 32.9M 0s
[3.208s]   2100K .......... .......... .......... .......... .......... 52% 20.7M 0s
[3.209s]   2150K .......... .......... .......... .......... .......... 53% 52.0M 0s
[3.210s]   2200K .......... .......... .......... .......... .......... 54% 40.3M 0s
[3.211s]   2250K .......... .......... .......... .......... .......... 56% 42.3M 0s
[3.213s]   2300K .......... .......... .......... .......... .......... 57% 21.9M 0s
[3.214s]   2350K .......... .......... .......... .......... .......... 58% 43.5M 0s
[3.218s]   2400K .......... .......... .......... .......... .......... 59% 14.3M 0s
[3.219s]   2450K .......... .......... .......... .......... .......... 61% 43.6M 0s
[3.221s]   2500K .......... .......... .......... .......... .......... 62% 27.9M 0s
[3.222s]   2550K .......... .......... .......... .......... .......... 63% 37.3M 0s
[3.225s]   2600K .......... .......... .......... .......... .......... 64% 17.6M 0s
[3.226s]   2650K .......... .......... .......... .......... .......... 65% 50.3M 0s
[3.230s]   2700K .......... .......... .......... .......... .......... 67% 53.3M 0s
[3.231s]   2750K .......... .......... .......... .......... .......... 68% 11.8M 0s
[3.232s]   2800K .......... .......... .......... .......... .......... 69% 35.4M 0s
[3.234s]   2850K .......... .......... .......... .......... .......... 70% 22.4M 0s
[3.236s]   2900K .......... .......... .......... .......... .......... 72% 41.2M 0s
[3.237s]   2950K .......... .......... .......... .......... .......... 73% 35.6M 0s
[3.240s]   3000K .......... .......... .......... .......... .......... 74% 17.7M 0s
[3.241s]   3050K .......... .......... .......... .......... .......... 75% 32.0M 0s
[3.242s]   3100K .......... .......... .......... .......... .......... 76% 50.9M 0s
[3.244s]   3150K .......... .......... .......... .......... .......... 78% 30.3M 0s
[3.247s]   3200K .......... .......... .......... .......... .......... 79% 17.4M 0s
[3.247s]   3250K .......... .......... .......... .......... .......... 80% 64.7M 0s
[3.249s]   3300K .......... .......... .......... .......... .......... 81% 30.2M 0s
[3.252s]   3350K .......... .......... .......... .......... .......... 83% 16.0M 0s
[3.254s]   3400K .......... .......... .......... .......... .......... 84% 31.5M 0s
[3.258s]   3450K .......... .......... .......... .......... .......... 85% 12.3M 0s
[3.258s]   3500K .......... .......... .......... .......... .......... 86% 62.2M 0s
[3.260s]   3550K .......... .......... .......... .......... .......... 87% 26.4M 0s
[3.262s]   3600K .......... .......... .......... .......... .......... 89% 27.3M 0s
[3.263s]   3650K .......... .......... .......... .......... .......... 90% 34.5M 0s
[3.264s]   3700K .......... .......... .......... .......... .......... 91% 64.3M 0s
[3.267s]   3750K .......... .......... .......... .......... .......... 92% 20.0M 0s
[3.269s]   3800K .......... .......... .......... .......... .......... 93% 22.4M 0s
[3.273s]   3850K .......... .......... .......... .......... .......... 95% 13.0M 0s
[3.273s]   3900K .......... .......... .......... .......... .......... 96%  247M 0s
[3.274s]   3950K .......... .......... .......... .......... .......... 97% 35.7M 0s
[3.276s]   4000K .......... .......... .......... .......... .......... 98% 22.4M 0s
[3.278s]   4050K .......... .......... .......... .......... ......    100% 29.8M=0.2s
[3.278s] 
[3.278s] 2023-01-24 09:12:17 (18.0 MB/s) - ‘/home/will/Crazyflie_WeBots_SLAM/build/multirobot_map_merge/map00.pgm’ saved [4194362/4194362]
[3.278s] 
[3.278s] Checking MD5 sum of /home/will/Crazyflie_WeBots_SLAM/build/multirobot_map_merge/map00.pgm
[3.284s] /home/will/Crazyflie_WeBots_SLAM/build/multirobot_map_merge/map00.pgm: OK
[3.287s] --2023-01-24 09:12:17--  https://raw.githubusercontent.com/hrnr/m-explore-extra/master/map_merge/hector_maps/map05.pgm
[3.288s] Resolving raw.githubusercontent.com (raw.githubusercontent.com)... 185.199.111.133, 185.199.110.133, 185.199.109.133, ...
[3.307s] Connecting to raw.githubusercontent.com (raw.githubusercontent.com)|185.199.111.133|:443... connected.
[3.906s] HTTP request sent, awaiting response... 200 OK
[3.906s] Length: 4194362 (4.0M) [application/octet-stream]
[3.906s] Saving to: ‘/home/will/Crazyflie_WeBots_SLAM/build/multirobot_map_merge/map05.pgm’
[3.907s] 
[3.929s]      0K .......... .......... .......... .......... ..........  1% 2.12M 2s
[3.947s]     50K .......... .......... .......... .......... ..........  2% 2.73M 2s
[3.952s]    100K .......... .......... .......... .......... ..........  3% 10.9M 1s
[3.955s]    150K .......... .......... .......... .......... ..........  4% 14.1M 1s
[3.970s]    200K .......... .......... .......... .......... ..........  6% 3.35M 1s
[3.972s]    250K .......... .......... .......... .......... ..........  7% 19.2M 1s
[3.975s]    300K .......... .......... .......... .......... ..........  8% 16.7M 1s
[3.978s]    350K .......... .......... .......... .......... ..........  9% 17.9M 1s
[3.980s]    400K .......... .......... .......... .......... .......... 10% 19.6M 1s
[3.982s]    450K .......... .......... .......... .......... .......... 12% 38.2M 1s
[3.992s]    500K .......... .......... .......... .......... .......... 13% 4.72M 1s
[3.994s]    550K .......... .......... .......... .......... .......... 14% 20.1M 1s
[3.999s]    600K .......... .......... .......... .......... .......... 15% 11.9M 0s
[4.001s]    650K .......... .......... .......... .......... .......... 17% 17.1M 0s
[4.005s]    700K .......... .......... .......... .......... .......... 18% 12.4M 0s
[4.008s]    750K .......... .......... .......... .......... .......... 19% 19.0M 0s
[4.014s]    800K .......... .......... .......... .......... .......... 20% 7.66M 0s
[4.017s]    850K .......... .......... .......... .......... .......... 21% 15.8M 0s
[4.020s]    900K .......... .......... .......... .......... .......... 23% 19.0M 0s
[4.023s]    950K .......... .......... .......... .......... .......... 24% 14.0M 0s
[4.026s]   1000K .......... .......... .......... .......... .......... 25% 16.7M 0s
[4.029s]   1050K .......... .......... .......... .......... .......... 26% 21.5M 0s
[4.036s]   1100K .......... .......... .......... .......... .......... 28% 7.04M 0s
[4.040s]   1150K .......... .......... .......... .......... .......... 29% 10.5M 0s
[4.042s]   1200K .......... .......... .......... .......... .......... 30% 23.3M 0s
[4.046s]   1250K .......... .......... .......... .......... .......... 31% 14.9M 0s
[4.048s]   1300K .......... .......... .......... .......... .......... 32% 18.7M 0s
[4.051s]   1350K .......... .......... .......... .......... .......... 34% 16.4M 0s
[4.054s]   1400K .......... .......... .......... .......... .......... 35% 18.5M 0s
[4.057s]   1450K .......... .......... .......... .......... .......... 36% 13.9M 0s
[4.061s]   1500K .......... .......... .......... .......... .......... 37% 18.7M 0s
[4.064s]   1550K .......... .......... .......... .......... .......... 39% 11.6M 0s
[4.069s]   1600K .......... .......... .......... .......... .......... 40% 11.8M 0s
[4.071s]   1650K .......... .......... .......... .......... .......... 41% 18.2M 0s
[4.073s]   1700K .......... .......... .......... .......... .......... 42% 22.2M 0s
[4.077s]   1750K .......... .......... .......... .......... .......... 43% 17.0M 0s
[4.080s]   1800K .......... .......... .......... .......... .......... 45% 11.1M 0s
[4.083s]   1850K .......... .......... .......... .......... .......... 46% 21.0M 0s
[4.085s]   1900K .......... .......... .......... .......... .......... 47% 19.9M 0s
[4.091s]   1950K .......... .......... .......... .......... .......... 48% 8.78M 0s
[4.094s]   2000K .......... .......... .......... .......... .......... 50% 16.4M 0s
[4.096s]   2050K .......... .......... .......... .......... .......... 51% 22.8M 0s
[4.100s]   2100K .......... .......... .......... .......... .......... 52% 11.7M 0s
[4.103s]   2150K .......... .......... .......... .......... .......... 53% 15.0M 0s
[4.107s]   2200K .......... .......... .......... .......... .......... 54% 12.8M 0s
[4.109s]   2250K .......... .......... .......... .......... .......... 56% 22.7M 0s
[4.110s]   2300K .......... .......... .......... .......... .......... 57% 40.0M 0s
[4.113s]   2350K .......... .......... .......... .......... .......... 58% 17.6M 0s
[4.116s]   2400K .......... .......... .......... .......... .......... 59% 18.4M 0s
[4.117s]   2450K .......... .......... .......... .......... .......... 61% 40.4M 0s
[4.124s]   2500K .......... .......... .......... .......... .......... 62% 7.37M 0s
[4.128s]   2550K .......... .......... .......... .......... .......... 63% 12.9M 0s
[4.130s]   2600K .......... .......... .......... .......... .......... 64% 16.2M 0s
[4.133s]   2650K .......... .......... .......... .......... .......... 65% 21.3M 0s
[4.135s]   2700K .......... .......... .......... .......... .......... 67% 18.5M 0s
[4.138s]   2750K .......... .......... .......... .......... .......... 68% 17.9M 0s
[4.141s]   2800K .......... .......... .......... .......... .......... 69% 19.9M 0s
[4.143s]   2850K .......... .......... .......... .......... .......... 70% 22.5M 0s
[4.147s]   2900K .......... .......... .......... .......... .......... 72% 11.1M 0s
[4.148s]   2950K .......... .......... .......... .......... .......... 73% 58.3M 0s
[4.151s]   3000K .......... .......... .......... .......... .......... 74% 15.5M 0s
[4.154s]   3050K .......... .......... .......... .......... .......... 75% 19.8M 0s
[4.158s]   3100K .......... .......... .......... .......... .......... 76% 15.1M 0s
[4.160s]   3150K .......... .......... .......... .......... .......... 78% 14.6M 0s
[4.163s]   3200K .......... .......... .......... .......... .......... 79% 18.2M 0s
[4.165s]   3250K .......... .......... .......... .......... .......... 80% 21.6M 0s
[4.168s]   3300K .......... .......... .......... .......... .......... 81% 20.6M 0s
[4.171s]   3350K .......... .......... .......... .......... .......... 83% 15.6M 0s
[4.174s]   3400K .......... .......... .......... .......... .......... 84% 13.3M 0s
[4.177s]   3450K .......... .......... .......... .......... .......... 85% 17.9M 0s
[4.178s]   3500K .......... .......... .......... .......... .......... 86% 39.9M 0s
[4.181s]   3550K .......... .......... .......... .......... .......... 87% 17.9M 0s
[4.184s]   3600K .......... .......... .......... .......... .......... 89% 17.2M 0s
[4.185s]   3650K .......... .......... .......... .......... .......... 90% 32.5M 0s
[4.188s]   3700K .......... .......... .......... .......... .......... 91% 22.4M 0s
[4.191s]   3750K .......... .......... .......... .......... .......... 92% 12.5M 0s
[4.194s]   3800K .......... .......... .......... .......... .......... 93% 16.1M 0s
[4.200s]   3850K .......... .......... .......... .......... .......... 95% 9.51M 0s
[4.201s]   3900K .......... .......... .......... .......... .......... 96% 35.1M 0s
[4.204s]   3950K .......... .......... .......... .......... .......... 97% 19.7M 0s
[4.207s]   4000K .......... .......... .......... .......... .......... 98% 13.7M 0s
[4.208s]   4050K .......... .......... .......... .......... ......    100%  106M=0.3s
[4.208s] 
[4.208s] 2023-01-24 09:12:18 (13.3 MB/s) - ‘/home/will/Crazyflie_WeBots_SLAM/build/multirobot_map_merge/map05.pgm’ saved [4194362/4194362]
[4.208s] 
[4.208s] Checking MD5 sum of /home/will/Crazyflie_WeBots_SLAM/build/multirobot_map_merge/map05.pgm
[4.214s] /home/will/Crazyflie_WeBots_SLAM/build/multirobot_map_merge/map05.pgm: OK
[4.217s] --2023-01-24 09:12:18--  https://raw.githubusercontent.com/hrnr/m-explore-extra/master/map_merge/gmapping_maps/2011-08-09-12-22-52.pgm
[4.218s] Resolving raw.githubusercontent.com (raw.githubusercontent.com)... 185.199.111.133, 185.199.110.133, 185.199.109.133, ...
[4.238s] Connecting to raw.githubusercontent.com (raw.githubusercontent.com)|185.199.111.133|:443... connected.
[4.969s] HTTP request sent, awaiting response... 200 OK
[4.969s] Length: 16000058 (15M) [text/plain]
[4.969s] Saving to: ‘/home/will/Crazyflie_WeBots_SLAM/build/multirobot_map_merge/2011-08-09-12-22-52.pgm’
[4.969s] 
[4.991s]      0K .......... .......... .......... .......... ..........  0% 2.27M 7s
[5.010s]     50K .......... .......... .......... .......... ..........  0% 2.52M 6s
[5.013s]    100K .......... .......... .......... .......... ..........  0% 14.2M 5s
[5.029s]    150K .......... .......... .......... .......... ..........  1% 3.15M 5s
[5.037s]    200K .......... .......... .......... .......... ..........  1% 6.13M 4s
[5.049s]    250K .......... .......... .......... .......... ..........  1% 4.22M 4s
[5.057s]    300K .......... .......... .......... .......... ..........  2% 5.42M 4s
[5.070s]    350K .......... .......... .......... .......... ..........  2% 3.77M 4s
[5.083s]    400K .......... .......... .......... .......... ..........  2% 3.95M 4s
[5.091s]    450K .......... .......... .......... .......... ..........  3% 6.21M 4s
[5.103s]    500K .......... .......... .......... .......... ..........  3% 3.94M 4s
[5.111s]    550K .......... .......... .......... .......... ..........  3% 6.38M 4s
[5.121s]    600K .......... .......... .......... .......... ..........  4% 4.56M 4s
[5.131s]    650K .......... .......... .......... .......... ..........  4% 4.86M 3s
[5.140s]    700K .......... .......... .......... .......... ..........  4% 5.52M 3s
[5.152s]    750K .......... .......... .......... .......... ..........  5% 4.27M 3s
[5.164s]    800K .......... .......... .......... .......... ..........  5% 3.93M 3s
[5.172s]    850K .......... .......... .......... .......... ..........  5% 6.49M 3s
[5.184s]    900K .......... .......... .......... .......... ..........  6% 4.01M 3s
[5.191s]    950K .......... .......... .......... .......... ..........  6% 6.96M 3s
[5.203s]   1000K .......... .......... .......... .......... ..........  6% 4.16M 3s
[5.209s]   1050K .......... .......... .......... .......... ..........  7% 7.29M 3s
[5.216s]   1100K .......... .......... .......... .......... ..........  7% 6.87M 3s
[5.230s]   1150K .......... .......... .......... .......... ..........  7% 3.61M 3s
[5.242s]   1200K .......... .......... .......... .......... ..........  7% 4.22M 3s
[5.249s]   1250K .......... .......... .......... .......... ..........  8% 6.74M 3s
[5.261s]   1300K .......... .......... .......... .......... ..........  8% 3.91M 3s
[5.270s]   1350K .......... .......... .......... .......... ..........  8% 5.52M 3s
[5.277s]   1400K .......... .......... .......... .......... ..........  9% 6.80M 3s
[5.288s]   1450K .......... .......... .......... .......... ..........  9% 4.41M 3s
[5.296s]   1500K .......... .......... .......... .......... ..........  9% 6.55M 3s
[5.309s]   1550K .......... .......... .......... .......... .......... 10% 3.75M 3s
[5.316s]   1600K .......... .......... .......... .......... .......... 10% 7.22M 3s
[5.328s]   1650K .......... .......... .......... .......... .......... 10% 3.94M 3s
[5.335s]   1700K .......... .......... .......... .......... .......... 11% 6.60M 3s
[5.345s]   1750K .......... .......... .......... .......... .......... 11% 4.96M 3s
[5.353s]   1800K .......... .......... .......... .......... .......... 11% 6.46M 3s
[5.364s]   1850K .......... .......... .......... .......... .......... 12% 4.35M 3s
[5.373s]   1900K .......... .......... .......... .......... .......... 12% 5.36M 3s
[5.382s]   1950K .......... .......... .......... .......... .......... 12% 5.23M 3s
[5.394s]   2000K .......... .......... .......... .......... .......... 13% 4.24M 3s
[5.402s]   2050K .......... .......... .......... .......... .......... 13% 6.41M 3s
[5.413s]   2100K .......... .......... .......... .......... .......... 13% 4.36M 3s
[5.421s]   2150K .......... .......... .......... .......... .......... 14% 5.58M 3s
[5.431s]   2200K .......... .......... .......... .......... .......... 14% 4.92M 3s
[5.438s]   2250K .......... .......... .......... .......... .......... 14% 6.92M 3s
[5.448s]   2300K .......... .......... .......... .......... .......... 15% 5.06M 3s
[5.460s]   2350K .......... .......... .......... .......... .......... 15% 4.22M 3s
[5.469s]   2400K .......... .......... .......... .......... .......... 15% 5.27M 3s
[5.479s]   2450K .......... .......... .......... .......... .......... 15% 4.99M 3s
[5.487s]   2500K .......... .......... .......... .......... .......... 16% 5.63M 3s
[5.494s]   2550K .......... .......... .......... .......... .......... 16% 7.14M 3s
[5.503s]   2600K .......... .......... .......... .......... .......... 16% 5.37M 3s
[5.514s]   2650K .......... .......... .......... .......... .......... 17% 4.71M 3s
[5.521s]   2700K .......... .......... .......... .......... .......... 17% 6.48M 3s
[5.535s]   2750K .......... .......... .......... .......... .......... 17% 3.66M 3s
[5.540s]   2800K .......... .......... .......... .......... .......... 18% 8.23M 3s
[5.550s]   2850K .......... .......... .......... .......... .......... 18% 5.32M 3s
[5.558s]   2900K .......... .......... .......... .......... .......... 18% 5.76M 3s
[5.565s]   2950K .......... .......... .......... .......... .......... 19% 6.66M 3s
[5.576s]   3000K .......... .......... .......... .......... .......... 19% 4.60M 3s
[5.583s]   3050K .......... .......... .......... .......... .......... 19% 7.28M 2s
[5.593s]   3100K .......... .......... .......... .......... .......... 20% 4.73M 2s
[5.602s]   3150K .......... .......... .......... .......... .......... 20% 5.44M 2s
[5.612s]   3200K .......... .......... .......... .......... .......... 20% 4.93M 2s
[5.620s]   3250K .......... .......... .......... .......... .......... 21% 6.48M 2s
[5.628s]   3300K .......... .......... .......... .......... .......... 21% 6.11M 2s
[5.636s]   3350K .......... .......... .......... .......... .......... 21% 5.63M 2s
[5.644s]   3400K .......... .......... .......... .......... .......... 22% 6.31M 2s
[5.654s]   3450K .......... .......... .......... .......... .......... 22% 4.78M 2s
[5.660s]   3500K .......... .......... .......... .......... .......... 22% 9.10M 2s
[5.674s]   3550K .......... .......... .......... .......... .......... 23% 3.47M 2s
[5.682s]   3600K .......... .......... .......... .......... .......... 23% 5.96M 2s
[5.690s]   3650K .......... .......... .......... .......... .......... 23% 6.14M 2s
[5.698s]   3700K .......... .......... .......... .......... .......... 23% 5.85M 2s
[5.705s]   3750K .......... .......... .......... .......... .......... 24% 7.30M 2s
[5.714s]   3800K .......... .......... .......... .......... .......... 24% 5.55M 2s
[5.723s]   3850K .......... .......... .......... .......... .......... 24% 5.22M 2s
[5.730s]   3900K .......... .......... .......... .......... .......... 25% 7.41M 2s
[5.743s]   3950K .......... .......... .......... .......... .......... 25% 3.53M 2s
[5.749s]   4000K .......... .......... .......... .......... .......... 25% 8.44M 2s
[5.758s]   4050K .......... .......... .......... .......... .......... 26% 5.58M 2s
[5.766s]   4100K .......... .......... .......... .......... .......... 26% 6.12M 2s
[5.772s]   4150K .......... .......... .......... .......... .......... 26% 7.43M 2s
[5.785s]   4200K .......... .......... .......... .......... .......... 27% 3.98M 2s
[5.791s]   4250K .......... .......... .......... .......... .......... 27% 7.72M 2s
[5.799s]   4300K .......... .......... .......... .......... .......... 27% 6.02M 2s
[5.809s]   4350K .......... .......... .......... .......... .......... 28% 5.00M 2s
[5.817s]   4400K .......... .......... .......... .......... .......... 28% 6.09M 2s
[5.825s]   4450K .......... .......... .......... .......... .......... 28% 5.70M 2s
[5.834s]   4500K .......... .......... .......... .......... .......... 29% 5.92M 2s
[5.841s]   4550K .......... .......... .......... .......... .......... 29% 6.99M 2s
[5.852s]   4600K .......... .......... .......... .......... .......... 29% 4.28M 2s
[5.857s]   4650K .......... .......... .......... .......... .......... 30% 9.88M 2s
[5.866s]   4700K .......... .......... .......... .......... .......... 30% 5.33M 2s
[5.875s]   4750K .......... .......... .......... .......... .......... 30% 5.74M 2s
[5.885s]   4800K .......... .......... .......... .......... .......... 31% 6.30M 2s
[5.894s]   4850K .......... .......... .......... .......... .......... 31% 4.13M 2s
[5.900s]   4900K .......... .......... .......... .......... .......... 31% 8.90M 2s
[5.906s]   4950K .......... .......... .......... .......... .......... 31% 7.68M 2s
[5.916s]   5000K .......... .......... .......... .......... .......... 32% 4.86M 2s
[5.922s]   5050K .......... .......... .......... .......... .......... 32% 8.19M 2s
[5.932s]   5100K .......... .......... .......... .......... .......... 32% 4.96M 2s
[5.938s]   5150K .......... .......... .......... .......... .......... 33% 8.78M 2s
[5.949s]   5200K .......... .......... .......... .......... .......... 33% 6.90M 2s
[5.955s]   5250K .......... .......... .......... .......... .......... 33% 4.58M 2s
[5.963s]   5300K .......... .......... .......... .......... .......... 34% 6.09M 2s
[5.971s]   5350K .......... .......... .......... .......... .......... 34% 6.72M 2s
[5.977s]   5400K .......... .......... .......... .......... .......... 34% 7.61M 2s
[5.987s]   5450K .......... .......... .......... .......... .......... 35% 4.94M 2s
[5.992s]   5500K .......... .......... .......... .......... .......... 35% 8.98M 2s
[6.004s]   5550K .......... .......... .......... .......... .......... 35% 4.04M 2s
[6.011s]   5600K .......... .......... .......... .......... .......... 36% 11.9M 2s
[6.016s]   5650K .......... .......... .......... .......... .......... 36% 6.36M 2s
[6.027s]   5700K .......... .......... .......... .......... .......... 36% 4.52M 2s
[6.035s]   5750K .......... .......... .......... .......... .......... 37% 6.44M 2s
[6.045s]   5800K .......... .......... .......... .......... .......... 37% 4.77M 2s
[6.051s]   5850K .......... .......... .......... .......... .......... 37% 7.67M 2s
[6.056s]   5900K .......... .......... .......... .......... .......... 38% 9.94M 2s
[6.066s]   5950K .......... .......... .......... .......... .......... 38% 4.87M 2s
[6.076s]   6000K .......... .......... .......... .......... .......... 38% 6.31M 2s
[6.083s]   6050K .......... .......... .......... .......... .......... 39% 5.39M 2s
[6.090s]   6100K .......... .......... .......... .......... .......... 39% 6.81M 2s
[6.098s]   6150K .......... .......... .......... .......... .......... 39% 6.18M 2s
[6.106s]   6200K .......... .......... .......... .......... .......... 39% 6.56M 2s
[6.112s]   6250K .......... .......... .......... .......... .......... 40% 7.87M 2s
[6.119s]   6300K .......... .......... .......... .......... .......... 40% 6.86M 2s
[6.126s]   6350K .......... .......... .......... .......... .......... 40% 6.67M 2s
[6.137s]   6400K .......... .......... .......... .......... .......... 41% 5.96M 2s
[6.142s]   6450K .......... .......... .......... .......... .......... 41% 5.93M 2s
[6.150s]   6500K .......... .......... .......... .......... .......... 41% 6.49M 2s
[6.158s]   6550K .......... .......... .......... .......... .......... 42% 6.04M 2s
[6.164s]   6600K .......... .......... .......... .......... .......... 42% 8.16M 2s
[6.170s]   6650K .......... .......... .......... .......... .......... 42% 8.47M 2s
[6.180s]   6700K .......... .......... .......... .......... .......... 43% 4.61M 2s
[6.187s]   6750K .......... .......... .......... .......... .......... 43% 7.26M 2s
[6.197s]   6800K .......... .......... .......... .......... .......... 43% 5.09M 2s
[6.206s]   6850K .......... .......... .......... .......... .......... 44% 5.40M 2s
[6.212s]   6900K .......... .......... .......... .......... .......... 44% 8.53M 2s
[6.218s]   6950K .......... .......... .......... .......... .......... 44% 7.75M 2s
[6.229s]   7000K .......... .......... .......... .......... .......... 45% 4.30M 2s
[6.235s]   7050K .......... .......... .......... .......... .......... 45% 8.71M 2s
[6.243s]   7100K .......... .......... .......... .......... .......... 45% 5.74M 2s
[6.250s]   7150K .......... .......... .......... .......... .......... 46% 7.46M 1s
[6.258s]   7200K .......... .......... .......... .......... .......... 46% 7.03M 1s
[6.267s]   7250K .......... .......... .......... .......... .......... 46% 4.72M 1s
[6.273s]   7300K .......... .......... .......... .......... .......... 47% 8.35M 1s
[6.280s]   7350K .......... .......... .......... .......... .......... 47% 6.96M 1s
[6.290s]   7400K .......... .......... .......... .......... .......... 47% 5.09M 1s
[6.294s]   7450K .......... .......... .......... .......... .......... 47% 10.1M 1s
[6.300s]   7500K .......... .......... .......... .......... .......... 48% 8.84M 1s
[6.310s]   7550K .......... .......... .......... .......... .......... 48% 4.93M 1s
[6.318s]   7600K .......... .......... .......... .......... .......... 48% 8.63M 1s
[6.324s]   7650K .......... .......... .......... .......... .......... 49% 5.56M 1s
[6.334s]   7700K .......... .......... .......... .......... .......... 49% 4.98M 1s
[6.339s]   7750K .......... .......... .......... .......... .......... 49% 9.91M 1s
[6.346s]   7800K .......... .......... .......... .......... .......... 50% 7.60M 1s
[6.355s]   7850K .......... .......... .......... .......... .......... 50% 4.88M 1s
[6.362s]   7900K .......... .......... .......... .......... .......... 50% 7.96M 1s
[6.366s]   7950K .......... .......... .......... .......... .......... 51% 9.97M 1s
[6.377s]   8000K .......... .......... .......... .......... .......... 51% 5.45M 1s
[6.385s]   8050K .......... .......... .......... .......... .......... 51% 5.10M 1s
[6.392s]   8100K .......... .......... .......... .......... .......... 52% 6.90M 1s
[6.399s]   8150K .......... .......... .......... .......... .......... 52% 7.16M 1s
[6.405s]   8200K .......... .......... .......... .......... .......... 52% 7.96M 1s
[6.413s]   8250K .......... .......... .......... .......... .......... 53% 6.56M 1s
[6.419s]   8300K .......... .......... .......... .......... .......... 53% 7.52M 1s
[6.427s]   8350K .......... .......... .......... .......... .......... 53% 5.94M 1s
[6.435s]   8400K .......... .......... .......... .......... .......... 54% 8.00M 1s
[6.446s]   8450K .......... .......... .......... .......... .......... 54% 4.00M 1s
[6.449s]   8500K .......... .......... .......... .......... .......... 54% 14.1M 1s
[6.454s]   8550K .......... .......... .......... .......... .......... 55% 10.2M 1s
[6.469s]   8600K .......... .......... .......... .......... .......... 55% 3.30M 1s
[6.472s]   8650K .......... .......... .......... .......... .......... 55% 14.2M 1s
[6.478s]   8700K .......... .......... .......... .......... .......... 55% 8.72M 1s
[6.495s]   8750K .......... .......... .......... .......... .......... 56% 2.84M 1s
[6.501s]   8800K .......... .......... .......... .......... .......... 56% 9.77M 1s
[6.506s]   8850K .......... .......... .......... .......... .......... 56% 8.29M 1s
[6.517s]   8900K .......... .......... .......... .......... .......... 57% 4.45M 1s
[6.521s]   8950K .......... .......... .......... .......... .......... 57% 10.4M 1s
[6.528s]   9000K .......... .......... .......... .......... .......... 57% 7.41M 1s
[6.535s]   9050K .......... .......... .......... .......... .......... 58% 6.93M 1s
[6.540s]   9100K .......... .......... .......... .......... .......... 58% 9.13M 1s
[6.549s]   9150K .......... .......... .......... .......... .......... 58% 5.76M 1s
[6.558s]   9200K .......... .......... .......... .......... .......... 59% 7.62M 1s
[6.563s]   9250K .......... .......... .......... .......... .......... 59% 6.17M 1s
[6.569s]   9300K .......... .......... .......... .......... .......... 59% 7.87M 1s
[6.575s]   9350K .......... .......... .......... .......... .......... 60% 7.98M 1s
[6.583s]   9400K .......... .......... .......... .......... .......... 60% 6.26M 1s
[6.589s]   9450K .......... .......... .......... .......... .......... 60% 7.89M 1s
[6.596s]   9500K .......... .......... .......... .......... .......... 61% 7.89M 1s
[6.603s]   9550K .......... .......... .......... .......... .......... 61% 6.68M 1s
[6.612s]   9600K .......... .......... .......... .......... .......... 61% 8.31M 1s
[6.619s]   9650K .......... .......... .......... .......... .......... 62% 4.66M 1s
[6.625s]   9700K .......... .......... .......... .......... .......... 62% 9.09M 1s
[6.630s]   9750K .......... .......... .......... .......... .......... 62% 9.30M 1s
[6.636s]   9800K .......... .......... .......... .......... .......... 63% 8.56M 1s
[6.642s]   9850K .......... .......... .......... .......... .......... 63% 7.34M 1s
[6.650s]   9900K .......... .......... .......... .......... .......... 63% 6.72M 1s
[6.656s]   9950K .......... .......... .......... .......... .......... 63% 7.33M 1s
[6.667s]  10000K .......... .......... .......... .......... .......... 64% 8.01M 1s
[6.671s]  10050K .......... .......... .......... .......... .......... 64% 5.69M 1s
[6.681s]  10100K .......... .......... .......... .......... .......... 64% 4.93M 1s
[6.686s]  10150K .......... .......... .......... .......... .......... 65% 9.55M 1s
[6.691s]  10200K .......... .......... .......... .......... .......... 65% 9.15M 1s
[6.696s]  10250K .......... .......... .......... .......... .......... 65% 11.5M 1s
[6.705s]  10300K .......... .......... .......... .......... .......... 66% 4.98M 1s
[6.710s]  10350K .......... .......... .......... .......... .......... 66% 10.8M 1s
[6.722s]  10400K .......... .......... .......... .......... .......... 66% 8.37M 1s
[6.727s]  10450K .......... .......... .......... .......... .......... 67% 4.38M 1s
[6.732s]  10500K .......... .......... .......... .......... .......... 67% 8.65M 1s
[6.738s]  10550K .......... .......... .......... .......... .......... 67% 9.11M 1s
[6.745s]  10600K .......... .......... .......... .......... .......... 68% 6.48M 1s
[6.751s]  10650K .......... .......... .......... .......... .......... 68% 7.96M 1s
[6.756s]  10700K .......... .......... .......... .......... .......... 68% 10.2M 1s
[6.764s]  10750K .......... .......... .......... .......... .......... 69% 5.99M 1s
[6.772s]  10800K .......... .......... .......... .......... .......... 69% 9.69M 1s
[6.777s]  10850K .......... .......... .......... .......... .......... 69% 6.50M 1s
[6.784s]  10900K .......... .......... .......... .......... .......... 70% 6.69M 1s
[6.790s]  10950K .......... .......... .......... .......... .......... 70% 8.59M 1s
[6.795s]  11000K .......... .......... .......... .......... .......... 70% 9.03M 1s
[6.803s]  11050K .......... .......... .......... .......... .......... 71% 6.31M 1s
[6.809s]  11100K .......... .......... .......... .......... .......... 71% 8.11M 1s
[6.815s]  11150K .......... .......... .......... .......... .......... 71% 8.18M 1s
[6.823s]  11200K .......... .......... .......... .......... .......... 71% 6.59M 1s
[6.829s]  11250K .......... .......... .......... .......... .......... 72% 7.77M 1s
[6.835s]  11300K .......... .......... .......... .......... .......... 72% 7.30M 1s
[6.842s]  11350K .......... .......... .......... .......... .......... 72% 7.53M 1s
[6.847s]  11400K .......... .......... .......... .......... .......... 73% 9.90M 1s
[6.853s]  11450K .......... .......... .......... .......... .......... 73% 8.14M 1s
[6.859s]  11500K .......... .......... .......... .......... .......... 73% 7.70M 1s
[6.863s]  11550K .......... .......... .......... .......... .......... 74% 12.3M 1s
[6.873s]  11600K .......... .......... .......... .......... .......... 74% 5.99M 1s
[6.879s]  11650K .......... .......... .......... .......... .......... 74% 6.60M 1s
[6.884s]  11700K .......... .......... .......... .......... .......... 75% 8.78M 1s
[6.892s]  11750K .......... .......... .......... .......... .......... 75% 6.58M 1s
[6.898s]  11800K .......... .......... .......... .......... .......... 75% 7.89M 1s
[6.904s]  11850K .......... .......... .......... .......... .......... 76% 7.73M 1s
[6.910s]  11900K .......... .......... .......... .......... .......... 76% 8.44M 1s
[6.914s]  11950K .......... .......... .......... .......... .......... 76% 11.7M 1s
[6.925s]  12000K .......... .......... .......... .......... .......... 77% 6.85M 1s
[6.930s]  12050K .......... .......... .......... .......... .......... 77% 5.75M 1s
[6.935s]  12100K .......... .......... .......... .......... .......... 77% 10.0M 1s
[6.942s]  12150K .......... .......... .......... .......... .......... 78% 6.61M 1s
[6.948s]  12200K .......... .......... .......... .......... .......... 78% 8.46M 1s
[6.953s]  12250K .......... .......... .......... .......... .......... 78% 9.73M 1s
[6.962s]  12300K .......... .......... .......... .......... .......... 79% 5.62M 1s
[6.968s]  12350K .......... .......... .......... .......... .......... 79% 7.25M 1s
[6.975s]  12400K .......... .......... .......... .......... .......... 79% 10.2M 1s
[6.981s]  12450K .......... .......... .......... .......... .......... 79% 6.14M 1s
[6.988s]  12500K .......... .......... .......... .......... .......... 80% 7.15M 0s
[6.994s]  12550K .......... .......... .......... .......... .......... 80% 7.70M 0s
[6.999s]  12600K .......... .......... .......... .......... .......... 80% 9.60M 0s
[7.005s]  12650K .......... .......... .......... .......... .......... 81% 8.76M 0s
[7.013s]  12700K .......... .......... .......... .......... .......... 81% 5.97M 0s
[7.017s]  12750K .......... .......... .......... .......... .......... 81% 10.8M 0s
[7.025s]  12800K .......... .......... .......... .......... .......... 82% 9.51M 0s
[7.034s]  12850K .......... .......... .......... .......... .......... 82% 4.40M 0s
[7.038s]  12900K .......... .......... .......... .......... .......... 82% 11.4M 0s
[7.044s]  12950K .......... .......... .......... .......... .......... 83% 8.40M 0s
[7.050s]  13000K .......... .......... .......... .......... .......... 83% 7.45M 0s
[7.057s]  13050K .......... .......... .......... .......... .......... 83% 7.90M 0s
[7.063s]  13100K .......... .......... .......... .......... .......... 84% 7.92M 0s
[7.067s]  13150K .......... .......... .......... .......... .......... 84% 12.3M 0s
[7.076s]  13200K .......... .......... .......... .......... .......... 84% 5.49M 0s
[7.082s]  13250K .......... .......... .......... .......... .......... 85% 7.77M 0s
[7.087s]  13300K .......... .......... .......... .......... .......... 85% 9.51M 0s
[7.095s]  13350K .......... .......... .......... .......... .......... 85% 6.16M 0s
[7.101s]  13400K .......... .......... .......... .......... .......... 86% 8.11M 0s
[7.105s]  13450K .......... .......... .......... .......... .......... 86% 12.8M 0s
[7.114s]  13500K .......... .......... .......... .......... .......... 86% 4.99M 0s
[7.119s]  13550K .......... .......... .......... .......... .......... 87% 9.81M 0s
[7.126s]  13600K .......... .......... .......... .......... .......... 87% 8.72M 0s
[7.134s]  13650K .......... .......... .......... .......... .......... 87% 5.24M 0s
[7.141s]  13700K .......... .......... .......... .......... .......... 87% 7.96M 0s
[7.145s]  13750K .......... .......... .......... .......... .......... 88% 12.4M 0s
[7.149s]  13800K .......... .......... .......... .......... .......... 88% 10.1M 0s
[7.156s]  13850K .......... .......... .......... .......... .......... 88% 7.44M 0s
[7.163s]  13900K .......... .......... .......... .......... .......... 89% 6.81M 0s
[7.169s]  13950K .......... .......... .......... .......... .......... 89% 8.89M 0s
[7.176s]  14000K .......... .......... .......... .......... .......... 89% 7.57M 0s
[7.183s]  14050K .......... .......... .......... .......... .......... 90% 6.24M 0s
[7.187s]  14100K .......... .......... .......... .......... .......... 90% 12.4M 0s
[7.193s]  14150K .......... .......... .......... .......... .......... 90% 7.62M 0s
[7.199s]  14200K .......... .......... .......... .......... .......... 91% 8.09M 0s
[7.205s]  14250K .......... .......... .......... .......... .......... 91% 7.88M 0s
[7.211s]  14300K .......... .......... .......... .......... .......... 91% 8.23M 0s
[7.217s]  14350K .......... .......... .......... .......... .......... 92% 9.12M 0s
[7.226s]  14400K .......... .......... .......... .......... .......... 92% 5.15M 0s
[7.231s]  14450K .......... .......... .......... .......... .......... 92% 9.41M 0s
[7.239s]  14500K .......... .......... .......... .......... .......... 93% 6.72M 0s
[7.248s]  14550K .......... .......... .......... .......... .......... 93% 5.20M 0s
[7.250s]  14600K .......... .......... .......... .......... .......... 93% 22.3M 0s
[7.255s]  14650K .......... .......... .......... .......... .......... 94% 10.6M 0s
[7.261s]  14700K .......... .......... .......... .......... .......... 94% 7.28M 0s
[7.270s]  14750K .......... .......... .......... .......... .......... 94% 5.78M 0s
[7.275s]  14800K .......... .......... .......... .......... .......... 95% 9.78M 0s
[7.281s]  14850K .......... .......... .......... .......... .......... 95% 7.53M 0s
[7.289s]  14900K .......... .......... .......... .......... .......... 95% 6.52M 0s
[7.294s]  14950K .......... .......... .......... .......... .......... 95% 10.3M 0s
[7.300s]  15000K .......... .......... .......... .......... .......... 96% 7.36M 0s
[7.304s]  15050K .......... .......... .......... .......... .......... 96% 14.8M 0s
[7.311s]  15100K .......... .......... .......... .......... .......... 96% 6.36M 0s
[7.316s]  15150K .......... .......... .......... .......... .......... 97% 10.0M 0s
[7.322s]  15200K .......... .......... .......... .......... .......... 97% 8.50M 0s
[7.331s]  15250K .......... .......... .......... .......... .......... 97% 5.61M 0s
[7.336s]  15300K .......... .......... .......... .......... .......... 98% 9.72M 0s
[7.341s]  15350K .......... .......... .......... .......... .......... 98% 9.05M 0s
[7.347s]  15400K .......... .......... .......... .......... .......... 98% 8.49M 0s
[7.352s]  15450K .......... .......... .......... .......... .......... 99% 9.46M 0s
[7.357s]  15500K .......... .......... .......... .......... .......... 99% 8.78M 0s
[7.362s]  15550K .......... .......... .......... .......... .......... 99% 11.4M 0s
[7.365s]  15600K .......... .......... .....                           100% 6.68M=2.4s
[7.365s] 
[7.366s] 2023-01-24 09:12:21 (6.37 MB/s) - ‘/home/will/Crazyflie_WeBots_SLAM/build/multirobot_map_merge/2011-08-09-12-22-52.pgm’ saved [16000058/16000058]
[7.366s] 
[7.366s] Checking MD5 sum of /home/will/Crazyflie_WeBots_SLAM/build/multirobot_map_merge/2011-08-09-12-22-52.pgm
[7.386s] /home/will/Crazyflie_WeBots_SLAM/build/multirobot_map_merge/2011-08-09-12-22-52.pgm: OK
[7.389s] --2023-01-24 09:12:21--  https://raw.githubusercontent.com/hrnr/m-explore-extra/master/map_merge/gmapping_maps/2012-01-28-11-12-01.pgm
[7.390s] Resolving raw.githubusercontent.com (raw.githubusercontent.com)... 185.199.111.133, 185.199.110.133, 185.199.109.133, ...
[7.411s] Connecting to raw.githubusercontent.com (raw.githubusercontent.com)|185.199.111.133|:443... connected.
[8.147s] HTTP request sent, awaiting response... 200 OK
[8.147s] Length: 16000058 (15M) [text/plain]
[8.147s] Saving to: ‘/home/will/Crazyflie_WeBots_SLAM/build/multirobot_map_merge/2012-01-28-11-12-01.pgm’
[8.148s] 
[8.169s]      0K .......... .......... .......... .......... ..........  0% 2.17M 7s
[8.187s]     50K .......... .......... .......... .......... ..........  0% 2.81M 6s
[8.192s]    100K .......... .......... .......... .......... ..........  0% 8.64M 5s
[8.196s]    150K .......... .......... .......... .......... ..........  1% 14.4M 4s
[8.207s]    200K .......... .......... .......... .......... ..........  1% 4.40M 4s
[8.212s]    250K .......... .......... .......... .......... ..........  1% 9.46M 3s
[8.213s]    300K .......... .......... .......... .......... ..........  2% 31.9M 3s
[8.219s]    350K .......... .......... .......... .......... ..........  2% 13.0M 3s
[8.221s]    400K .......... .......... .......... .......... ..........  2% 11.7M 3s
[8.222s]    450K .......... .......... .......... .......... ..........  3% 49.3M 2s
[8.228s]    500K .......... .......... .......... .......... ..........  3% 8.54M 2s
[8.231s]    550K .......... .......... .......... .......... ..........  3% 17.4M 2s
[8.236s]    600K .......... .......... .......... .......... ..........  4% 9.03M 2s
[8.237s]    650K .......... .......... .......... .......... ..........  4% 68.0M 2s
[8.240s]    700K .......... .......... .......... .......... ..........  4% 14.6M 2s
[8.241s]    750K .......... .......... .......... .......... ..........  5% 38.8M 2s
[8.243s]    800K .......... .......... .......... .......... ..........  5% 41.3M 2s
[8.246s]    850K .......... .......... .......... .......... ..........  5% 14.1M 2s
[8.248s]    900K .......... .......... .......... .......... ..........  6% 36.6M 2s
[8.251s]    950K .......... .......... .......... .......... ..........  6% 14.8M 2s
[8.252s]   1000K .......... .......... .......... .......... ..........  6% 51.2M 1s
[8.253s]   1050K .......... .......... .......... .......... ..........  7% 33.7M 1s
[8.258s]   1100K .......... .......... .......... .......... ..........  7% 9.80M 1s
[8.259s]   1150K .......... .......... .......... .......... ..........  7% 64.2M 1s
[8.265s]   1200K .......... .......... .......... .......... ..........  7% 7.62M 1s
[8.267s]   1250K .......... .......... .......... .......... ..........  8% 84.0M 1s
[8.270s]   1300K .......... .......... .......... .......... ..........  8% 11.3M 1s
[8.272s]   1350K .......... .......... .......... .......... ..........  8% 37.6M 1s
[8.273s]   1400K .......... .......... .......... .......... ..........  9% 51.1M 1s
[8.274s]   1450K .......... .......... .......... .......... ..........  9% 27.3M 1s
[8.276s]   1500K .......... .......... .......... .......... ..........  9% 26.5M 1s
[8.277s]   1550K .......... .......... .......... .......... .......... 10% 87.1M 1s
[8.280s]   1600K .......... .......... .......... .......... .......... 10% 15.3M 1s
[8.281s]   1650K .......... .......... .......... .......... .......... 10% 36.7M 1s
[8.283s]   1700K .......... .......... .......... .......... .......... 11% 34.5M 1s
[8.285s]   1750K .......... .......... .......... .......... .......... 11% 21.5M 1s
[8.286s]   1800K .......... .......... .......... .......... .......... 11% 37.5M 1s
[8.287s]   1850K .......... .......... .......... .......... .......... 12% 49.0M 1s
[8.290s]   1900K .......... .......... .......... .......... .......... 12% 16.2M 1s
[8.292s]   1950K .......... .......... .......... .......... .......... 12% 34.2M 1s
[8.293s]   2000K .......... .......... .......... .......... .......... 13% 50.8M 1s
[8.301s]   2050K .......... .......... .......... .......... .......... 13% 10.0M 1s
[8.302s]   2100K .......... .......... .......... .......... .......... 13% 12.0M 1s
[8.303s]   2150K .......... .......... .......... .......... .......... 14% 32.7M 1s
[8.305s]   2200K .......... .......... .......... .......... .......... 14% 25.5M 1s
[8.307s]   2250K .......... .......... .......... .......... .......... 14% 31.4M 1s
[8.307s]   2300K .......... .......... .......... .......... .......... 15% 81.7M 1s
[8.310s]   2350K .......... .......... .......... .......... .......... 15% 20.5M 1s
[8.311s]   2400K .......... .......... .......... .......... .......... 15% 32.4M 1s
[8.313s]   2450K .......... .......... .......... .......... .......... 15% 20.8M 1s
[8.314s]   2500K .......... .......... .......... .......... .......... 16% 45.0M 1s
[8.316s]   2550K .......... .......... .......... .......... .......... 16% 43.9M 1s
[8.317s]   2600K .......... .......... .......... .......... .......... 16% 37.2M 1s
[8.321s]   2650K .......... .......... .......... .......... .......... 17% 11.5M 1s
[8.323s]   2700K .......... .......... .......... .......... .......... 17% 26.2M 1s
[8.324s]   2750K .......... .......... .......... .......... .......... 17% 44.5M 1s
[8.326s]   2800K .......... .......... .......... .......... .......... 18% 23.9M 1s
[8.329s]   2850K .......... .......... .......... .......... .......... 18% 21.4M 1s
[8.332s]   2900K .......... .......... .......... .......... .......... 18% 14.3M 1s
[8.332s]   2950K .......... .......... .......... .......... .......... 19% 81.0M 1s
[8.336s]   3000K .......... .......... .......... .......... .......... 19% 15.5M 1s
[8.336s]   3050K .......... .......... .......... .......... .......... 19% 52.1M 1s
[8.340s]   3100K .......... .......... .......... .......... .......... 20% 14.9M 1s
[8.342s]   3150K .......... .......... .......... .......... .......... 20% 25.8M 1s
[8.343s]   3200K .......... .......... .......... .......... .......... 20% 42.7M 1s
[8.345s]   3250K .......... .......... .......... .......... .......... 21% 27.6M 1s
[8.347s]   3300K .......... .......... .......... .......... .......... 21% 21.5M 1s
[8.348s]   3350K .......... .......... .......... .......... .......... 21% 44.7M 1s
[8.350s]   3400K .......... .......... .......... .......... .......... 22% 21.6M 1s
[8.353s]   3450K .......... .......... .......... .......... .......... 22% 16.4M 1s
[8.355s]   3500K .......... .......... .......... .......... .......... 22% 20.8M 1s
[8.358s]   3550K .......... .......... .......... .......... .......... 23% 20.9M 1s
[8.359s]   3600K .......... .......... .......... .......... .......... 23% 56.6M 1s
[8.362s]   3650K .......... .......... .......... .......... .......... 23% 17.7M 1s
[8.365s]   3700K .......... .......... .......... .......... .......... 23% 13.8M 1s
[8.366s]   3750K .......... .......... .......... .......... .......... 24% 47.2M 1s
[8.368s]   3800K .......... .......... .......... .......... .......... 24% 25.7M 1s
[8.370s]   3850K .......... .......... .......... .......... .......... 24% 27.7M 1s
[8.371s]   3900K .......... .......... .......... .......... .......... 25% 37.5M 1s
[8.372s]   3950K .......... .......... .......... .......... .......... 25% 31.9M 1s
[8.374s]   4000K .......... .......... .......... .......... .......... 25% 25.5M 1s
[8.376s]   4050K .......... .......... .......... .......... .......... 26% 51.5M 1s
[8.377s]   4100K .......... .......... .......... .......... .......... 26% 25.6M 1s
[8.379s]   4150K .......... .......... .......... .......... .......... 26% 27.4M 1s
[8.381s]   4200K .......... .......... .......... .......... .......... 27% 31.2M 1s
[8.382s]   4250K .......... .......... .......... .......... .......... 27% 29.7M 1s
[8.385s]   4300K .......... .......... .......... .......... .......... 27% 15.8M 1s
[8.386s]   4350K .......... .......... .......... .......... .......... 28% 66.8M 1s
[8.388s]   4400K .......... .......... .......... .......... .......... 28% 32.1M 1s
[8.390s]   4450K .......... .......... .......... .......... .......... 28% 22.8M 1s
[8.395s]   4500K .......... .......... .......... .......... .......... 29% 10.0M 1s
[8.396s]   4550K .......... .......... .......... .......... .......... 29% 52.0M 1s
[8.397s]   4600K .......... .......... .......... .......... .......... 29% 31.2M 1s
[8.400s]   4650K .......... .......... .......... .......... .......... 30% 16.9M 1s
[8.401s]   4700K .......... .......... .......... .......... .......... 30% 65.5M 1s
[8.402s]   4750K .......... .......... .......... .......... .......... 30% 63.7M 1s
[8.403s]   4800K .......... .......... .......... .......... .......... 31% 29.8M 1s
[8.407s]   4850K .......... .......... .......... .......... .......... 31% 14.5M 1s
[8.409s]   4900K .......... .......... .......... .......... .......... 31% 24.8M 1s
[8.409s]   4950K .......... .......... .......... .......... .......... 31% 64.4M 1s
[8.411s]   5000K .......... .......... .......... .......... .......... 32% 34.7M 1s
[8.412s]   5050K .......... .......... .......... .......... .......... 32% 51.0M 1s
[8.414s]   5100K .......... .......... .......... .......... .......... 32% 17.1M 1s
[8.419s]   5150K .......... .......... .......... .......... .......... 33% 11.0M 1s
[8.420s]   5200K .......... .......... .......... .......... .......... 33% 50.3M 1s
[8.421s]   5250K .......... .......... .......... .......... .......... 33% 35.8M 1s
[8.423s]   5300K .......... .......... .......... .......... .......... 34% 31.2M 1s
[8.427s]   5350K .......... .......... .......... .......... .......... 34% 11.7M 1s
[8.428s]   5400K .......... .......... .......... .......... .......... 34% 64.0M 1s
[8.429s]   5450K .......... .......... .......... .......... .......... 35% 33.8M 1s
[8.433s]   5500K .......... .......... .......... .......... .......... 35% 14.5M 1s
[8.434s]   5550K .......... .......... .......... .......... .......... 35% 29.8M 1s
[8.435s]   5600K .......... .......... .......... .......... .......... 36% 63.9M 1s
[8.437s]   5650K .......... .......... .......... .......... .......... 36% 26.2M 1s
[8.439s]   5700K .......... .......... .......... .......... .......... 36% 26.6M 1s
[8.442s]   5750K .......... .......... .......... .......... .......... 37% 15.8M 1s
[8.444s]   5800K .......... .......... .......... .......... .......... 37% 25.5M 0s
[8.445s]   5850K .......... .......... .......... .......... .......... 37% 36.3M 0s
[8.447s]   5900K .......... .......... .......... .......... .......... 38% 21.0M 0s
[8.451s]   5950K .......... .......... .......... .......... .......... 38% 15.5M 0s
[8.451s]   6000K .......... .......... .......... .......... .......... 38% 63.9M 0s
[8.454s]   6050K .......... .......... .......... .......... .......... 39% 17.3M 0s
[8.456s]   6100K .......... .......... .......... .......... .......... 39% 22.4M 0s
[8.457s]   6150K .......... .......... .......... .......... .......... 39% 49.4M 0s
[8.460s]   6200K .......... .......... .......... .......... .......... 39% 19.4M 0s
[8.462s]   6250K .......... .......... .......... .......... .......... 40% 25.6M 0s
[8.463s]   6300K .......... .......... .......... .......... .......... 40% 43.4M 0s
[8.465s]   6350K .......... .......... .......... .......... .......... 40% 19.8M 0s
[8.468s]   6400K .......... .......... .......... .......... .......... 41% 21.9M 0s
[8.469s]   6450K .......... .......... .......... .......... .......... 41% 61.1M 0s
[8.471s]   6500K .......... .......... .......... .......... .......... 41% 15.3M 0s
[8.475s]   6550K .......... .......... .......... .......... .......... 42% 14.6M 0s
[8.476s]   6600K .......... .......... .......... .......... .......... 42% 64.5M 0s
[8.478s]   6650K .......... .......... .......... .......... .......... 42% 20.7M 0s
[8.480s]   6700K .......... .......... .......... .......... .......... 43% 23.8M 0s
[8.481s]   6750K .......... .......... .......... .......... .......... 43% 84.8M 0s
[8.483s]   6800K .......... .......... .......... .......... .......... 43% 18.9M 0s
[8.486s]   6850K .......... .......... .......... .......... .......... 44% 36.4M 0s
[8.487s]   6900K .......... .......... .......... .......... .......... 44% 23.8M 0s
[8.489s]   6950K .......... .......... .......... .......... .......... 44% 22.6M 0s
[8.492s]   7000K .......... .......... .......... .......... .......... 45% 16.5M 0s
[8.492s]   7050K .......... .......... .......... .......... .......... 45% 64.1M 0s
[8.495s]   7100K .......... .......... .......... .......... .......... 45% 22.8M 0s
[8.495s]   7150K .......... .......... .......... .......... .......... 46% 64.0M 0s
[8.499s]   7200K .......... .......... .......... .......... .......... 46% 13.0M 0s
[8.502s]   7250K .......... .......... .......... .......... .......... 46% 22.4M 0s
[8.504s]   7300K .......... .......... .......... .......... .......... 47% 20.3M 0s
[8.505s]   7350K .......... .......... .......... .......... .......... 47% 50.8M 0s
[8.507s]   7400K .......... .......... .......... .......... .......... 47% 25.5M 0s
[8.507s]   7450K .......... .......... .......... .......... .......... 47% 62.0M 0s
[8.510s]   7500K .......... .......... .......... .......... .......... 48% 18.2M 0s
[8.512s]   7550K .......... .......... .......... .......... .......... 48% 23.8M 0s
[8.513s]   7600K .......... .......... .......... .......... .......... 48% 51.5M 0s
[8.515s]   7650K .......... .......... .......... .......... .......... 49% 23.8M 0s
[8.518s]   7700K .......... .......... .......... .......... .......... 49% 18.7M 0s
[8.518s]   7750K .......... .......... .......... .......... .......... 49% 63.9M 0s
[8.521s]   7800K .......... .......... .......... .......... .......... 50% 22.0M 0s
[8.524s]   7850K .......... .......... .......... .......... .......... 50% 17.0M 0s
[8.525s]   7900K .......... .......... .......... .......... .......... 50% 38.4M 0s
[8.527s]   7950K .......... .......... .......... .......... .......... 51% 24.4M 0s
[8.530s]   8000K .......... .......... .......... .......... .......... 51% 15.7M 0s
[8.532s]   8050K .......... .......... .......... .......... .......... 51% 33.2M 0s
[8.534s]   8100K .......... .......... .......... .......... .......... 52% 21.0M 0s
[8.535s]   8150K .......... .......... .......... .......... .......... 52% 28.1M 0s
[8.536s]   8200K .......... .......... .......... .......... .......... 52% 51.0M 0s
[8.538s]   8250K .......... .......... .......... .......... .......... 53% 24.4M 0s
[8.541s]   8300K .......... .......... .......... .......... .......... 53% 17.3M 0s
[8.544s]   8350K .......... .......... .......... .......... .......... 53% 17.4M 0s
[8.545s]   8400K .......... .......... .......... .......... .......... 54% 43.9M 0s
[8.548s]   8450K .......... .......... .......... .......... .......... 54% 20.1M 0s
[8.550s]   8500K .......... .......... .......... .......... .......... 54% 17.8M 0s
[8.552s]   8550K .......... .......... .......... .......... .......... 55% 26.1M 0s
[8.553s]   8600K .......... .......... .......... .......... .......... 55% 50.8M 0s
[8.556s]   8650K .......... .......... .......... .......... .......... 55% 19.3M 0s
[8.557s]   8700K .......... .......... .......... .......... .......... 55% 43.2M 0s
[8.559s]   8750K .......... .......... .......... .......... .......... 56% 21.4M 0s
[8.561s]   8800K .......... .......... .......... .......... .......... 56% 27.7M 0s
[8.564s]   8850K .......... .......... .......... .......... .......... 56% 44.2M 0s
[8.564s]   8900K .......... .......... .......... .......... .......... 57% 20.1M 0s
[8.568s]   8950K .......... .......... .......... .......... .......... 57% 15.6M 0s
[8.569s]   9000K .......... .......... .......... .......... .......... 57% 44.3M 0s
[8.572s]   9050K .......... .......... .......... .......... .......... 58% 13.9M 0s
[8.575s]   9100K .......... .......... .......... .......... .......... 58% 19.9M 0s
[8.576s]   9150K .......... .......... .......... .......... .......... 58% 42.7M 0s
[8.578s]   9200K .......... .......... .......... .......... .......... 59% 21.9M 0s
[8.580s]   9250K .......... .......... .......... .......... .......... 59% 25.9M 0s
[8.581s]   9300K .......... .......... .......... .......... .......... 59% 41.5M 0s
[8.583s]   9350K .......... .......... .......... .......... .......... 60% 26.4M 0s
[8.585s]   9400K .......... .......... .......... .......... .......... 60% 23.6M 0s
[8.586s]   9450K .......... .......... .......... .......... .......... 60% 47.6M 0s
[8.588s]   9500K .......... .......... .......... .......... .......... 61% 23.5M 0s
[8.591s]   9550K .......... .......... .......... .......... .......... 61% 19.7M 0s
[8.591s]   9600K .......... .......... .......... .......... .......... 61%  127M 0s
[8.597s]   9650K .......... .......... .......... .......... .......... 62% 9.72M 0s
[8.601s]   9700K .......... .......... .......... .......... .......... 62% 10.3M 0s
[8.602s]   9750K .......... .......... .......... .......... .......... 62% 42.8M 0s
[8.604s]   9800K .......... .......... .......... .......... .......... 63% 23.6M 0s
[8.607s]   9850K .......... .......... .......... .......... .......... 63% 16.6M 0s
[8.607s]   9900K .......... .......... .......... .......... .......... 63% 84.9M 0s
[8.610s]   9950K .......... .......... .......... .......... .......... 63% 19.4M 0s
[8.611s]  10000K .......... .......... .......... .......... .......... 64% 40.1M 0s
[8.613s]  10050K .......... .......... .......... .......... .......... 64% 30.6M 0s
[8.615s]  10100K .......... .......... .......... .......... .......... 64% 19.4M 0s
[8.618s]  10150K .......... .......... .......... .......... .......... 65% 21.9M 0s
[8.618s]  10200K .......... .......... .......... .......... .......... 65% 84.9M 0s
[8.621s]  10250K .......... .......... .......... .......... .......... 65% 17.5M 0s
[8.623s]  10300K .......... .......... .......... .......... .......... 66% 25.4M 0s
[8.623s]  10350K .......... .......... .......... .......... .......... 66% 86.0M 0s
[8.627s]  10400K .......... .......... .......... .......... .......... 66% 12.5M 0s
[8.630s]  10450K .......... .......... .......... .......... .......... 67% 52.3M 0s
[8.631s]  10500K .......... .......... .......... .......... .......... 67% 17.5M 0s
[8.633s]  10550K .......... .......... .......... .......... .......... 67% 27.1M 0s
[8.636s]  10600K .......... .......... .......... .......... .......... 68% 17.5M 0s
[8.636s]  10650K .......... .......... .......... .......... .......... 68% 85.3M 0s
[8.638s]  10700K .......... .......... .......... .......... .......... 68% 24.7M 0s
[8.639s]  10750K .......... .......... .......... .......... .......... 69% 52.9M 0s
[8.641s]  10800K .......... .......... .......... .......... .......... 69% 20.7M 0s
[8.646s]  10850K .......... .......... .......... .......... .......... 69% 20.8M 0s
[8.647s]  10900K .......... .......... .......... .......... .......... 70% 15.2M 0s
[8.649s]  10950K .......... .......... .......... .......... .......... 70% 28.6M 0s
[8.650s]  11000K .......... .......... .......... .......... .......... 70% 52.8M 0s
[8.652s]  11050K .......... .......... .......... .......... .......... 71% 24.0M 0s
[8.654s]  11100K .......... .......... .......... .......... .......... 71% 23.2M 0s
[8.655s]  11150K .......... .......... .......... .......... .......... 71% 43.2M 0s
[8.657s]  11200K .......... .......... .......... .......... .......... 71% 22.1M 0s
[8.659s]  11250K .......... .......... .......... .......... .......... 72% 24.4M 0s
[8.660s]  11300K .......... .......... .......... .......... .......... 72% 50.5M 0s
[8.662s]  11350K .......... .......... .......... .......... .......... 72% 22.4M 0s
[8.665s]  11400K .......... .......... .......... .......... .......... 73% 21.0M 0s
[8.666s]  11450K .......... .......... .......... .......... .......... 73% 52.0M 0s
[8.668s]  11500K .......... .......... .......... .......... .......... 73% 19.9M 0s
[8.670s]  11550K .......... .......... .......... .......... .......... 74% 22.4M 0s
[8.671s]  11600K .......... .......... .......... .......... .......... 74% 51.5M 0s
[8.675s]  11650K .......... .......... .......... .......... .......... 74% 18.2M 0s
[8.676s]  11700K .......... .......... .......... .......... .......... 75% 18.5M 0s
[8.678s]  11750K .......... .......... .......... .......... .......... 75% 42.5M 0s
[8.679s]  11800K .......... .......... .......... .......... .......... 75% 26.8M 0s
[8.682s]  11850K .......... .......... .......... .......... .......... 76% 20.5M 0s
[8.682s]  11900K .......... .......... .......... .......... .......... 76% 83.2M 0s
[8.685s]  11950K .......... .......... .......... .......... .......... 76% 20.8M 0s
[8.685s]  12000K .......... .......... .......... .......... .......... 77% 64.7M 0s
[8.688s]  12050K .......... .......... .......... .......... .......... 77% 20.3M 0s
[8.690s]  12100K .......... .......... .......... .......... .......... 77% 19.5M 0s
[8.693s]  12150K .......... .......... .......... .......... .......... 78% 17.9M 0s
[8.694s]  12200K .......... .......... .......... .......... .......... 78% 63.5M 0s
[8.696s]  12250K .......... .......... .......... .......... .......... 78% 18.9M 0s
[8.697s]  12300K .......... .......... .......... .......... .......... 79% 50.5M 0s
[8.701s]  12350K .......... .......... .......... .......... .......... 79% 14.5M 0s
[8.702s]  12400K .......... .......... .......... .......... .......... 79% 29.9M 0s
[8.706s]  12450K .......... .......... .......... .......... .......... 79% 51.3M 0s
[8.707s]  12500K .......... .......... .......... .......... .......... 80% 15.0M 0s
[8.710s]  12550K .......... .......... .......... .......... .......... 80% 14.7M 0s
[8.711s]  12600K .......... .......... .......... .......... .......... 80% 51.1M 0s
[8.713s]  12650K .......... .......... .......... .......... .......... 81% 23.6M 0s
[8.715s]  12700K .......... .......... .......... .......... .......... 81% 24.5M 0s
[8.716s]  12750K .......... .......... .......... .......... .......... 81% 52.7M 0s
[8.718s]  12800K .......... .......... .......... .......... .......... 82% 21.5M 0s
[8.720s]  12850K .......... .......... .......... .......... .......... 82% 26.8M 0s
[8.721s]  12900K .......... .......... .......... .......... .......... 82% 37.2M 0s
[8.723s]  12950K .......... .......... .......... .......... .......... 83% 22.1M 0s
[8.726s]  13000K .......... .......... .......... .......... .......... 83% 21.3M 0s
[8.727s]  13050K .......... .......... .......... .......... .......... 83% 46.1M 0s
[8.730s]  13100K .......... .......... .......... .......... .......... 84% 15.8M 0s
[8.732s]  13150K .......... .......... .......... .......... .......... 84% 23.3M 0s
[8.733s]  13200K .......... .......... .......... .......... .......... 84% 51.3M 0s
[8.735s]  13250K .......... .......... .......... .......... .......... 85% 24.5M 0s
[8.737s]  13300K .......... .......... .......... .......... .......... 85% 20.9M 0s
[8.738s]  13350K .......... .......... .......... .......... .......... 85% 51.3M 0s
[8.741s]  13400K .......... .......... .......... .......... .......... 86% 18.7M 0s
[8.743s]  13450K .......... .......... .......... .......... .......... 86% 25.3M 0s
[8.744s]  13500K .......... .......... .......... .......... .......... 86% 50.0M 0s
[8.746s]  13550K .......... .......... .......... .......... .......... 87% 24.8M 0s
[8.749s]  13600K .......... .......... .......... .......... .......... 87% 15.2M 0s
[8.752s]  13650K .......... .......... .......... .......... .......... 87% 43.5M 0s
[8.752s]  13700K .......... .......... .......... .......... .......... 87% 20.6M 0s
[8.754s]  13750K .......... .......... .......... .......... .......... 88% 24.2M 0s
[8.758s]  13800K .......... .......... .......... .......... .......... 88% 14.3M 0s
[8.759s]  13850K .......... .......... .......... .......... .......... 88% 58.7M 0s
[8.761s]  13900K .......... .......... .......... .......... .......... 89% 26.6M 0s
[8.762s]  13950K .......... .......... .......... .......... .......... 89% 43.7M 0s
[8.764s]  14000K .......... .......... .......... .......... .......... 89% 20.7M 0s
[8.766s]  14050K .......... .......... .......... .......... .......... 90% 21.5M 0s
[8.769s]  14100K .......... .......... .......... .......... .......... 90% 21.6M 0s
[8.770s]  14150K .......... .......... .......... .......... .......... 90% 50.7M 0s
[8.772s]  14200K .......... .......... .......... .......... .......... 91% 22.4M 0s
[8.773s]  14250K .......... .......... .......... .......... .......... 91% 52.7M 0s
[8.775s]  14300K .......... .......... .......... .......... .......... 91% 25.5M 0s
[8.777s]  14350K .......... .......... .......... .......... .......... 92% 20.0M 0s
[8.778s]  14400K .......... .......... .......... .......... .......... 92% 63.7M 0s
[8.780s]  14450K .......... .......... .......... .......... .......... 92% 22.9M 0s
[8.782s]  14500K .......... .......... .......... .......... .......... 93% 20.3M 0s
[8.783s]  14550K .......... .......... .......... .......... .......... 93% 43.8M 0s
[8.786s]  14600K .......... .......... .......... .......... .......... 93% 22.4M 0s
[8.788s]  14650K .......... .......... .......... .......... .......... 94% 23.3M 0s
[8.788s]  14700K .......... .......... .......... .......... .......... 94% 60.7M 0s
[8.791s]  14750K .......... .......... .......... .......... .......... 94% 23.4M 0s
[8.793s]  14800K .......... .......... .......... .......... .......... 95% 20.4M 0s
[8.794s]  14850K .......... .......... .......... .......... .......... 95% 63.4M 0s
[8.796s]  14900K .......... .......... .......... .......... .......... 95% 19.9M 0s
[8.799s]  14950K .......... .......... .......... .......... .......... 95% 19.9M 0s
[8.799s]  15000K .......... .......... .......... .......... .......... 96% 63.6M 0s
[8.802s]  15050K .......... .......... .......... .......... .......... 96% 21.8M 0s
[8.804s]  15100K .......... .......... .......... .......... .......... 96% 20.8M 0s
[8.805s]  15150K .......... .......... .......... .......... .......... 97% 85.1M 0s
[8.807s]  15200K .......... .......... .......... .......... .......... 97% 22.3M 0s
[8.809s]  15250K .......... .......... .......... .......... .......... 97% 61.8M 0s
[8.810s]  15300K .......... .......... .......... .......... .......... 98% 18.2M 0s
[8.812s]  15350K .......... .......... .......... .......... .......... 98% 22.6M 0s
[8.815s]  15400K .......... .......... .......... .......... .......... 98% 22.0M 0s
[8.815s]  15450K .......... .......... .......... .......... .......... 99% 64.1M 0s
[8.817s]  15500K .......... .......... .......... .......... .......... 99% 24.3M 0s
[8.818s]  15550K .......... .......... .......... .......... .......... 99% 61.4M 0s
[8.820s]  15600K .......... .......... .....                           100% 11.9M=0.7s
[8.820s] 
[8.820s] 2023-01-24 09:12:22 (22.6 MB/s) - ‘/home/will/Crazyflie_WeBots_SLAM/build/multirobot_map_merge/2012-01-28-11-12-01.pgm’ saved [16000058/16000058]
[8.820s] 
[8.821s] Checking MD5 sum of /home/will/Crazyflie_WeBots_SLAM/build/multirobot_map_merge/2012-01-28-11-12-01.pgm
[8.841s] /home/will/Crazyflie_WeBots_SLAM/build/multirobot_map_merge/2012-01-28-11-12-01.pgm: OK
[8.842s] -- Found gtest sources under '/opt/ros/galactic/src/gtest_vendor': C++ tests using 'Google Test' will be built
[8.845s] -- Check if compiler accepts -pthread
[8.892s] -- Check if compiler accepts -pthread - yes
[8.899s] -- Added test 'cppcheck' to perform static code analysis on C / C++ code
[8.899s] -- Configured cppcheck include dirs: /home/will/Crazyflie_WeBots_SLAM/src/m-explore-ros2/map_merge/include;$<BUILD_INTERFACE:/home/will/Crazyflie_WeBots_SLAM/src/m-explore-ros2/map_merge/include>
[8.899s] -- Configured cppcheck exclude dirs and/or files: 
[8.900s] -- Added test 'flake8' to check Python code syntax and style conventions
[8.900s] -- Added test 'lint_cmake' to check CMake code style
[8.901s] -- Added test 'pep257' to check Python code against some of the style conventions in PEP 257
[8.902s] -- Added test 'uncrustify' to check C / C++ code style
[8.902s] -- Configured uncrustify additional arguments: 
[8.902s] -- Added test 'xmllint' to check XML markup files
[8.906s] -- Configuring done
[8.951s] -- Generating done
[8.953s] -- Build files have been written to: /home/will/Crazyflie_WeBots_SLAM/build/multirobot_map_merge
[8.961s] Invoked command in '/home/will/Crazyflie_WeBots_SLAM/build/multirobot_map_merge' returned '0': CMAKE_PREFIX_PATH=/opt/ros/galactic /usr/bin/cmake /home/will/Crazyflie_WeBots_SLAM/src/m-explore-ros2/map_merge -DAMENT_CMAKE_SYMLINK_INSTALL=1 -DCMAKE_INSTALL_PREFIX=/home/will/Crazyflie_WeBots_SLAM/install/multirobot_map_merge
[8.962s] Invoking command in '/home/will/Crazyflie_WeBots_SLAM/build/multirobot_map_merge': CMAKE_PREFIX_PATH=/opt/ros/galactic /usr/bin/cmake --build /home/will/Crazyflie_WeBots_SLAM/build/multirobot_map_merge -- -j16 -l16
[8.989s] [35m[1mScanning dependencies of target gtest[0m
[8.989s] [35m[1mScanning dependencies of target gtest_main[0m
[8.989s] [35m[1mScanning dependencies of target combine_grids[0m
[8.998s] [  8%] [32mBuilding CXX object gtest/CMakeFiles/gtest_main.dir/src/gtest_main.cc.o[0m
[8.999s] [ 16%] [32mBuilding CXX object gtest/CMakeFiles/gtest.dir/src/gtest-all.cc.o[0m
[9.069s] [ 33%] [32mBuilding CXX object CMakeFiles/combine_grids.dir/src/combine_grids/grid_warper.cpp.o[0m
[9.069s] [ 33%] [32mBuilding CXX object CMakeFiles/combine_grids.dir/src/combine_grids/grid_compositor.cpp.o[0m
[9.071s] [ 41%] [32mBuilding CXX object CMakeFiles/combine_grids.dir/src/combine_grids/merging_pipeline.cpp.o[0m
[9.729s] [ 50%] [32m[1mLinking CXX static library libgtest_main.a[0m
[9.750s] [ 50%] Built target gtest_main
[11.408s] [ 58%] [32m[1mLinking CXX static library libcombine_grids.a[0m
[11.425s] [ 66%] [32m[1mLinking CXX static library libgtest.a[0m
[11.435s] [ 66%] Built target combine_grids
[11.442s] [35m[1mScanning dependencies of target map_merge[0m
[11.458s] [ 66%] Built target gtest
[11.465s] [35m[1mScanning dependencies of target test_merging_pipeline[0m
[11.482s] [ 75%] [32mBuilding CXX object CMakeFiles/map_merge.dir/src/map_merge.cpp.o[0m
[11.508s] [ 83%] [32mBuilding CXX object CMakeFiles/test_merging_pipeline.dir/test/test_merging_pipeline.cpp.o[0m
[14.378s] [ 91%] [32m[1mLinking CXX executable test_merging_pipeline[0m
[14.849s] [ 91%] Built target test_merging_pipeline
[19.874s] [100%] [32m[1mLinking CXX executable map_merge[0m
[20.450s] [100%] Built target map_merge
[20.456s] Invoked command in '/home/will/Crazyflie_WeBots_SLAM/build/multirobot_map_merge' returned '0': CMAKE_PREFIX_PATH=/opt/ros/galactic /usr/bin/cmake --build /home/will/Crazyflie_WeBots_SLAM/build/multirobot_map_merge -- -j16 -l16
[20.475s] Invoking command in '/home/will/Crazyflie_WeBots_SLAM/build/multirobot_map_merge': CMAKE_PREFIX_PATH=/opt/ros/galactic /usr/bin/cmake --install /home/will/Crazyflie_WeBots_SLAM/build/multirobot_map_merge
[20.480s] -- Install configuration: ""
[20.480s] -- Execute custom install script
[20.481s] -- Symlinking: /home/will/Crazyflie_WeBots_SLAM/install/multirobot_map_merge/include/map_merge//map_merge.h
[20.486s] -- Symlinking: /home/will/Crazyflie_WeBots_SLAM/install/multirobot_map_merge/include/map_merge//ros1_names.hpp
[20.491s] -- Symlinking: /home/will/Crazyflie_WeBots_SLAM/install/multirobot_map_merge/share/multirobot_map_merge/launch/from_map_server.launch.py
[20.497s] -- Symlinking: /home/will/Crazyflie_WeBots_SLAM/install/multirobot_map_merge/share/multirobot_map_merge/launch/map_merge.launch.py
[20.502s] -- Symlinking: /home/will/Crazyflie_WeBots_SLAM/install/multirobot_map_merge/share/multirobot_map_merge/launch/map_merge.rviz
[20.508s] -- Symlinking: /home/will/Crazyflie_WeBots_SLAM/install/multirobot_map_merge/share/multirobot_map_merge/launch/tb3_simulation/bringup_launch.py
[20.513s] -- Symlinking: /home/will/Crazyflie_WeBots_SLAM/install/multirobot_map_merge/share/multirobot_map_merge/launch/tb3_simulation/config/nav2_multirobot_params_1.yaml
[20.519s] -- Symlinking: /home/will/Crazyflie_WeBots_SLAM/install/multirobot_map_merge/share/multirobot_map_merge/launch/tb3_simulation/config/nav2_multirobot_params_2.yaml
[20.524s] -- Symlinking: /home/will/Crazyflie_WeBots_SLAM/install/multirobot_map_merge/share/multirobot_map_merge/launch/tb3_simulation/multi_tb3_simulation_launch.py
[20.529s] -- Symlinking: /home/will/Crazyflie_WeBots_SLAM/install/multirobot_map_merge/share/multirobot_map_merge/launch/tb3_simulation/slam_toolbox.py
[20.534s] -- Symlinking: /home/will/Crazyflie_WeBots_SLAM/install/multirobot_map_merge/share/multirobot_map_merge/launch/tb3_simulation/tb3_simulation_launch.py
[20.539s] -- Symlinking: /home/will/Crazyflie_WeBots_SLAM/install/multirobot_map_merge/share/multirobot_map_merge/launch/tb3_simulation/worlds/world_only.model
[20.544s] -- Symlinking: /home/will/Crazyflie_WeBots_SLAM/install/multirobot_map_merge/share/multirobot_map_merge/config/params.yaml
[20.549s] -- Symlinking: /home/will/Crazyflie_WeBots_SLAM/install/multirobot_map_merge/lib/multirobot_map_merge/map_merge
[20.554s] -- Symlinking: /home/will/Crazyflie_WeBots_SLAM/install/multirobot_map_merge/share/multirobot_map_merge/environment/library_path.sh
[20.559s] -- Symlinking: /home/will/Crazyflie_WeBots_SLAM/install/multirobot_map_merge/share/multirobot_map_merge/environment/library_path.dsv
[20.564s] -- Symlinking: /home/will/Crazyflie_WeBots_SLAM/install/multirobot_map_merge/share/ament_index/resource_index/package_run_dependencies/multirobot_map_merge
[20.568s] -- Symlinking: /home/will/Crazyflie_WeBots_SLAM/install/multirobot_map_merge/share/ament_index/resource_index/parent_prefix_path/multirobot_map_merge
[20.573s] -- Symlinking: /home/will/Crazyflie_WeBots_SLAM/install/multirobot_map_merge/share/multirobot_map_merge/environment/ament_prefix_path.sh
[20.578s] -- Symlinking: /home/will/Crazyflie_WeBots_SLAM/install/multirobot_map_merge/share/multirobot_map_merge/environment/ament_prefix_path.dsv
[20.583s] -- Symlinking: /home/will/Crazyflie_WeBots_SLAM/install/multirobot_map_merge/share/multirobot_map_merge/environment/path.sh
[20.588s] -- Symlinking: /home/will/Crazyflie_WeBots_SLAM/install/multirobot_map_merge/share/multirobot_map_merge/environment/path.dsv
[20.593s] -- Symlinking: /home/will/Crazyflie_WeBots_SLAM/install/multirobot_map_merge/share/multirobot_map_merge/local_setup.bash
[20.597s] -- Symlinking: /home/will/Crazyflie_WeBots_SLAM/install/multirobot_map_merge/share/multirobot_map_merge/local_setup.sh
[20.602s] -- Symlinking: /home/will/Crazyflie_WeBots_SLAM/install/multirobot_map_merge/share/multirobot_map_merge/local_setup.zsh
[20.607s] -- Symlinking: /home/will/Crazyflie_WeBots_SLAM/install/multirobot_map_merge/share/multirobot_map_merge/local_setup.dsv
[20.612s] -- Symlinking: /home/will/Crazyflie_WeBots_SLAM/install/multirobot_map_merge/share/multirobot_map_merge/package.dsv
[20.617s] -- Symlinking: /home/will/Crazyflie_WeBots_SLAM/install/multirobot_map_merge/share/ament_index/resource_index/packages/multirobot_map_merge
[20.623s] -- Symlinking: /home/will/Crazyflie_WeBots_SLAM/install/multirobot_map_merge/share/multirobot_map_merge/cmake/ament_cmake_export_include_directories-extras.cmake
[20.628s] -- Symlinking: /home/will/Crazyflie_WeBots_SLAM/install/multirobot_map_merge/share/multirobot_map_merge/cmake/ament_cmake_export_libraries-extras.cmake
[20.633s] -- Symlinking: /home/will/Crazyflie_WeBots_SLAM/install/multirobot_map_merge/share/multirobot_map_merge/cmake/multirobot_map_mergeConfig.cmake
[20.637s] -- Symlinking: /home/will/Crazyflie_WeBots_SLAM/install/multirobot_map_merge/share/multirobot_map_merge/cmake/multirobot_map_mergeConfig-version.cmake
[20.642s] -- Symlinking: /home/will/Crazyflie_WeBots_SLAM/install/multirobot_map_merge/share/multirobot_map_merge/package.xml
[20.647s] -- Installing: /home/will/Crazyflie_WeBots_SLAM/install/multirobot_map_merge/lib/libcombine_grids.a
[20.651s] Invoked command in '/home/will/Crazyflie_WeBots_SLAM/build/multirobot_map_merge' returned '0': CMAKE_PREFIX_PATH=/opt/ros/galactic /usr/bin/cmake --install /home/will/Crazyflie_WeBots_SLAM/build/multirobot_map_merge
