running develop
running egg_info
creating crazyflie_ros2_scan.egg-info
writing crazyflie_ros2_scan.egg-info/PKG-INFO
writing dependency_links to crazyflie_ros2_scan.egg-info/dependency_links.txt
writing entry points to crazyflie_ros2_scan.egg-info/entry_points.txt
writing requirements to crazyflie_ros2_scan.egg-info/requires.txt
writing top-level names to crazyflie_ros2_scan.egg-info/top_level.txt
writing manifest file 'crazyflie_ros2_scan.egg-info/SOURCES.txt'
reading manifest file 'crazyflie_ros2_scan.egg-info/SOURCES.txt'
writing manifest file 'crazyflie_ros2_scan.egg-info/SOURCES.txt'
running build_ext
Creating /home/will/Crazyflie_WeBots_SLAM/install/crazyflie_ros2_scan/lib/python3.8/site-packages/site.py
Creating /home/will/Crazyflie_WeBots_SLAM/install/crazyflie_ros2_scan/lib/python3.8/site-packages/crazyflie-ros2-scan.egg-link (link to .)
Installing range_to_lidar script to /home/will/Crazyflie_WeBots_SLAM/install/crazyflie_ros2_scan/lib/crazyflie_ros2_scan

Installed /home/will/Crazyflie_WeBots_SLAM/build/crazyflie_ros2_scan
running install_data
creating /home/will/Crazyflie_WeBots_SLAM/install/crazyflie_ros2_scan/share/ament_index
creating /home/will/Crazyflie_WeBots_SLAM/install/crazyflie_ros2_scan/share/ament_index/resource_index
creating /home/will/Crazyflie_WeBots_SLAM/install/crazyflie_ros2_scan/share/ament_index/resource_index/packages
copying resource/crazyflie_ros2_scan -> /home/will/Crazyflie_WeBots_SLAM/install/crazyflie_ros2_scan/share/ament_index/resource_index/packages
copying package.xml -> /home/will/Crazyflie_WeBots_SLAM/install/crazyflie_ros2_scan/share/crazyflie_ros2_scan
